2020/06/10 +08:00 15:07:02     [13664] Enterprise.Framework.Log.LogUtil.ErrorLog(:0) Enterprise.Framework.Log.LogUtil.ErrorLog(:0) [(null)] - 调用的目标发生了异常。 e 
System.Reflection.TargetInvocationException: 调用的目标发生了异常。 ---> Microsoft.JScript.JScriptException: 无效字符
   在 Microsoft.JScript.DocumentContext.HandleError(JScriptException error)
   在 Microsoft.JScript.Context.HandleError(JSError errorId, String message, Boolean treatAsError)
   在 Microsoft.JScript.Context.HandleError(JSError errorId)
   在 Microsoft.JScript.JSScanner.GetNextToken()
   在 Microsoft.JScript.JSParser.GetNextToken()
   在 Microsoft.JScript.JSParser.ParseLeftHandSideExpression(Boolean isMinus, Boolean& canBeAttribute, Boolean warnForKeyword)
   在 Microsoft.JScript.JSParser.ParseUnaryExpression(Boolean& isLeftHandSideExpr, Boolean& canBeAttribute, Boolean isMinus, Boolean warnForKeyword)
   在 Microsoft.JScript.JSParser.ParseExpression(AST leftHandSide, Boolean single, Boolean bCanAssign, JSToken inToken)
   在 Microsoft.JScript.JSParser.ParseExpression()
   在 Microsoft.JScript.JSParser.ParseLeftHandSideExpression(Boolean isMinus, Boolean& canBeAttribute, Boolean warnForKeyword)
   在 Microsoft.JScript.JSParser.ParseUnaryExpression(Boolean& isLeftHandSideExpr, Boolean& canBeAttribute, Boolean isMinus, Boolean warnForKeyword)
   在 Microsoft.JScript.JSParser.ParseExpression(AST leftHandSide, Boolean single, Boolean bCanAssign, JSToken inToken)
   在 Microsoft.JScript.JSParser.ParseStatement()
   在 Microsoft.JScript.JSParser.ParseStatements(Boolean insideEval)
   在 Microsoft.JScript.Eval.DoEvaluate(Object source, VsaEngine engine, Boolean isUnsafe)
   在 Microsoft.JScript.Eval.JScriptEvaluate(Object source, Object unsafeOption, VsaEngine engine)
   在 Evaluator.Eval(String expr)
   --- 内部异常堆栈跟踪的结尾 ---
   在 System.RuntimeMethodHandle.InvokeMethod(Object target, Object[] arguments, Signature sig, Boolean constructor)
   在 System.Reflection.RuntimeMethodInfo.UnsafeInvokeInternal(Object obj, Object[] parameters, Object[] arguments)
   在 System.Reflection.RuntimeMethodInfo.Invoke(Object obj, BindingFlags invokeAttr, Binder binder, Object[] parameters, CultureInfo culture)
   在 System.RuntimeType.InvokeMember(String name, BindingFlags bindingFlags, Binder binder, Object target, Object[] providedArgs, ParameterModifier[] modifiers, CultureInfo culture, String[] namedParams)
   在 System.Type.InvokeMember(String name, BindingFlags invokeAttr, Binder binder, Object target, Object[] args)
   在 Enterprise.IIS.Common.FormulaCalculator.Eval(String statement) 位置 h:\ffqserp\trunk\application\Enterprise.IIS\Common\FormulaCalculator.cs:行号 19
   在 Enterprise.IIS.business.TubeSales.D.SubmintEdit() 位置 h:\ffqserp\trunk\application\Enterprise.IIS\business\TubeSales\D.aspx.cs:行号 311
2020/06/10 +08:00 15:10:33     [21288] Enterprise.Framework.Log.LogUtil.ErrorLog(:0) Enterprise.Framework.Log.LogUtil.ErrorLog(:0) [(null)] - 调用的目标发生了异常。 e 
System.Reflection.TargetInvocationException: 调用的目标发生了异常。 ---> Microsoft.JScript.JScriptException: 无效字符
   在 Microsoft.JScript.DocumentContext.HandleError(JScriptException error)
   在 Microsoft.JScript.Context.HandleError(JSError errorId, String message, Boolean treatAsError)
   在 Microsoft.JScript.Context.HandleError(JSError errorId)
   在 Microsoft.JScript.JSScanner.HandleError(JSError error)
   在 Microsoft.JScript.JSScanner.GetNextToken()
   在 Microsoft.JScript.JSParser.GetNextToken()
   在 Microsoft.JScript.JSParser.ParseLeftHandSideExpression(Boolean isMinus, Boolean& canBeAttribute, Boolean warnForKeyword)
   在 Microsoft.JScript.JSParser.ParseUnaryExpression(Boolean& isLeftHandSideExpr, Boolean& canBeAttribute, Boolean isMinus, Boolean warnForKeyword)
   在 Microsoft.JScript.JSParser.ParseUnaryExpression(Boolean& isLeftHandSideExpr, Boolean isMinus)
   在 Microsoft.JScript.JSParser.ParseExpression(AST leftHandSide, Boolean single, Boolean bCanAssign, JSToken inToken)
   在 Microsoft.JScript.JSParser.ParseExpression()
   在 Microsoft.JScript.JSParser.ParseLeftHandSideExpression(Boolean isMinus, Boolean& canBeAttribute, Boolean warnForKeyword)
   在 Microsoft.JScript.JSParser.ParseUnaryExpression(Boolean& isLeftHandSideExpr, Boolean& canBeAttribute, Boolean isMinus, Boolean warnForKeyword)
   在 Microsoft.JScript.JSParser.ParseUnaryExpression(Boolean& isLeftHandSideExpr, Boolean isMinus)
   在 Microsoft.JScript.JSParser.ParseExpression(AST leftHandSide, Boolean single, Boolean bCanAssign, JSToken inToken)
   在 Microsoft.JScript.JSParser.ParseStatement()
   在 Microsoft.JScript.JSParser.ParseStatements(Boolean insideEval)
   在 Microsoft.JScript.JSParser.ParseEvalBody()
   在 Microsoft.JScript.Eval.DoEvaluate(Object source, VsaEngine engine, Boolean isUnsafe)
   在 Microsoft.JScript.Eval.JScriptEvaluate(Object source, Object unsafeOption, VsaEngine engine)
   在 Evaluator.Eval(String expr)
   --- 内部异常堆栈跟踪的结尾 ---
   在 System.RuntimeMethodHandle.InvokeMethod(Object target, Object[] arguments, Signature sig, Boolean constructor)
   在 System.Reflection.RuntimeMethodInfo.UnsafeInvokeInternal(Object obj, Object[] parameters, Object[] arguments)
   在 System.Reflection.RuntimeMethodInfo.Invoke(Object obj, BindingFlags invokeAttr, Binder binder, Object[] parameters, CultureInfo culture)
   在 System.RuntimeType.InvokeMember(String name, BindingFlags bindingFlags, Binder binder, Object target, Object[] providedArgs, ParameterModifier[] modifiers, CultureInfo culture, String[] namedParams)
   在 System.Type.InvokeMember(String name, BindingFlags invokeAttr, Binder binder, Object target, Object[] args)
   在 Enterprise.IIS.Common.FormulaCalculator.Eval(String statement) 位置 h:\ffqserp\trunk\application\Enterprise.IIS\Common\FormulaCalculator.cs:行号 19
   在 Enterprise.IIS.business.TubeSales.D.SubmintEdit() 位置 h:\ffqserp\trunk\application\Enterprise.IIS\business\TubeSales\D.aspx.cs:行号 311
2020/06/10 +08:00 15:13:55     [11164] Enterprise.Framework.Log.LogUtil.ErrorLog(:0) Enterprise.Framework.Log.LogUtil.ErrorLog(:0) [(null)] - 调用的目标发生了异常。 e 
System.Reflection.TargetInvocationException: 调用的目标发生了异常。 ---> Microsoft.JScript.JScriptException: 无效字符
   在 Microsoft.JScript.DocumentContext.HandleError(JScriptException error)
   在 Microsoft.JScript.Context.HandleError(JSError errorId, String message, Boolean treatAsError)
   在 Microsoft.JScript.Context.HandleError(JSError errorId)
   在 Microsoft.JScript.JSScanner.HandleError(JSError error)
   在 Microsoft.JScript.JSScanner.GetNextToken()
   在 Microsoft.JScript.JSParser.GetNextToken()
   在 Microsoft.JScript.JSParser.ParseLeftHandSideExpression(Boolean isMinus, Boolean& canBeAttribute, Boolean warnForKeyword)
   在 Microsoft.JScript.JSParser.ParseUnaryExpression(Boolean& isLeftHandSideExpr, Boolean& canBeAttribute, Boolean isMinus, Boolean warnForKeyword)
   在 Microsoft.JScript.JSParser.ParseUnaryExpression(Boolean& isLeftHandSideExpr, Boolean isMinus)
   在 Microsoft.JScript.JSParser.ParseExpression(AST leftHandSide, Boolean single, Boolean bCanAssign, JSToken inToken)
   在 Microsoft.JScript.JSParser.ParseExpression()
   在 Microsoft.JScript.JSParser.ParseLeftHandSideExpression(Boolean isMinus, Boolean& canBeAttribute, Boolean warnForKeyword)
   在 Microsoft.JScript.JSParser.ParseUnaryExpression(Boolean& isLeftHandSideExpr, Boolean& canBeAttribute, Boolean isMinus, Boolean warnForKeyword)
   在 Microsoft.JScript.JSParser.ParseUnaryExpression(Boolean& isLeftHandSideExpr, Boolean isMinus)
   在 Microsoft.JScript.JSParser.ParseExpression(AST leftHandSide, Boolean single, Boolean bCanAssign, JSToken inToken)
   在 Microsoft.JScript.JSParser.ParseStatement()
   在 Microsoft.JScript.JSParser.ParseStatements(Boolean insideEval)
   在 Microsoft.JScript.JSParser.ParseEvalBody()
   在 Microsoft.JScript.Eval.DoEvaluate(Object source, VsaEngine engine, Boolean isUnsafe)
   在 Microsoft.JScript.Eval.JScriptEvaluate(Object source, Object unsafeOption, VsaEngine engine)
   在 Evaluator.Eval(String expr)
   --- 内部异常堆栈跟踪的结尾 ---
   在 System.RuntimeMethodHandle.InvokeMethod(Object target, Object[] arguments, Signature sig, Boolean constructor)
   在 System.Reflection.RuntimeMethodInfo.UnsafeInvokeInternal(Object obj, Object[] parameters, Object[] arguments)
   在 System.Reflection.RuntimeMethodInfo.Invoke(Object obj, BindingFlags invokeAttr, Binder binder, Object[] parameters, CultureInfo culture)
   在 System.RuntimeType.InvokeMember(String name, BindingFlags bindingFlags, Binder binder, Object target, Object[] providedArgs, ParameterModifier[] modifiers, CultureInfo culture, String[] namedParams)
   在 System.Type.InvokeMember(String name, BindingFlags invokeAttr, Binder binder, Object target, Object[] args)
   在 Enterprise.IIS.Common.FormulaCalculator.Eval(String statement) 位置 h:\ffqserp\trunk\application\Enterprise.IIS\Common\FormulaCalculator.cs:行号 19
   在 Enterprise.IIS.business.TubeSales.D.SubmintEdit() 位置 h:\ffqserp\trunk\application\Enterprise.IIS\business\TubeSales\D.aspx.cs:行号 311
2020/06/10 +08:00 15:13:55     [11164] Enterprise.Framework.Log.LogUtil.ErrorLog(:0) Enterprise.Framework.Log.LogUtil.ErrorLog(:0) [(null)] - 调用的目标发生了异常。 e 
System.Reflection.TargetInvocationException: 调用的目标发生了异常。 ---> Microsoft.JScript.JScriptException: 无效字符
   在 Microsoft.JScript.DocumentContext.HandleError(JScriptException error)
   在 Microsoft.JScript.Context.HandleError(JSError errorId, String message, Boolean treatAsError)
   在 Microsoft.JScript.Context.HandleError(JSError errorId)
   在 Microsoft.JScript.JSScanner.HandleError(JSError error)
   在 Microsoft.JScript.JSScanner.GetNextToken()
   在 Microsoft.JScript.JSParser.GetNextToken()
   在 Microsoft.JScript.JSParser.ParseLeftHandSideExpression(Boolean isMinus, Boolean& canBeAttribute, Boolean warnForKeyword)
   在 Microsoft.JScript.JSParser.ParseUnaryExpression(Boolean& isLeftHandSideExpr, Boolean& canBeAttribute, Boolean isMinus, Boolean warnForKeyword)
   在 Microsoft.JScript.JSParser.ParseUnaryExpression(Boolean& isLeftHandSideExpr, Boolean isMinus)
   在 Microsoft.JScript.JSParser.ParseExpression(AST leftHandSide, Boolean single, Boolean bCanAssign, JSToken inToken)
   在 Microsoft.JScript.JSParser.ParseExpression()
   在 Microsoft.JScript.JSParser.ParseLeftHandSideExpression(Boolean isMinus, Boolean& canBeAttribute, Boolean warnForKeyword)
   在 Microsoft.JScript.JSParser.ParseUnaryExpression(Boolean& isLeftHandSideExpr, Boolean& canBeAttribute, Boolean isMinus, Boolean warnForKeyword)
   在 Microsoft.JScript.JSParser.ParseUnaryExpression(Boolean& isLeftHandSideExpr, Boolean isMinus)
   在 Microsoft.JScript.JSParser.ParseExpression(AST leftHandSide, Boolean single, Boolean bCanAssign, JSToken inToken)
   在 Microsoft.JScript.JSParser.ParseStatement()
   在 Microsoft.JScript.JSParser.ParseStatements(Boolean insideEval)
   在 Microsoft.JScript.JSParser.ParseEvalBody()
   在 Microsoft.JScript.Eval.DoEvaluate(Object source, VsaEngine engine, Boolean isUnsafe)
   在 Microsoft.JScript.Eval.JScriptEvaluate(Object source, Object unsafeOption, VsaEngine engine)
   在 Evaluator.Eval(String expr)
   --- 内部异常堆栈跟踪的结尾 ---
   在 System.RuntimeMethodHandle.InvokeMethod(Object target, Object[] arguments, Signature sig, Boolean constructor)
   在 System.Reflection.RuntimeMethodInfo.UnsafeInvokeInternal(Object obj, Object[] parameters, Object[] arguments)
   在 System.Reflection.RuntimeMethodInfo.Invoke(Object obj, BindingFlags invokeAttr, Binder binder, Object[] parameters, CultureInfo culture)
   在 System.RuntimeType.InvokeMember(String name, BindingFlags bindingFlags, Binder binder, Object target, Object[] providedArgs, ParameterModifier[] modifiers, CultureInfo culture, String[] namedParams)
   在 System.Type.InvokeMember(String name, BindingFlags invokeAttr, Binder binder, Object target, Object[] args)
   在 Enterprise.IIS.Common.FormulaCalculator.Eval(String statement) 位置 h:\ffqserp\trunk\application\Enterprise.IIS\Common\FormulaCalculator.cs:行号 19
   在 Enterprise.IIS.business.TubeSales.D.SubmintEdit() 位置 h:\ffqserp\trunk\application\Enterprise.IIS\business\TubeSales\D.aspx.cs:行号 311
2020/06/10 +08:00 15:16:54     [19516] Enterprise.Framework.Log.LogUtil.ErrorLog(:0) Enterprise.Framework.Log.LogUtil.ErrorLog(:0) [(null)] - 调用的目标发生了异常。 e 
System.Reflection.TargetInvocationException: 调用的目标发生了异常。 ---> Microsoft.JScript.JScriptException: 无效字符
   在 Microsoft.JScript.DocumentContext.HandleError(JScriptException error)
   在 Microsoft.JScript.Context.HandleError(JSError errorId, String message, Boolean treatAsError)
   在 Microsoft.JScript.Context.HandleError(JSError errorId)
   在 Microsoft.JScript.JSScanner.GetNextToken()
   在 Microsoft.JScript.JSParser.GetNextToken()
   在 Microsoft.JScript.JSParser.ParseLeftHandSideExpression(Boolean isMinus, Boolean& canBeAttribute, Boolean warnForKeyword)
   在 Microsoft.JScript.JSParser.ParseUnaryExpression(Boolean& isLeftHandSideExpr, Boolean& canBeAttribute, Boolean isMinus, Boolean warnForKeyword)
   在 Microsoft.JScript.JSParser.ParseExpression(AST leftHandSide, Boolean single, Boolean bCanAssign, JSToken inToken)
   在 Microsoft.JScript.JSParser.ParseExpression()
   在 Microsoft.JScript.JSParser.ParseLeftHandSideExpression(Boolean isMinus, Boolean& canBeAttribute, Boolean warnForKeyword)
   在 Microsoft.JScript.JSParser.ParseUnaryExpression(Boolean& isLeftHandSideExpr, Boolean& canBeAttribute, Boolean isMinus, Boolean warnForKeyword)
   在 Microsoft.JScript.JSParser.ParseExpression(AST leftHandSide, Boolean single, Boolean bCanAssign, JSToken inToken)
   在 Microsoft.JScript.JSParser.ParseStatement()
   在 Microsoft.JScript.JSParser.ParseStatements(Boolean insideEval)
   在 Microsoft.JScript.Eval.DoEvaluate(Object source, VsaEngine engine, Boolean isUnsafe)
   在 Microsoft.JScript.Eval.JScriptEvaluate(Object source, Object unsafeOption, VsaEngine engine)
   在 Evaluator.Eval(String expr)
   --- 内部异常堆栈跟踪的结尾 ---
   在 System.RuntimeMethodHandle.InvokeMethod(Object target, Object[] arguments, Signature sig, Boolean constructor)
   在 System.Reflection.RuntimeMethodInfo.UnsafeInvokeInternal(Object obj, Object[] parameters, Object[] arguments)
   在 System.Reflection.RuntimeMethodInfo.Invoke(Object obj, BindingFlags invokeAttr, Binder binder, Object[] parameters, CultureInfo culture)
   在 System.RuntimeType.InvokeMember(String name, BindingFlags bindingFlags, Binder binder, Object target, Object[] providedArgs, ParameterModifier[] modifiers, CultureInfo culture, String[] namedParams)
   在 System.Type.InvokeMember(String name, BindingFlags invokeAttr, Binder binder, Object target, Object[] args)
   在 Enterprise.IIS.Common.FormulaCalculator.Eval(String statement) 位置 h:\ffqserp\trunk\application\Enterprise.IIS\Common\FormulaCalculator.cs:行号 19
   在 Enterprise.IIS.business.TubeSales.D.SubmintEdit() 位置 h:\ffqserp\trunk\application\Enterprise.IIS\business\TubeSales\D.aspx.cs:行号 311
2020/06/10 +08:00 15:21:37     [19692] Enterprise.Framework.Log.LogUtil.ErrorLog(:0) Enterprise.Framework.Log.LogUtil.ErrorLog(:0) [(null)] - 调用的目标发生了异常。 e 
System.Reflection.TargetInvocationException: 调用的目标发生了异常。 ---> Microsoft.JScript.JScriptException: 无效字符
   在 Microsoft.JScript.DocumentContext.HandleError(JScriptException error)
   在 Microsoft.JScript.Context.HandleError(JSError errorId, String message, Boolean treatAsError)
   在 Microsoft.JScript.Context.HandleError(JSError errorId)
   在 Microsoft.JScript.JSScanner.HandleError(JSError error)
   在 Microsoft.JScript.JSScanner.GetNextToken()
   在 Microsoft.JScript.JSParser.GetNextToken()
   在 Microsoft.JScript.JSParser.ParseLeftHandSideExpression(Boolean isMinus, Boolean& canBeAttribute, Boolean warnForKeyword)
   在 Microsoft.JScript.JSParser.ParseUnaryExpression(Boolean& isLeftHandSideExpr, Boolean& canBeAttribute, Boolean isMinus, Boolean warnForKeyword)
   在 Microsoft.JScript.JSParser.ParseUnaryExpression(Boolean& isLeftHandSideExpr, Boolean isMinus)
   在 Microsoft.JScript.JSParser.ParseExpression(AST leftHandSide, Boolean single, Boolean bCanAssign, JSToken inToken)
   在 Microsoft.JScript.JSParser.ParseExpression()
   在 Microsoft.JScript.JSParser.ParseLeftHandSideExpression(Boolean isMinus, Boolean& canBeAttribute, Boolean warnForKeyword)
   在 Microsoft.JScript.JSParser.ParseUnaryExpression(Boolean& isLeftHandSideExpr, Boolean& canBeAttribute, Boolean isMinus, Boolean warnForKeyword)
   在 Microsoft.JScript.JSParser.ParseUnaryExpression(Boolean& isLeftHandSideExpr, Boolean isMinus)
   在 Microsoft.JScript.JSParser.ParseExpression(AST leftHandSide, Boolean single, Boolean bCanAssign, JSToken inToken)
   在 Microsoft.JScript.JSParser.ParseStatement()
   在 Microsoft.JScript.JSParser.ParseStatements(Boolean insideEval)
   在 Microsoft.JScript.JSParser.ParseEvalBody()
   在 Microsoft.JScript.Eval.DoEvaluate(Object source, VsaEngine engine, Boolean isUnsafe)
   在 Microsoft.JScript.Eval.JScriptEvaluate(Object source, Object unsafeOption, VsaEngine engine)
   在 Evaluator.Eval(String expr)
   --- 内部异常堆栈跟踪的结尾 ---
   在 System.RuntimeMethodHandle.InvokeMethod(Object target, Object[] arguments, Signature sig, Boolean constructor)
   在 System.Reflection.RuntimeMethodInfo.UnsafeInvokeInternal(Object obj, Object[] parameters, Object[] arguments)
   在 System.Reflection.RuntimeMethodInfo.Invoke(Object obj, BindingFlags invokeAttr, Binder binder, Object[] parameters, CultureInfo culture)
   在 System.RuntimeType.InvokeMember(String name, BindingFlags bindingFlags, Binder binder, Object target, Object[] providedArgs, ParameterModifier[] modifiers, CultureInfo culture, String[] namedParams)
   在 System.Type.InvokeMember(String name, BindingFlags invokeAttr, Binder binder, Object target, Object[] args)
   在 Enterprise.IIS.Common.FormulaCalculator.Eval(String statement) 位置 h:\ffqserp\trunk\application\Enterprise.IIS\Common\FormulaCalculator.cs:行号 19
   在 Enterprise.IIS.business.TubeSales.D.SubmintEdit() 位置 h:\ffqserp\trunk\application\Enterprise.IIS\business\TubeSales\D.aspx.cs:行号 311
