2019/07/16 +08:00 13:35:03     [21560] Enterprise.Framework.Log.LogUtil.ErrorLog(:0) Enterprise.Framework.Log.LogUtil.ErrorLog(:0) [(null)] - 
错误开始===========================================
客户机IP:::1
错误地址:http://localhost:19008/business/DispatchAudit/Index.aspx
异常信息:引发类型为“System.Web.HttpUnhandledException”的异常。
错误结束=========================================== e 
System.Web.HttpUnhandledException (0x80004005): 引发类型为“System.Web.HttpUnhandledException”的异常。 ---> System.Exception: Region control must be included in RegionPanel control.
   在 FineUI.Region.OnInit(EventArgs e)
   在 System.Web.UI.Control.InitRecursive(Control namingContainer)
   在 System.Web.UI.Control.InitRecursive(Control namingContainer)
   在 System.Web.UI.Control.InitRecursive(Control namingContainer)
   在 System.Web.UI.Control.InitRecursive(Control namingContainer)
   在 System.Web.UI.Control.InitRecursive(Control namingContainer)
   在 System.Web.UI.Page.ProcessRequestMain(Boolean includeStagesBeforeAsyncPoint, Boolean includeStagesAfterAsyncPoint)
   在 System.Web.UI.Page.HandleError(Exception e)
   在 System.Web.UI.Page.ProcessRequestMain(Boolean includeStagesBeforeAsyncPoint, Boolean includeStagesAfterAsyncPoint)
   在 System.Web.UI.Page.ProcessRequest(Boolean includeStagesBeforeAsyncPoint, Boolean includeStagesAfterAsyncPoint)
   在 System.Web.UI.Page.ProcessRequest()
   在 System.Web.UI.Page.ProcessRequestWithNoAssert(HttpContext context)
   在 System.Web.UI.Page.ProcessRequest(HttpContext context)
   在 ASP.business_dispatchaudit_index_aspx.ProcessRequest(HttpContext context) 位置 c:\Windows\Microsoft.NET\Framework\v4.0.30319\Temporary ASP.NET Files\vs\acc0e68d\f6fd98d3\App_Web_xk52nseu.0.cs:行号 0
   在 System.Web.HttpApplication.CallHandlerExecutionStep.System.Web.HttpApplication.IExecutionStep.Execute()
   在 System.Web.HttpApplication.ExecuteStepImpl(IExecutionStep step)
   在 System.Web.HttpApplication.ExecuteStep(IExecutionStep step, Boolean& completedSynchronously)
2019/07/16 +08:00 13:35:05     [21560] Enterprise.Framework.Log.LogUtil.ErrorLog(:0) Enterprise.Framework.Log.LogUtil.ErrorLog(:0) [(null)] - Region control must be included in RegionPanel control. e 
System.Exception: Region control must be included in RegionPanel control.
   在 FineUI.Region.OnInit(EventArgs e)
   在 System.Web.UI.Control.InitRecursive(Control namingContainer)
   在 System.Web.UI.Control.InitRecursive(Control namingContainer)
   在 System.Web.UI.Control.InitRecursive(Control namingContainer)
   在 System.Web.UI.Control.InitRecursive(Control namingContainer)
   在 System.Web.UI.Control.InitRecursive(Control namingContainer)
   在 System.Web.UI.Page.ProcessRequestMain(Boolean includeStagesBeforeAsyncPoint, Boolean includeStagesAfterAsyncPoint)
2019/07/16 +08:00 13:36:48     [18112] Enterprise.Framework.Log.LogUtil.ErrorLog(:0) Enterprise.Framework.Log.LogUtil.ErrorLog(:0) [(null)] - 
错误开始===========================================
客户机IP:::1
错误地址:http://localhost:19008/business/DispatchAudit/Index.aspx
异常信息:类型“FineUI.RegionPanel”不具有名为“Region”的公共属性。
错误结束=========================================== e 
System.Web.HttpParseException (0x80004005): 类型“FineUI.RegionPanel”不具有名为“Region”的公共属性。 ---> System.Web.HttpParseException (0x80004005): 类型“FineUI.RegionPanel”不具有名为“Region”的公共属性。 ---> System.Web.HttpException (0x80004005): 类型“FineUI.RegionPanel”不具有名为“Region”的公共属性。
   在 System.Web.UI.ControlBuilder.GetChildPropertyBuilder(String tagName, IDictionary attribs, Type& childType, TemplateParser templateParser, Boolean defaultProperty)
   在 System.Web.UI.ControlBuilder.CreateChildBuilder(String filter, String tagName, IDictionary attribs, TemplateParser parser, ControlBuilder parentBuilder, String id, Int32 line, VirtualPath virtualPath, Type& childType, Boolean defaultProperty)
   在 System.Web.UI.TemplateParser.ProcessBeginTag(Match match, String inputText)
   在 System.Web.UI.TemplateParser.ParseStringInternal(String text, Encoding fileEncoding)
   在 System.Web.UI.TemplateParser.ProcessException(Exception ex)
   在 System.Web.UI.TemplateParser.ParseStringInternal(String text, Encoding fileEncoding)
   在 System.Web.UI.TemplateParser.ParseString(String text, VirtualPath virtualPath, Encoding fileEncoding)
   在 System.Web.UI.TemplateParser.ParseString(String text, VirtualPath virtualPath, Encoding fileEncoding)
   在 System.Web.UI.TemplateParser.ParseFile(String physicalPath, VirtualPath virtualPath)
   在 System.Web.UI.TemplateParser.ParseInternal()
   在 System.Web.UI.TemplateParser.Parse()
   在 System.Web.Compilation.BaseTemplateBuildProvider.get_CodeCompilerType()
   在 System.Web.Compilation.BuildProvider.GetCompilerTypeFromBuildProvider(BuildProvider buildProvider)
   在 System.Web.Compilation.BuildProvidersCompiler.ProcessBuildProviders()
   在 System.Web.Compilation.BuildProvidersCompiler.PerformBuild()
   在 System.Web.Compilation.BuildManager.CompileWebFile(VirtualPath virtualPath)
   在 System.Web.Compilation.BuildManager.GetVPathBuildResultInternal(VirtualPath virtualPath, Boolean noBuild, Boolean allowCrossApp, Boolean allowBuildInPrecompile, Boolean throwIfNotFound, Boolean ensureIsUpToDate)
   在 System.Web.Compilation.BuildManager.GetVPathBuildResultWithNoAssert(HttpContext context, VirtualPath virtualPath, Boolean noBuild, Boolean allowCrossApp, Boolean allowBuildInPrecompile, Boolean throwIfNotFound, Boolean ensureIsUpToDate)
   在 System.Web.Compilation.BuildManager.GetVirtualPathObjectFactory(VirtualPath virtualPath, HttpContext context, Boolean allowCrossApp, Boolean throwIfNotFound)
   在 System.Web.Compilation.BuildManager.CreateInstanceFromVirtualPath(VirtualPath virtualPath, Type requiredBaseType, HttpContext context, Boolean allowCrossApp)
   在 System.Web.UI.PageHandlerFactory.GetHandlerHelper(HttpContext context, String requestType, VirtualPath virtualPath, String physicalPath)
   在 System.Web.UI.PageHandlerFactory.GetHandler(HttpContext context, String requestType, String virtualPath, String path)
   在 System.Web.HttpApplication.MaterializeHandlerExecutionStep.System.Web.HttpApplication.IExecutionStep.Execute()
   在 System.Web.HttpApplication.ExecuteStepImpl(IExecutionStep step)
   在 System.Web.HttpApplication.ExecuteStep(IExecutionStep step, Boolean& completedSynchronously)
2019/07/16 +08:00 13:36:48     [18112] Enterprise.Framework.Log.LogUtil.ErrorLog(:0) Enterprise.Framework.Log.LogUtil.ErrorLog(:0) [(null)] - 类型“FineUI.RegionPanel”不具有名为“Region”的公共属性。 e 
System.Web.HttpException (0x80004005): 类型“FineUI.RegionPanel”不具有名为“Region”的公共属性。
   在 System.Web.UI.ControlBuilder.GetChildPropertyBuilder(String tagName, IDictionary attribs, Type& childType, TemplateParser templateParser, Boolean defaultProperty)
   在 System.Web.UI.ControlBuilder.CreateChildBuilder(String filter, String tagName, IDictionary attribs, TemplateParser parser, ControlBuilder parentBuilder, String id, Int32 line, VirtualPath virtualPath, Type& childType, Boolean defaultProperty)
   在 System.Web.UI.TemplateParser.ProcessBeginTag(Match match, String inputText)
   在 System.Web.UI.TemplateParser.ParseStringInternal(String text, Encoding fileEncoding)
