2019/05/23 +08:00 11:11:55     [21804] Enterprise.Framework.Log.LogUtil.ErrorLog(:0) Enterprise.Framework.Log.LogUtil.ErrorLog(:0) [(null)] - 
错误开始===========================================
客户机IP:::1
错误地址:http://localhost:19008/Business/Reports/primeCost.aspx
异常信息:引发类型为“System.Web.HttpUnhandledException”的异常。
错误结束=========================================== e 
System.Web.HttpUnhandledException (0x80004005): 引发类型为“System.Web.HttpUnhandledException”的异常。 ---> System.ArgumentException: 列“NH2”不属于表 Table。
   在 System.Data.DataRow.GetDataColumn(String columnName)
   在 System.Data.DataRow.set_Item(String columnName, Object value)
   在 Enterprise.IIS.business.Reports.primeCost.BindData() 位置 E:\ffqserp\trunk\application\Enterprise.IIS\business\Reports\primeCost.aspx.cs:行号 255
   在 Enterprise.IIS.business.Reports.primeCost.btnSearch_Click(Object sender, EventArgs e) 位置 E:\ffqserp\trunk\application\Enterprise.IIS\business\Reports\primeCost.aspx.cs:行号 266
   在 FineUI.Button.OnClick(EventArgs e)
   在 FineUI.Button.RaisePostBackEvent(String eventArgument)
   在 System.Web.UI.Page.RaisePostBackEvent(IPostBackEventHandler sourceControl, String eventArgument)
   在 System.Web.UI.Page.RaisePostBackEvent(NameValueCollection postData)
   在 System.Web.UI.Page.ProcessRequestMain(Boolean includeStagesBeforeAsyncPoint, Boolean includeStagesAfterAsyncPoint)
   在 System.Web.UI.Page.HandleError(Exception e)
   在 System.Web.UI.Page.ProcessRequestMain(Boolean includeStagesBeforeAsyncPoint, Boolean includeStagesAfterAsyncPoint)
   在 System.Web.UI.Page.ProcessRequest(Boolean includeStagesBeforeAsyncPoint, Boolean includeStagesAfterAsyncPoint)
   在 System.Web.UI.Page.ProcessRequest()
   在 System.Web.UI.Page.ProcessRequestWithNoAssert(HttpContext context)
   在 System.Web.UI.Page.ProcessRequest(HttpContext context)
   在 ASP.business_reports_primecost_aspx.ProcessRequest(HttpContext context) 位置 c:\Windows\Microsoft.NET\Framework\v4.0.30319\Temporary ASP.NET Files\vs\acc0e68d\f6fd98d3\App_Web_jtyo4dav.1.cs:行号 0
   在 System.Web.HttpApplication.CallHandlerExecutionStep.System.Web.HttpApplication.IExecutionStep.Execute()
   在 System.Web.HttpApplication.ExecuteStepImpl(IExecutionStep step)
   在 System.Web.HttpApplication.ExecuteStep(IExecutionStep step, Boolean& completedSynchronously)
2019/05/23 +08:00 11:11:56     [21804] Enterprise.Framework.Log.LogUtil.ErrorLog(:0) Enterprise.Framework.Log.LogUtil.ErrorLog(:0) [(null)] - 列“NH2”不属于表 Table。 e 
System.ArgumentException: 列“NH2”不属于表 Table。
   在 System.Data.DataRow.GetDataColumn(String columnName)
   在 System.Data.DataRow.set_Item(String columnName, Object value)
   在 Enterprise.IIS.business.Reports.primeCost.BindData() 位置 E:\ffqserp\trunk\application\Enterprise.IIS\business\Reports\primeCost.aspx.cs:行号 255
   在 Enterprise.IIS.business.Reports.primeCost.btnSearch_Click(Object sender, EventArgs e) 位置 E:\ffqserp\trunk\application\Enterprise.IIS\business\Reports\primeCost.aspx.cs:行号 266
   在 FineUI.Button.OnClick(EventArgs e)
   在 FineUI.Button.RaisePostBackEvent(String eventArgument)
   在 System.Web.UI.Page.RaisePostBackEvent(IPostBackEventHandler sourceControl, String eventArgument)
   在 System.Web.UI.Page.RaisePostBackEvent(NameValueCollection postData)
   在 System.Web.UI.Page.ProcessRequestMain(Boolean includeStagesBeforeAsyncPoint, Boolean includeStagesAfterAsyncPoint)
2019/05/23 +08:00 11:12:46     [4116] Enterprise.Framework.Log.LogUtil.ErrorLog(:0) Enterprise.Framework.Log.LogUtil.ErrorLog(:0) [(null)] - 
错误开始===========================================
客户机IP:::1
错误地址:http://localhost:19008/Business/Reports/primeCost.aspx
异常信息:引发类型为“System.Web.HttpUnhandledException”的异常。
错误结束=========================================== e 
System.Web.HttpUnhandledException (0x80004005): 引发类型为“System.Web.HttpUnhandledException”的异常。 ---> System.ArgumentException: 列“NHeH2”不属于表 Table。
   在 System.Data.DataRow.GetDataColumn(String columnName)
   在 System.Data.DataRow.set_Item(String columnName, Object value)
   在 Enterprise.IIS.business.Reports.primeCost.BindData() 位置 E:\ffqserp\trunk\application\Enterprise.IIS\business\Reports\primeCost.aspx.cs:行号 255
   在 Enterprise.IIS.business.Reports.primeCost.btnSearch_Click(Object sender, EventArgs e) 位置 E:\ffqserp\trunk\application\Enterprise.IIS\business\Reports\primeCost.aspx.cs:行号 266
   在 FineUI.Button.OnClick(EventArgs e)
   在 FineUI.Button.RaisePostBackEvent(String eventArgument)
   在 System.Web.UI.Page.RaisePostBackEvent(IPostBackEventHandler sourceControl, String eventArgument)
   在 System.Web.UI.Page.RaisePostBackEvent(NameValueCollection postData)
   在 System.Web.UI.Page.ProcessRequestMain(Boolean includeStagesBeforeAsyncPoint, Boolean includeStagesAfterAsyncPoint)
   在 System.Web.UI.Page.HandleError(Exception e)
   在 System.Web.UI.Page.ProcessRequestMain(Boolean includeStagesBeforeAsyncPoint, Boolean includeStagesAfterAsyncPoint)
   在 System.Web.UI.Page.ProcessRequest(Boolean includeStagesBeforeAsyncPoint, Boolean includeStagesAfterAsyncPoint)
   在 System.Web.UI.Page.ProcessRequest()
   在 System.Web.UI.Page.ProcessRequestWithNoAssert(HttpContext context)
   在 System.Web.UI.Page.ProcessRequest(HttpContext context)
   在 ASP.business_reports_primecost_aspx.ProcessRequest(HttpContext context) 位置 c:\Windows\Microsoft.NET\Framework\v4.0.30319\Temporary ASP.NET Files\vs\acc0e68d\f6fd98d3\App_Web_jtyo4dav.1.cs:行号 0
   在 System.Web.HttpApplication.CallHandlerExecutionStep.System.Web.HttpApplication.IExecutionStep.Execute()
   在 System.Web.HttpApplication.ExecuteStepImpl(IExecutionStep step)
   在 System.Web.HttpApplication.ExecuteStep(IExecutionStep step, Boolean& completedSynchronously)
2019/05/23 +08:00 11:12:46     [4116] Enterprise.Framework.Log.LogUtil.ErrorLog(:0) Enterprise.Framework.Log.LogUtil.ErrorLog(:0) [(null)] - 列“NHeH2”不属于表 Table。 e 
System.ArgumentException: 列“NHeH2”不属于表 Table。
   在 System.Data.DataRow.GetDataColumn(String columnName)
   在 System.Data.DataRow.set_Item(String columnName, Object value)
   在 Enterprise.IIS.business.Reports.primeCost.BindData() 位置 E:\ffqserp\trunk\application\Enterprise.IIS\business\Reports\primeCost.aspx.cs:行号 255
   在 Enterprise.IIS.business.Reports.primeCost.btnSearch_Click(Object sender, EventArgs e) 位置 E:\ffqserp\trunk\application\Enterprise.IIS\business\Reports\primeCost.aspx.cs:行号 266
   在 FineUI.Button.OnClick(EventArgs e)
   在 FineUI.Button.RaisePostBackEvent(String eventArgument)
   在 System.Web.UI.Page.RaisePostBackEvent(IPostBackEventHandler sourceControl, String eventArgument)
   在 System.Web.UI.Page.RaisePostBackEvent(NameValueCollection postData)
   在 System.Web.UI.Page.ProcessRequestMain(Boolean includeStagesBeforeAsyncPoint, Boolean includeStagesAfterAsyncPoint)
2019/05/23 +08:00 11:13:11     [18900] Enterprise.Framework.Log.LogUtil.ErrorLog(:0) Enterprise.Framework.Log.LogUtil.ErrorLog(:0) [(null)] - 
错误开始===========================================
客户机IP:::1
错误地址:http://localhost:19008/Business/Reports/primeCost.aspx
异常信息:引发类型为“System.Web.HttpUnhandledException”的异常。
错误结束=========================================== e 
System.Web.HttpUnhandledException (0x80004005): 引发类型为“System.Web.HttpUnhandledException”的异常。 ---> System.ArgumentException: 列“NHeH2”不属于表 Table。
   在 System.Data.DataRow.GetDataColumn(String columnName)
   在 System.Data.DataRow.set_Item(String columnName, Object value)
   在 Enterprise.IIS.business.Reports.primeCost.BindData() 位置 E:\ffqserp\trunk\application\Enterprise.IIS\business\Reports\primeCost.aspx.cs:行号 255
   在 Enterprise.IIS.business.Reports.primeCost.btnSearch_Click(Object sender, EventArgs e) 位置 E:\ffqserp\trunk\application\Enterprise.IIS\business\Reports\primeCost.aspx.cs:行号 266
   在 FineUI.Button.OnClick(EventArgs e)
   在 FineUI.Button.RaisePostBackEvent(String eventArgument)
   在 System.Web.UI.Page.RaisePostBackEvent(IPostBackEventHandler sourceControl, String eventArgument)
   在 System.Web.UI.Page.RaisePostBackEvent(NameValueCollection postData)
   在 System.Web.UI.Page.ProcessRequestMain(Boolean includeStagesBeforeAsyncPoint, Boolean includeStagesAfterAsyncPoint)
   在 System.Web.UI.Page.HandleError(Exception e)
   在 System.Web.UI.Page.ProcessRequestMain(Boolean includeStagesBeforeAsyncPoint, Boolean includeStagesAfterAsyncPoint)
   在 System.Web.UI.Page.ProcessRequest(Boolean includeStagesBeforeAsyncPoint, Boolean includeStagesAfterAsyncPoint)
   在 System.Web.UI.Page.ProcessRequest()
   在 System.Web.UI.Page.ProcessRequestWithNoAssert(HttpContext context)
   在 System.Web.UI.Page.ProcessRequest(HttpContext context)
   在 ASP.business_reports_primecost_aspx.ProcessRequest(HttpContext context) 位置 c:\Windows\Microsoft.NET\Framework\v4.0.30319\Temporary ASP.NET Files\vs\acc0e68d\f6fd98d3\App_Web_jtyo4dav.1.cs:行号 0
   在 System.Web.HttpApplication.CallHandlerExecutionStep.System.Web.HttpApplication.IExecutionStep.Execute()
   在 System.Web.HttpApplication.ExecuteStepImpl(IExecutionStep step)
   在 System.Web.HttpApplication.ExecuteStep(IExecutionStep step, Boolean& completedSynchronously)
2019/05/23 +08:00 11:13:11     [18900] Enterprise.Framework.Log.LogUtil.ErrorLog(:0) Enterprise.Framework.Log.LogUtil.ErrorLog(:0) [(null)] - 列“NHeH2”不属于表 Table。 e 
System.ArgumentException: 列“NHeH2”不属于表 Table。
   在 System.Data.DataRow.GetDataColumn(String columnName)
   在 System.Data.DataRow.set_Item(String columnName, Object value)
   在 Enterprise.IIS.business.Reports.primeCost.BindData() 位置 E:\ffqserp\trunk\application\Enterprise.IIS\business\Reports\primeCost.aspx.cs:行号 255
   在 Enterprise.IIS.business.Reports.primeCost.btnSearch_Click(Object sender, EventArgs e) 位置 E:\ffqserp\trunk\application\Enterprise.IIS\business\Reports\primeCost.aspx.cs:行号 266
   在 FineUI.Button.OnClick(EventArgs e)
   在 FineUI.Button.RaisePostBackEvent(String eventArgument)
   在 System.Web.UI.Page.RaisePostBackEvent(IPostBackEventHandler sourceControl, String eventArgument)
   在 System.Web.UI.Page.RaisePostBackEvent(NameValueCollection postData)
   在 System.Web.UI.Page.ProcessRequestMain(Boolean includeStagesBeforeAsyncPoint, Boolean includeStagesAfterAsyncPoint)
