2019/10/22 +08:00 15:34:23     [24848] Enterprise.Framework.Log.LogUtil.ErrorLog(:0) Enterprise.Framework.Log.LogUtil.ErrorLog(:0) [(null)] - 
错误开始===========================================
客户机IP:::1
错误地址:http://localhost:19008/business/Sales/Edit.aspx
异常信息:引发类型为“System.Web.HttpUnhandledException”的异常。
错误结束=========================================== e 
System.Web.HttpUnhandledException (0x80004005): 引发类型为“System.Web.HttpUnhandledException”的异常。 ---> System.ArgumentNullException: 值不能为 null。
参数名: String
   在 System.Number.StringToNumber(String str, NumberStyles options, NumberBuffer& number, NumberFormatInfo info, Boolean parseDecimal)
   在 System.Number.ParseInt32(String s, NumberStyles style, NumberFormatInfo info)
   在 System.Int32.Parse(String s)
   在 Enterprise.IIS.business.Sales.Edit.get_Actions() 位置 h:\ffqserp\trunk\application\Enterprise.IIS\business\Sales\Edit.aspx.cs:行号 253
   在 Enterprise.IIS.business.Sales.Edit.LoadData() 位置 h:\ffqserp\trunk\application\Enterprise.IIS\business\Sales\Edit.aspx.cs:行号 1445
   在 Enterprise.IIS.business.Sales.Edit.Page_Load(Object sender, EventArgs e) 位置 h:\ffqserp\trunk\application\Enterprise.IIS\business\Sales\Edit.aspx.cs:行号 273
   在 System.Web.Util.CalliEventHandlerDelegateProxy.Callback(Object sender, EventArgs e)
   在 System.Web.UI.Control.OnLoad(EventArgs e)
   在 System.Web.UI.Control.LoadRecursive()
   在 System.Web.UI.Page.ProcessRequestMain(Boolean includeStagesBeforeAsyncPoint, Boolean includeStagesAfterAsyncPoint)
   在 System.Web.UI.Page.HandleError(Exception e)
   在 System.Web.UI.Page.ProcessRequestMain(Boolean includeStagesBeforeAsyncPoint, Boolean includeStagesAfterAsyncPoint)
   在 System.Web.UI.Page.ProcessRequest(Boolean includeStagesBeforeAsyncPoint, Boolean includeStagesAfterAsyncPoint)
   在 System.Web.UI.Page.ProcessRequest()
   在 System.Web.UI.Page.ProcessRequestWithNoAssert(HttpContext context)
   在 System.Web.UI.Page.ProcessRequest(HttpContext context)
   在 ASP.business_sales_edit_aspx.ProcessRequest(HttpContext context) 位置 c:\Windows\Microsoft.NET\Framework\v4.0.30319\Temporary ASP.NET Files\vs\b3079d60\a8129d37\App_Web_spwj2kgi.0.cs:行号 0
   在 System.Web.HttpApplication.CallHandlerExecutionStep.System.Web.HttpApplication.IExecutionStep.Execute()
   在 System.Web.HttpApplication.ExecuteStepImpl(IExecutionStep step)
   在 System.Web.HttpApplication.ExecuteStep(IExecutionStep step, Boolean& completedSynchronously)
2019/10/22 +08:00 15:34:23     [24848] Enterprise.Framework.Log.LogUtil.ErrorLog(:0) Enterprise.Framework.Log.LogUtil.ErrorLog(:0) [(null)] - 值不能为 null。
参数名: String e 
System.ArgumentNullException: 值不能为 null。
参数名: String
   在 System.Number.StringToNumber(String str, NumberStyles options, NumberBuffer& number, NumberFormatInfo info, Boolean parseDecimal)
   在 System.Number.ParseInt32(String s, NumberStyles style, NumberFormatInfo info)
   在 System.Int32.Parse(String s)
   在 Enterprise.IIS.business.Sales.Edit.get_Actions() 位置 h:\ffqserp\trunk\application\Enterprise.IIS\business\Sales\Edit.aspx.cs:行号 253
   在 Enterprise.IIS.business.Sales.Edit.LoadData() 位置 h:\ffqserp\trunk\application\Enterprise.IIS\business\Sales\Edit.aspx.cs:行号 1445
   在 Enterprise.IIS.business.Sales.Edit.Page_Load(Object sender, EventArgs e) 位置 h:\ffqserp\trunk\application\Enterprise.IIS\business\Sales\Edit.aspx.cs:行号 273
   在 System.Web.Util.CalliEventHandlerDelegateProxy.Callback(Object sender, EventArgs e)
   在 System.Web.UI.Control.OnLoad(EventArgs e)
   在 System.Web.UI.Control.LoadRecursive()
   在 System.Web.UI.Page.ProcessRequestMain(Boolean includeStagesBeforeAsyncPoint, Boolean includeStagesAfterAsyncPoint)
2019/10/22 +08:00 15:49:12     [21268] Enterprise.Framework.Log.LogUtil.ErrorLog(:0) Enterprise.Framework.Log.LogUtil.ErrorLog(:0) [(null)] - 
错误开始===========================================
客户机IP:::1
错误地址:http://localhost:19008/Common/WinTask.aspx
异常信息:引发类型为“System.Web.HttpUnhandledException”的异常。
错误结束=========================================== e 
System.Web.HttpUnhandledException (0x80004005): 引发类型为“System.Web.HttpUnhandledException”的异常。 ---> System.NullReferenceException: 未将对象引用设置到对象的实例。
   在 Enterprise.IIS.Common.WinTask.BuildPredicate(Object& orderingSelector) 位置 h:\ffqserp\trunk\application\Enterprise.IIS\Common\WinTask.aspx.cs:行号 447
   在 Enterprise.IIS.Common.WinTask.BindDataGrid() 位置 h:\ffqserp\trunk\application\Enterprise.IIS\Common\WinTask.aspx.cs:行号 403
   在 Enterprise.IIS.Common.WinTask.Page_Load(Object sender, EventArgs e) 位置 h:\ffqserp\trunk\application\Enterprise.IIS\Common\WinTask.aspx.cs:行号 103
   在 System.Web.Util.CalliEventHandlerDelegateProxy.Callback(Object sender, EventArgs e)
   在 System.Web.UI.Control.OnLoad(EventArgs e)
   在 System.Web.UI.Control.LoadRecursive()
   在 System.Web.UI.Page.ProcessRequestMain(Boolean includeStagesBeforeAsyncPoint, Boolean includeStagesAfterAsyncPoint)
   在 System.Web.UI.Page.HandleError(Exception e)
   在 System.Web.UI.Page.ProcessRequestMain(Boolean includeStagesBeforeAsyncPoint, Boolean includeStagesAfterAsyncPoint)
   在 System.Web.UI.Page.ProcessRequest(Boolean includeStagesBeforeAsyncPoint, Boolean includeStagesAfterAsyncPoint)
   在 System.Web.UI.Page.ProcessRequest()
   在 System.Web.UI.Page.ProcessRequestWithNoAssert(HttpContext context)
   在 System.Web.UI.Page.ProcessRequest(HttpContext context)
   在 ASP.common_wintask_aspx.ProcessRequest(HttpContext context)
   在 System.Web.HttpApplication.CallHandlerExecutionStep.System.Web.HttpApplication.IExecutionStep.Execute()
   在 System.Web.HttpApplication.ExecuteStepImpl(IExecutionStep step)
   在 System.Web.HttpApplication.ExecuteStep(IExecutionStep step, Boolean& completedSynchronously)
2019/10/22 +08:00 15:49:12     [21268] Enterprise.Framework.Log.LogUtil.ErrorLog(:0) Enterprise.Framework.Log.LogUtil.ErrorLog(:0) [(null)] - 未将对象引用设置到对象的实例。 e 
System.NullReferenceException: 未将对象引用设置到对象的实例。
   在 Enterprise.IIS.Common.WinTask.BuildPredicate(Object& orderingSelector) 位置 h:\ffqserp\trunk\application\Enterprise.IIS\Common\WinTask.aspx.cs:行号 447
   在 Enterprise.IIS.Common.WinTask.BindDataGrid() 位置 h:\ffqserp\trunk\application\Enterprise.IIS\Common\WinTask.aspx.cs:行号 403
   在 Enterprise.IIS.Common.WinTask.Page_Load(Object sender, EventArgs e) 位置 h:\ffqserp\trunk\application\Enterprise.IIS\Common\WinTask.aspx.cs:行号 103
   在 System.Web.Util.CalliEventHandlerDelegateProxy.Callback(Object sender, EventArgs e)
   在 System.Web.UI.Control.OnLoad(EventArgs e)
   在 System.Web.UI.Control.LoadRecursive()
   在 System.Web.UI.Page.ProcessRequestMain(Boolean includeStagesBeforeAsyncPoint, Boolean includeStagesAfterAsyncPoint)
