2019/06/25 +08:00 10:42:25     [18884] Enterprise.Framework.Log.LogUtil.ErrorLog(:0) Enterprise.Framework.Log.LogUtil.ErrorLog(:0) [(null)] - 
错误开始===========================================
客户机IP:::1
错误地址:http://localhost:19008/business/StockIn/TubeSales/D.aspx?FId=60169&KeyId=TM-190625-0006&action=2&FCode=1
异常信息:文件“/business/StockIn/TubeSales/D.aspx”不存在。
错误结束=========================================== e 
System.Web.HttpException (0x80004005): 文件“/business/StockIn/TubeSales/D.aspx”不存在。
   在 System.Web.UI.Util.CheckVirtualFileExists(VirtualPath virtualPath)
   在 System.Web.Compilation.BuildManager.GetVPathBuildResultInternal(VirtualPath virtualPath, Boolean noBuild, Boolean allowCrossApp, Boolean allowBuildInPrecompile, Boolean throwIfNotFound, Boolean ensureIsUpToDate)
   在 System.Web.Compilation.BuildManager.GetVPathBuildResultWithNoAssert(HttpContext context, VirtualPath virtualPath, Boolean noBuild, Boolean allowCrossApp, Boolean allowBuildInPrecompile, Boolean throwIfNotFound, Boolean ensureIsUpToDate)
   在 System.Web.Compilation.BuildManager.GetVirtualPathObjectFactory(VirtualPath virtualPath, HttpContext context, Boolean allowCrossApp, Boolean throwIfNotFound)
   在 System.Web.Compilation.BuildManager.CreateInstanceFromVirtualPath(VirtualPath virtualPath, Type requiredBaseType, HttpContext context, Boolean allowCrossApp)
   在 System.Web.UI.PageHandlerFactory.GetHandlerHelper(HttpContext context, String requestType, VirtualPath virtualPath, String physicalPath)
   在 System.Web.UI.PageHandlerFactory.GetHandler(HttpContext context, String requestType, String virtualPath, String path)
   在 System.Web.HttpApplication.MaterializeHandlerExecutionStep.System.Web.HttpApplication.IExecutionStep.Execute()
   在 System.Web.HttpApplication.ExecuteStepImpl(IExecutionStep step)
   在 System.Web.HttpApplication.ExecuteStep(IExecutionStep step, Boolean& completedSynchronously)
2019/06/25 +08:00 10:42:26     [18884] Enterprise.Framework.Log.LogUtil.ErrorLog(:0) Enterprise.Framework.Log.LogUtil.ErrorLog(:0) [(null)] - 文件“/business/StockIn/TubeSales/D.aspx”不存在。 e 
System.Web.HttpException (0x80004005): 文件“/business/StockIn/TubeSales/D.aspx”不存在。
   在 System.Web.UI.Util.CheckVirtualFileExists(VirtualPath virtualPath)
   在 System.Web.Compilation.BuildManager.GetVPathBuildResultInternal(VirtualPath virtualPath, Boolean noBuild, Boolean allowCrossApp, Boolean allowBuildInPrecompile, Boolean throwIfNotFound, Boolean ensureIsUpToDate)
   在 System.Web.Compilation.BuildManager.GetVPathBuildResultWithNoAssert(HttpContext context, VirtualPath virtualPath, Boolean noBuild, Boolean allowCrossApp, Boolean allowBuildInPrecompile, Boolean throwIfNotFound, Boolean ensureIsUpToDate)
   在 System.Web.Compilation.BuildManager.GetVirtualPathObjectFactory(VirtualPath virtualPath, HttpContext context, Boolean allowCrossApp, Boolean throwIfNotFound)
   在 System.Web.Compilation.BuildManager.CreateInstanceFromVirtualPath(VirtualPath virtualPath, Type requiredBaseType, HttpContext context, Boolean allowCrossApp)
   在 System.Web.UI.PageHandlerFactory.GetHandlerHelper(HttpContext context, String requestType, VirtualPath virtualPath, String physicalPath)
   在 System.Web.UI.PageHandlerFactory.GetHandler(HttpContext context, String requestType, String virtualPath, String path)
   在 System.Web.HttpApplication.MaterializeHandlerExecutionStep.System.Web.HttpApplication.IExecutionStep.Execute()
   在 System.Web.HttpApplication.ExecuteStepImpl(IExecutionStep step)
   在 System.Web.HttpApplication.ExecuteStep(IExecutionStep step, Boolean& completedSynchronously)
2019/06/25 +08:00 10:45:34     [22388] Enterprise.Framework.Log.LogUtil.ErrorLog(:0) Enterprise.Framework.Log.LogUtil.ErrorLog(:0) [(null)] - 
错误开始===========================================
客户机IP:::1
错误地址:http://localhost:19008/business/TubeSales/D.aspx?FId=60170&KeyId=TM-190625-0007&action=2&FCode=1
异常信息:引发类型为“System.Web.HttpUnhandledException”的异常。
错误结束=========================================== e 
System.Web.HttpUnhandledException (0x80004005): 引发类型为“System.Web.HttpUnhandledException”的异常。 ---> System.NullReferenceException: 未将对象引用设置到对象的实例。
   在 Enterprise.IIS.business.TubeSales.D.LoadData() 位置 E:\ffqserp\trunk\application\Enterprise.IIS\business\TubeSales\D.aspx.cs:行号 387
   在 Enterprise.IIS.business.TubeSales.D.Page_Load(Object sender, EventArgs e) 位置 E:\ffqserp\trunk\application\Enterprise.IIS\business\TubeSales\D.aspx.cs:行号 145
   在 System.Web.Util.CalliEventHandlerDelegateProxy.Callback(Object sender, EventArgs e)
   在 System.Web.UI.Control.OnLoad(EventArgs e)
   在 System.Web.UI.Control.LoadRecursive()
   在 System.Web.UI.Page.ProcessRequestMain(Boolean includeStagesBeforeAsyncPoint, Boolean includeStagesAfterAsyncPoint)
   在 System.Web.UI.Page.HandleError(Exception e)
   在 System.Web.UI.Page.ProcessRequestMain(Boolean includeStagesBeforeAsyncPoint, Boolean includeStagesAfterAsyncPoint)
   在 System.Web.UI.Page.ProcessRequest(Boolean includeStagesBeforeAsyncPoint, Boolean includeStagesAfterAsyncPoint)
   在 System.Web.UI.Page.ProcessRequest()
   在 System.Web.UI.Page.ProcessRequestWithNoAssert(HttpContext context)
   在 System.Web.UI.Page.ProcessRequest(HttpContext context)
   在 ASP.business_tubesales_d_aspx.ProcessRequest(HttpContext context) 位置 c:\Windows\Microsoft.NET\Framework\v4.0.30319\Temporary ASP.NET Files\vs\acc0e68d\f6fd98d3\App_Web_kch1wmnc.3.cs:行号 0
   在 System.Web.HttpApplication.CallHandlerExecutionStep.System.Web.HttpApplication.IExecutionStep.Execute()
   在 System.Web.HttpApplication.ExecuteStepImpl(IExecutionStep step)
   在 System.Web.HttpApplication.ExecuteStep(IExecutionStep step, Boolean& completedSynchronously)
2019/06/25 +08:00 10:45:35     [22388] Enterprise.Framework.Log.LogUtil.ErrorLog(:0) Enterprise.Framework.Log.LogUtil.ErrorLog(:0) [(null)] - 未将对象引用设置到对象的实例。 e 
System.NullReferenceException: 未将对象引用设置到对象的实例。
   在 Enterprise.IIS.business.TubeSales.D.LoadData() 位置 E:\ffqserp\trunk\application\Enterprise.IIS\business\TubeSales\D.aspx.cs:行号 387
   在 Enterprise.IIS.business.TubeSales.D.Page_Load(Object sender, EventArgs e) 位置 E:\ffqserp\trunk\application\Enterprise.IIS\business\TubeSales\D.aspx.cs:行号 145
   在 System.Web.Util.CalliEventHandlerDelegateProxy.Callback(Object sender, EventArgs e)
   在 System.Web.UI.Control.OnLoad(EventArgs e)
   在 System.Web.UI.Control.LoadRecursive()
   在 System.Web.UI.Page.ProcessRequestMain(Boolean includeStagesBeforeAsyncPoint, Boolean includeStagesAfterAsyncPoint)
2019/06/25 +08:00 13:36:02     [10340] Enterprise.Framework.Log.LogUtil.ErrorLog(:0) Enterprise.Framework.Log.LogUtil.ErrorLog(:0) [(null)] - 
错误开始===========================================
客户机IP:::1
错误地址:http://localhost:19008/business/StockIn/D.aspx?FId=60172&KeyId=TM-190625-0009&action=1&FCode=1
异常信息:e:\ffqserp\trunk\application\Enterprise.IIS\business\StockIn\D.aspx(18): error CS1061: “ASP.business_stockin_d_aspx”不包含“btnSubmit_Click”的定义，并且找不到可接受类型为“ASP.business_stockin_d_aspx”的第一个参数的扩展方法“btnSubmit_Click”(是否缺少 using 指令或程序集引用?)
错误结束=========================================== e 
System.Web.HttpCompileException (0x80004005): e:\ffqserp\trunk\application\Enterprise.IIS\business\StockIn\D.aspx(18): error CS1061: “ASP.business_stockin_d_aspx”不包含“btnSubmit_Click”的定义，并且找不到可接受类型为“ASP.business_stockin_d_aspx”的第一个参数的扩展方法“btnSubmit_Click”(是否缺少 using 指令或程序集引用?)
   在 System.Web.Compilation.BuildManager.CompileWebFile(VirtualPath virtualPath)
   在 System.Web.Compilation.BuildManager.GetVPathBuildResultInternal(VirtualPath virtualPath, Boolean noBuild, Boolean allowCrossApp, Boolean allowBuildInPrecompile, Boolean throwIfNotFound, Boolean ensureIsUpToDate)
   在 System.Web.Compilation.BuildManager.GetVPathBuildResultWithNoAssert(HttpContext context, VirtualPath virtualPath, Boolean noBuild, Boolean allowCrossApp, Boolean allowBuildInPrecompile, Boolean throwIfNotFound, Boolean ensureIsUpToDate)
   在 System.Web.Compilation.BuildManager.GetVirtualPathObjectFactory(VirtualPath virtualPath, HttpContext context, Boolean allowCrossApp, Boolean throwIfNotFound)
   在 System.Web.Compilation.BuildManager.CreateInstanceFromVirtualPath(VirtualPath virtualPath, Type requiredBaseType, HttpContext context, Boolean allowCrossApp)
   在 System.Web.UI.PageHandlerFactory.GetHandlerHelper(HttpContext context, String requestType, VirtualPath virtualPath, String physicalPath)
   在 System.Web.UI.PageHandlerFactory.GetHandler(HttpContext context, String requestType, String virtualPath, String path)
   在 System.Web.HttpApplication.MaterializeHandlerExecutionStep.System.Web.HttpApplication.IExecutionStep.Execute()
   在 System.Web.HttpApplication.ExecuteStepImpl(IExecutionStep step)
   在 System.Web.HttpApplication.ExecuteStep(IExecutionStep step, Boolean& completedSynchronously)
2019/06/25 +08:00 13:36:02     [10340] Enterprise.Framework.Log.LogUtil.ErrorLog(:0) Enterprise.Framework.Log.LogUtil.ErrorLog(:0) [(null)] - e:\ffqserp\trunk\application\Enterprise.IIS\business\StockIn\D.aspx(18): error CS1061: “ASP.business_stockin_d_aspx”不包含“btnSubmit_Click”的定义，并且找不到可接受类型为“ASP.business_stockin_d_aspx”的第一个参数的扩展方法“btnSubmit_Click”(是否缺少 using 指令或程序集引用?) e 
System.Web.HttpCompileException (0x80004005): e:\ffqserp\trunk\application\Enterprise.IIS\business\StockIn\D.aspx(18): error CS1061: “ASP.business_stockin_d_aspx”不包含“btnSubmit_Click”的定义，并且找不到可接受类型为“ASP.business_stockin_d_aspx”的第一个参数的扩展方法“btnSubmit_Click”(是否缺少 using 指令或程序集引用?)
   在 System.Web.Compilation.BuildManager.CompileWebFile(VirtualPath virtualPath)
   在 System.Web.Compilation.BuildManager.GetVPathBuildResultInternal(VirtualPath virtualPath, Boolean noBuild, Boolean allowCrossApp, Boolean allowBuildInPrecompile, Boolean throwIfNotFound, Boolean ensureIsUpToDate)
   在 System.Web.Compilation.BuildManager.GetVPathBuildResultWithNoAssert(HttpContext context, VirtualPath virtualPath, Boolean noBuild, Boolean allowCrossApp, Boolean allowBuildInPrecompile, Boolean throwIfNotFound, Boolean ensureIsUpToDate)
   在 System.Web.Compilation.BuildManager.GetVirtualPathObjectFactory(VirtualPath virtualPath, HttpContext context, Boolean allowCrossApp, Boolean throwIfNotFound)
   在 System.Web.Compilation.BuildManager.CreateInstanceFromVirtualPath(VirtualPath virtualPath, Type requiredBaseType, HttpContext context, Boolean allowCrossApp)
   在 System.Web.UI.PageHandlerFactory.GetHandlerHelper(HttpContext context, String requestType, VirtualPath virtualPath, String physicalPath)
   在 System.Web.UI.PageHandlerFactory.GetHandler(HttpContext context, String requestType, String virtualPath, String path)
   在 System.Web.HttpApplication.MaterializeHandlerExecutionStep.System.Web.HttpApplication.IExecutionStep.Execute()
   在 System.Web.HttpApplication.ExecuteStepImpl(IExecutionStep step)
   在 System.Web.HttpApplication.ExecuteStep(IExecutionStep step, Boolean& completedSynchronously)
2019/06/25 +08:00 13:39:31     [22028] Enterprise.Framework.Log.LogUtil.ErrorLog(:0) Enterprise.Framework.Log.LogUtil.ErrorLog(:0) [(null)] - 
错误开始===========================================
客户机IP:::1
错误地址:http://localhost:19008/business/StockIn/Edit.aspx?action=1
异常信息:引发类型为“System.Web.HttpUnhandledException”的异常。
错误结束=========================================== e 
System.Web.HttpUnhandledException (0x80004005): 引发类型为“System.Web.HttpUnhandledException”的异常。 ---> Newtonsoft.Json.JsonReaderException: Unterminated string. Expected delimiter: ". Path 'RegionPanel1_Region1_RegionPanel2_Region4_Grid1_ctl08_tbxFBottle.F_Items[548][0]', line 1, position 32844.
   在 Newtonsoft.Json.JsonTextReader.ReadStringIntoBuffer(Char quote)
   在 Newtonsoft.Json.JsonTextReader.ParseString(Char quote)
   在 Newtonsoft.Json.JsonTextReader.ParseValue()
   在 Newtonsoft.Json.JsonTextReader.ReadInternal()
   在 Newtonsoft.Json.JsonTextReader.Read()
   在 Newtonsoft.Json.Linq.JContainer.ReadContentFrom(JsonReader r)
   在 Newtonsoft.Json.Linq.JContainer.ReadTokenFrom(JsonReader reader)
   在 Newtonsoft.Json.Linq.JObject.Load(JsonReader reader)
   在 Newtonsoft.Json.Linq.JObject.Parse(String json)
   在 FineUI.ResourceManager.get_PostBackStates()
   在 FineUI.ControlBase.get_PostBackState()
   在 FineUI.ControlBase.Page_InitComplete(Object sender, EventArgs e)
   在 System.EventHandler.Invoke(Object sender, EventArgs e)
   在 System.Web.UI.Page.OnInitComplete(EventArgs e)
   在 System.Web.UI.Page.ProcessRequestMain(Boolean includeStagesBeforeAsyncPoint, Boolean includeStagesAfterAsyncPoint)
   在 System.Web.UI.Page.HandleError(Exception e)
   在 System.Web.UI.Page.ProcessRequestMain(Boolean includeStagesBeforeAsyncPoint, Boolean includeStagesAfterAsyncPoint)
   在 System.Web.UI.Page.ProcessRequest(Boolean includeStagesBeforeAsyncPoint, Boolean includeStagesAfterAsyncPoint)
   在 System.Web.UI.Page.ProcessRequest()
   在 System.Web.UI.Page.ProcessRequestWithNoAssert(HttpContext context)
   在 System.Web.UI.Page.ProcessRequest(HttpContext context)
   在 ASP.business_stockin_edit_aspx.ProcessRequest(HttpContext context) 位置 c:\Windows\Microsoft.NET\Framework\v4.0.30319\Temporary ASP.NET Files\vs\acc0e68d\f6fd98d3\App_Web_wlkfsgt0.2.cs:行号 0
   在 System.Web.HttpApplication.CallHandlerExecutionStep.System.Web.HttpApplication.IExecutionStep.Execute()
   在 System.Web.HttpApplication.ExecuteStepImpl(IExecutionStep step)
   在 System.Web.HttpApplication.ExecuteStep(IExecutionStep step, Boolean& completedSynchronously)
2019/06/25 +08:00 13:39:31     [22028] Enterprise.Framework.Log.LogUtil.ErrorLog(:0) Enterprise.Framework.Log.LogUtil.ErrorLog(:0) [(null)] - Unterminated string. Expected delimiter: ". Path 'RegionPanel1_Region1_RegionPanel2_Region4_Grid1_ctl08_tbxFBottle.F_Items[548][0]', line 1, position 32844. e 
Newtonsoft.Json.JsonReaderException: Unterminated string. Expected delimiter: ". Path 'RegionPanel1_Region1_RegionPanel2_Region4_Grid1_ctl08_tbxFBottle.F_Items[548][0]', line 1, position 32844.
   在 Newtonsoft.Json.JsonTextReader.ReadStringIntoBuffer(Char quote)
   在 Newtonsoft.Json.JsonTextReader.ParseString(Char quote)
   在 Newtonsoft.Json.JsonTextReader.ParseValue()
   在 Newtonsoft.Json.JsonTextReader.ReadInternal()
   在 Newtonsoft.Json.JsonTextReader.Read()
   在 Newtonsoft.Json.Linq.JContainer.ReadContentFrom(JsonReader r)
   在 Newtonsoft.Json.Linq.JContainer.ReadTokenFrom(JsonReader reader)
   在 Newtonsoft.Json.Linq.JObject.Load(JsonReader reader)
   在 Newtonsoft.Json.Linq.JObject.Parse(String json)
   在 FineUI.ResourceManager.get_PostBackStates()
   在 FineUI.ControlBase.get_PostBackState()
   在 FineUI.ControlBase.Page_InitComplete(Object sender, EventArgs e)
   在 System.EventHandler.Invoke(Object sender, EventArgs e)
   在 System.Web.UI.Page.OnInitComplete(EventArgs e)
   在 System.Web.UI.Page.ProcessRequestMain(Boolean includeStagesBeforeAsyncPoint, Boolean includeStagesAfterAsyncPoint)
2019/06/25 +08:00 13:39:31     [10340] Enterprise.Framework.Log.LogUtil.ErrorLog(:0) Enterprise.Framework.Log.LogUtil.ErrorLog(:0) [(null)] - 
错误开始===========================================
客户机IP:::1
错误地址:http://localhost:19008/business/StockIn/Edit.aspx?action=1
异常信息:引发类型为“System.Web.HttpUnhandledException”的异常。
错误结束=========================================== e 
System.Web.HttpUnhandledException (0x80004005): 引发类型为“System.Web.HttpUnhandledException”的异常。 ---> System.FormatException: Base-64 字符数组或字符串的长度无效。
   在 System.Convert.FromBase64_Decode(Char* startInputPtr, Int32 inputLength, Byte* startDestPtr, Int32 destLength)
   在 System.Convert.FromBase64CharPtr(Char* inputPtr, Int32 inputLength)
   在 System.Convert.FromBase64String(String s)
   在 FineUI.ResourceManager.DecodeFrom64(String encodedData)
   在 FineUI.ResourceManager.get_PostBackStates()
   在 FineUI.ControlBase.get_PostBackState()
   在 FineUI.ControlBase.Page_InitComplete(Object sender, EventArgs e)
   在 System.EventHandler.Invoke(Object sender, EventArgs e)
   在 System.Web.UI.Page.OnInitComplete(EventArgs e)
   在 System.Web.UI.Page.ProcessRequestMain(Boolean includeStagesBeforeAsyncPoint, Boolean includeStagesAfterAsyncPoint)
   在 System.Web.UI.Page.HandleError(Exception e)
   在 System.Web.UI.Page.ProcessRequestMain(Boolean includeStagesBeforeAsyncPoint, Boolean includeStagesAfterAsyncPoint)
   在 System.Web.UI.Page.ProcessRequest(Boolean includeStagesBeforeAsyncPoint, Boolean includeStagesAfterAsyncPoint)
   在 System.Web.UI.Page.ProcessRequest()
   在 System.Web.UI.Page.ProcessRequestWithNoAssert(HttpContext context)
   在 System.Web.UI.Page.ProcessRequest(HttpContext context)
   在 ASP.business_stockin_edit_aspx.ProcessRequest(HttpContext context) 位置 c:\Windows\Microsoft.NET\Framework\v4.0.30319\Temporary ASP.NET Files\vs\acc0e68d\f6fd98d3\App_Web_wlkfsgt0.2.cs:行号 0
   在 System.Web.HttpApplication.CallHandlerExecutionStep.System.Web.HttpApplication.IExecutionStep.Execute()
   在 System.Web.HttpApplication.ExecuteStepImpl(IExecutionStep step)
   在 System.Web.HttpApplication.ExecuteStep(IExecutionStep step, Boolean& completedSynchronously)
2019/06/25 +08:00 13:39:31     [10340] Enterprise.Framework.Log.LogUtil.ErrorLog(:0) Enterprise.Framework.Log.LogUtil.ErrorLog(:0) [(null)] - Base-64 字符数组或字符串的长度无效。 e 
System.FormatException: Base-64 字符数组或字符串的长度无效。
   在 System.Convert.FromBase64_Decode(Char* startInputPtr, Int32 inputLength, Byte* startDestPtr, Int32 destLength)
   在 System.Convert.FromBase64CharPtr(Char* inputPtr, Int32 inputLength)
   在 System.Convert.FromBase64String(String s)
   在 FineUI.ResourceManager.DecodeFrom64(String encodedData)
   在 FineUI.ResourceManager.get_PostBackStates()
   在 FineUI.ControlBase.get_PostBackState()
   在 FineUI.ControlBase.Page_InitComplete(Object sender, EventArgs e)
   在 System.EventHandler.Invoke(Object sender, EventArgs e)
   在 System.Web.UI.Page.OnInitComplete(EventArgs e)
   在 System.Web.UI.Page.ProcessRequestMain(Boolean includeStagesBeforeAsyncPoint, Boolean includeStagesAfterAsyncPoint)
2019/06/25 +08:00 13:39:31     [9632] Enterprise.Framework.Log.LogUtil.ErrorLog(:0) Enterprise.Framework.Log.LogUtil.ErrorLog(:0) [(null)] - 
错误开始===========================================
客户机IP:::1
错误地址:http://localhost:19008/business/StockIn/Edit.aspx?action=1
异常信息:引发类型为“System.Web.HttpUnhandledException”的异常。
错误结束=========================================== e 
System.Web.HttpUnhandledException (0x80004005): 引发类型为“System.Web.HttpUnhandledException”的异常。 ---> Newtonsoft.Json.JsonReaderException: Unterminated string. Expected delimiter: ". Path 'RegionPanel1_Region1_RegionPanel2_Region4_Grid1_ctl08_tbxFBottle.F_Items[548][0]', line 1, position 32844.
   在 Newtonsoft.Json.JsonTextReader.ReadStringIntoBuffer(Char quote)
   在 Newtonsoft.Json.JsonTextReader.ParseString(Char quote)
   在 Newtonsoft.Json.JsonTextReader.ParseValue()
   在 Newtonsoft.Json.JsonTextReader.ReadInternal()
   在 Newtonsoft.Json.JsonTextReader.Read()
   在 Newtonsoft.Json.Linq.JContainer.ReadContentFrom(JsonReader r)
   在 Newtonsoft.Json.Linq.JContainer.ReadTokenFrom(JsonReader reader)
   在 Newtonsoft.Json.Linq.JObject.Load(JsonReader reader)
   在 Newtonsoft.Json.Linq.JObject.Parse(String json)
   在 FineUI.ResourceManager.get_PostBackStates()
   在 FineUI.ControlBase.get_PostBackState()
   在 FineUI.ControlBase.Page_InitComplete(Object sender, EventArgs e)
   在 System.EventHandler.Invoke(Object sender, EventArgs e)
   在 System.Web.UI.Page.OnInitComplete(EventArgs e)
   在 System.Web.UI.Page.ProcessRequestMain(Boolean includeStagesBeforeAsyncPoint, Boolean includeStagesAfterAsyncPoint)
   在 System.Web.UI.Page.HandleError(Exception e)
   在 System.Web.UI.Page.ProcessRequestMain(Boolean includeStagesBeforeAsyncPoint, Boolean includeStagesAfterAsyncPoint)
   在 System.Web.UI.Page.ProcessRequest(Boolean includeStagesBeforeAsyncPoint, Boolean includeStagesAfterAsyncPoint)
   在 System.Web.UI.Page.ProcessRequest()
   在 System.Web.UI.Page.ProcessRequestWithNoAssert(HttpContext context)
   在 System.Web.UI.Page.ProcessRequest(HttpContext context)
   在 ASP.business_stockin_edit_aspx.ProcessRequest(HttpContext context) 位置 c:\Windows\Microsoft.NET\Framework\v4.0.30319\Temporary ASP.NET Files\vs\acc0e68d\f6fd98d3\App_Web_wlkfsgt0.2.cs:行号 0
   在 System.Web.HttpApplication.CallHandlerExecutionStep.System.Web.HttpApplication.IExecutionStep.Execute()
   在 System.Web.HttpApplication.ExecuteStepImpl(IExecutionStep step)
   在 System.Web.HttpApplication.ExecuteStep(IExecutionStep step, Boolean& completedSynchronously)
2019/06/25 +08:00 13:39:31     [9632] Enterprise.Framework.Log.LogUtil.ErrorLog(:0) Enterprise.Framework.Log.LogUtil.ErrorLog(:0) [(null)] - Unterminated string. Expected delimiter: ". Path 'RegionPanel1_Region1_RegionPanel2_Region4_Grid1_ctl08_tbxFBottle.F_Items[548][0]', line 1, position 32844. e 
Newtonsoft.Json.JsonReaderException: Unterminated string. Expected delimiter: ". Path 'RegionPanel1_Region1_RegionPanel2_Region4_Grid1_ctl08_tbxFBottle.F_Items[548][0]', line 1, position 32844.
   在 Newtonsoft.Json.JsonTextReader.ReadStringIntoBuffer(Char quote)
   在 Newtonsoft.Json.JsonTextReader.ParseString(Char quote)
   在 Newtonsoft.Json.JsonTextReader.ParseValue()
   在 Newtonsoft.Json.JsonTextReader.ReadInternal()
   在 Newtonsoft.Json.JsonTextReader.Read()
   在 Newtonsoft.Json.Linq.JContainer.ReadContentFrom(JsonReader r)
   在 Newtonsoft.Json.Linq.JContainer.ReadTokenFrom(JsonReader reader)
   在 Newtonsoft.Json.Linq.JObject.Load(JsonReader reader)
   在 Newtonsoft.Json.Linq.JObject.Parse(String json)
   在 FineUI.ResourceManager.get_PostBackStates()
   在 FineUI.ControlBase.get_PostBackState()
   在 FineUI.ControlBase.Page_InitComplete(Object sender, EventArgs e)
   在 System.EventHandler.Invoke(Object sender, EventArgs e)
   在 System.Web.UI.Page.OnInitComplete(EventArgs e)
   在 System.Web.UI.Page.ProcessRequestMain(Boolean includeStagesBeforeAsyncPoint, Boolean includeStagesAfterAsyncPoint)
2019/06/25 +08:00 14:19:53     [4260] Enterprise.Framework.Log.LogUtil.ErrorLog(:0) Enterprise.Framework.Log.LogUtil.ErrorLog(:0) [(null)] - 
错误开始===========================================
客户机IP:::1
错误地址:http://localhost:19008/Business/Factor/Divisor.aspx?_dc=1561443583067
异常信息:引发类型为“System.Web.HttpUnhandledException”的异常。
错误结束=========================================== e 
System.Web.HttpUnhandledException (0x80004005): 引发类型为“System.Web.HttpUnhandledException”的异常。 ---> System.Data.OleDb.OleDbException (0x80004005): “Sheet1$”不是一个有效名称。请确认它不包含无效的字符或标点，且名称不太长。
   在 System.Data.OleDb.OleDbCommand.ExecuteCommandTextErrorHandling(OleDbHResult hr)
   在 System.Data.OleDb.OleDbCommand.ExecuteCommandTextForSingleResult(tagDBPARAMS dbParams, Object& executeResult)
   在 System.Data.OleDb.OleDbCommand.ExecuteCommandText(Object& executeResult)
   在 System.Data.OleDb.OleDbCommand.ExecuteCommand(CommandBehavior behavior, Object& executeResult)
   在 System.Data.OleDb.OleDbCommand.ExecuteReaderInternal(CommandBehavior behavior, String method)
   在 System.Data.OleDb.OleDbCommand.ExecuteReader(CommandBehavior behavior)
   在 System.Data.OleDb.OleDbCommand.System.Data.IDbCommand.ExecuteReader(CommandBehavior behavior)
   在 System.Data.Common.DbDataAdapter.FillInternal(DataSet dataset, DataTable[] datatables, Int32 startRecord, Int32 maxRecords, String srcTable, IDbCommand command, CommandBehavior behavior)
   在 System.Data.Common.DbDataAdapter.Fill(DataTable[] dataTables, Int32 startRecord, Int32 maxRecords, IDbCommand command, CommandBehavior behavior)
   在 System.Data.Common.DbDataAdapter.Fill(DataTable dataTable)
   在 Enterprise.IIS.business.Factor.Divisor.fileUpload1_FileSelected(Object sender, EventArgs e) 位置 E:\ffqserp\trunk\application\Enterprise.IIS\business\Factor\Divisor.aspx.cs:行号 188
   在 FineUI.FileUpload.OnFileSelected(EventArgs e)
   在 FineUI.FileUpload.RaisePostBackEvent(String eventArgument)
   在 System.Web.UI.Page.RaisePostBackEvent(IPostBackEventHandler sourceControl, String eventArgument)
   在 System.Web.UI.Page.RaisePostBackEvent(NameValueCollection postData)
   在 System.Web.UI.Page.ProcessRequestMain(Boolean includeStagesBeforeAsyncPoint, Boolean includeStagesAfterAsyncPoint)
   在 System.Web.UI.Page.HandleError(Exception e)
   在 System.Web.UI.Page.ProcessRequestMain(Boolean includeStagesBeforeAsyncPoint, Boolean includeStagesAfterAsyncPoint)
   在 System.Web.UI.Page.ProcessRequest(Boolean includeStagesBeforeAsyncPoint, Boolean includeStagesAfterAsyncPoint)
   在 System.Web.UI.Page.ProcessRequest()
   在 System.Web.UI.Page.ProcessRequestWithNoAssert(HttpContext context)
   在 System.Web.UI.Page.ProcessRequest(HttpContext context)
   在 ASP.business_factor_divisor_aspx.ProcessRequest(HttpContext context) 位置 c:\Windows\Microsoft.NET\Framework\v4.0.30319\Temporary ASP.NET Files\vs\acc0e68d\f6fd98d3\App_Web_e0bjwv3o.1.cs:行号 0
   在 System.Web.HttpApplication.CallHandlerExecutionStep.System.Web.HttpApplication.IExecutionStep.Execute()
   在 System.Web.HttpApplication.ExecuteStepImpl(IExecutionStep step)
   在 System.Web.HttpApplication.ExecuteStep(IExecutionStep step, Boolean& completedSynchronously)
2019/06/25 +08:00 14:19:53     [4260] Enterprise.Framework.Log.LogUtil.ErrorLog(:0) Enterprise.Framework.Log.LogUtil.ErrorLog(:0) [(null)] - “Sheet1$”不是一个有效名称。请确认它不包含无效的字符或标点，且名称不太长。 e 
System.Data.OleDb.OleDbException (0x80004005): “Sheet1$”不是一个有效名称。请确认它不包含无效的字符或标点，且名称不太长。
   在 System.Data.OleDb.OleDbCommand.ExecuteCommandTextErrorHandling(OleDbHResult hr)
   在 System.Data.OleDb.OleDbCommand.ExecuteCommandTextForSingleResult(tagDBPARAMS dbParams, Object& executeResult)
   在 System.Data.OleDb.OleDbCommand.ExecuteCommandText(Object& executeResult)
   在 System.Data.OleDb.OleDbCommand.ExecuteCommand(CommandBehavior behavior, Object& executeResult)
   在 System.Data.OleDb.OleDbCommand.ExecuteReaderInternal(CommandBehavior behavior, String method)
   在 System.Data.OleDb.OleDbCommand.ExecuteReader(CommandBehavior behavior)
   在 System.Data.OleDb.OleDbCommand.System.Data.IDbCommand.ExecuteReader(CommandBehavior behavior)
   在 System.Data.Common.DbDataAdapter.FillInternal(DataSet dataset, DataTable[] datatables, Int32 startRecord, Int32 maxRecords, String srcTable, IDbCommand command, CommandBehavior behavior)
   在 System.Data.Common.DbDataAdapter.Fill(DataTable[] dataTables, Int32 startRecord, Int32 maxRecords, IDbCommand command, CommandBehavior behavior)
   在 System.Data.Common.DbDataAdapter.Fill(DataTable dataTable)
   在 Enterprise.IIS.business.Factor.Divisor.fileUpload1_FileSelected(Object sender, EventArgs e) 位置 E:\ffqserp\trunk\application\Enterprise.IIS\business\Factor\Divisor.aspx.cs:行号 188
   在 FineUI.FileUpload.OnFileSelected(EventArgs e)
   在 FineUI.FileUpload.RaisePostBackEvent(String eventArgument)
   在 System.Web.UI.Page.RaisePostBackEvent(IPostBackEventHandler sourceControl, String eventArgument)
   在 System.Web.UI.Page.RaisePostBackEvent(NameValueCollection postData)
   在 System.Web.UI.Page.ProcessRequestMain(Boolean includeStagesBeforeAsyncPoint, Boolean includeStagesAfterAsyncPoint)
2019/06/25 +08:00 14:20:40     [8836] Enterprise.Framework.Log.LogUtil.ErrorLog(:0) Enterprise.Framework.Log.LogUtil.ErrorLog(:0) [(null)] - 
错误开始===========================================
客户机IP:::1
错误地址:http://localhost:19008/Business/Factor/Divisor.aspx?_dc=1561443640880
异常信息:引发类型为“System.Web.HttpUnhandledException”的异常。
错误结束=========================================== e 
System.Web.HttpUnhandledException (0x80004005): 引发类型为“System.Web.HttpUnhandledException”的异常。 ---> System.Data.OleDb.OleDbException (0x80004005): “Sheet1$”不是一个有效名称。请确认它不包含无效的字符或标点，且名称不太长。
   在 System.Data.OleDb.OleDbCommand.ExecuteCommandTextErrorHandling(OleDbHResult hr)
   在 System.Data.OleDb.OleDbCommand.ExecuteCommandTextForSingleResult(tagDBPARAMS dbParams, Object& executeResult)
   在 System.Data.OleDb.OleDbCommand.ExecuteCommandText(Object& executeResult)
   在 System.Data.OleDb.OleDbCommand.ExecuteCommand(CommandBehavior behavior, Object& executeResult)
   在 System.Data.OleDb.OleDbCommand.ExecuteReaderInternal(CommandBehavior behavior, String method)
   在 System.Data.OleDb.OleDbCommand.ExecuteReader(CommandBehavior behavior)
   在 System.Data.OleDb.OleDbCommand.System.Data.IDbCommand.ExecuteReader(CommandBehavior behavior)
   在 System.Data.Common.DbDataAdapter.FillInternal(DataSet dataset, DataTable[] datatables, Int32 startRecord, Int32 maxRecords, String srcTable, IDbCommand command, CommandBehavior behavior)
   在 System.Data.Common.DbDataAdapter.Fill(DataTable[] dataTables, Int32 startRecord, Int32 maxRecords, IDbCommand command, CommandBehavior behavior)
   在 System.Data.Common.DbDataAdapter.Fill(DataTable dataTable)
   在 Enterprise.IIS.business.Factor.Divisor.fileUpload1_FileSelected(Object sender, EventArgs e) 位置 E:\ffqserp\trunk\application\Enterprise.IIS\business\Factor\Divisor.aspx.cs:行号 188
   在 FineUI.FileUpload.OnFileSelected(EventArgs e)
   在 FineUI.FileUpload.RaisePostBackEvent(String eventArgument)
   在 System.Web.UI.Page.RaisePostBackEvent(IPostBackEventHandler sourceControl, String eventArgument)
   在 System.Web.UI.Page.RaisePostBackEvent(NameValueCollection postData)
   在 System.Web.UI.Page.ProcessRequestMain(Boolean includeStagesBeforeAsyncPoint, Boolean includeStagesAfterAsyncPoint)
   在 System.Web.UI.Page.HandleError(Exception e)
   在 System.Web.UI.Page.ProcessRequestMain(Boolean includeStagesBeforeAsyncPoint, Boolean includeStagesAfterAsyncPoint)
   在 System.Web.UI.Page.ProcessRequest(Boolean includeStagesBeforeAsyncPoint, Boolean includeStagesAfterAsyncPoint)
   在 System.Web.UI.Page.ProcessRequest()
   在 System.Web.UI.Page.ProcessRequestWithNoAssert(HttpContext context)
   在 System.Web.UI.Page.ProcessRequest(HttpContext context)
   在 ASP.business_factor_divisor_aspx.ProcessRequest(HttpContext context) 位置 c:\Windows\Microsoft.NET\Framework\v4.0.30319\Temporary ASP.NET Files\vs\acc0e68d\f6fd98d3\App_Web_e0bjwv3o.1.cs:行号 0
   在 System.Web.HttpApplication.CallHandlerExecutionStep.System.Web.HttpApplication.IExecutionStep.Execute()
   在 System.Web.HttpApplication.ExecuteStepImpl(IExecutionStep step)
   在 System.Web.HttpApplication.ExecuteStep(IExecutionStep step, Boolean& completedSynchronously)
2019/06/25 +08:00 14:20:40     [8836] Enterprise.Framework.Log.LogUtil.ErrorLog(:0) Enterprise.Framework.Log.LogUtil.ErrorLog(:0) [(null)] - “Sheet1$”不是一个有效名称。请确认它不包含无效的字符或标点，且名称不太长。 e 
System.Data.OleDb.OleDbException (0x80004005): “Sheet1$”不是一个有效名称。请确认它不包含无效的字符或标点，且名称不太长。
   在 System.Data.OleDb.OleDbCommand.ExecuteCommandTextErrorHandling(OleDbHResult hr)
   在 System.Data.OleDb.OleDbCommand.ExecuteCommandTextForSingleResult(tagDBPARAMS dbParams, Object& executeResult)
   在 System.Data.OleDb.OleDbCommand.ExecuteCommandText(Object& executeResult)
   在 System.Data.OleDb.OleDbCommand.ExecuteCommand(CommandBehavior behavior, Object& executeResult)
   在 System.Data.OleDb.OleDbCommand.ExecuteReaderInternal(CommandBehavior behavior, String method)
   在 System.Data.OleDb.OleDbCommand.ExecuteReader(CommandBehavior behavior)
   在 System.Data.OleDb.OleDbCommand.System.Data.IDbCommand.ExecuteReader(CommandBehavior behavior)
   在 System.Data.Common.DbDataAdapter.FillInternal(DataSet dataset, DataTable[] datatables, Int32 startRecord, Int32 maxRecords, String srcTable, IDbCommand command, CommandBehavior behavior)
   在 System.Data.Common.DbDataAdapter.Fill(DataTable[] dataTables, Int32 startRecord, Int32 maxRecords, IDbCommand command, CommandBehavior behavior)
   在 System.Data.Common.DbDataAdapter.Fill(DataTable dataTable)
   在 Enterprise.IIS.business.Factor.Divisor.fileUpload1_FileSelected(Object sender, EventArgs e) 位置 E:\ffqserp\trunk\application\Enterprise.IIS\business\Factor\Divisor.aspx.cs:行号 188
   在 FineUI.FileUpload.OnFileSelected(EventArgs e)
   在 FineUI.FileUpload.RaisePostBackEvent(String eventArgument)
   在 System.Web.UI.Page.RaisePostBackEvent(IPostBackEventHandler sourceControl, String eventArgument)
   在 System.Web.UI.Page.RaisePostBackEvent(NameValueCollection postData)
   在 System.Web.UI.Page.ProcessRequestMain(Boolean includeStagesBeforeAsyncPoint, Boolean includeStagesAfterAsyncPoint)
2019/06/25 +08:00 15:33:09     [17852] Enterprise.Framework.Log.LogUtil.ErrorLog(:0) Enterprise.Framework.Log.LogUtil.ErrorLog(:0) [(null)] - 
错误开始===========================================
客户机IP:::1
错误地址:http://localhost:19008/business/StockIn/Edit.aspx?action=1
异常信息:引发类型为“System.Web.HttpUnhandledException”的异常。
错误结束=========================================== e 
System.Web.HttpUnhandledException (0x80004005): 引发类型为“System.Web.HttpUnhandledException”的异常。 ---> System.FormatException: Base-64 字符数组或字符串的长度无效。
   在 System.Convert.FromBase64_Decode(Char* startInputPtr, Int32 inputLength, Byte* startDestPtr, Int32 destLength)
   在 System.Convert.FromBase64CharPtr(Char* inputPtr, Int32 inputLength)
   在 System.Convert.FromBase64String(String s)
   在 FineUI.ResourceManager.DecodeFrom64(String encodedData)
   在 FineUI.ResourceManager.get_PostBackStates()
   在 FineUI.ControlBase.get_PostBackState()
   在 FineUI.ControlBase.Page_InitComplete(Object sender, EventArgs e)
   在 System.EventHandler.Invoke(Object sender, EventArgs e)
   在 System.Web.UI.Page.OnInitComplete(EventArgs e)
   在 System.Web.UI.Page.ProcessRequestMain(Boolean includeStagesBeforeAsyncPoint, Boolean includeStagesAfterAsyncPoint)
   在 System.Web.UI.Page.HandleError(Exception e)
   在 System.Web.UI.Page.ProcessRequestMain(Boolean includeStagesBeforeAsyncPoint, Boolean includeStagesAfterAsyncPoint)
   在 System.Web.UI.Page.ProcessRequest(Boolean includeStagesBeforeAsyncPoint, Boolean includeStagesAfterAsyncPoint)
   在 System.Web.UI.Page.ProcessRequest()
   在 System.Web.UI.Page.ProcessRequestWithNoAssert(HttpContext context)
   在 System.Web.UI.Page.ProcessRequest(HttpContext context)
   在 ASP.business_stockin_edit_aspx.ProcessRequest(HttpContext context) 位置 c:\Windows\Microsoft.NET\Framework\v4.0.30319\Temporary ASP.NET Files\vs\acc0e68d\f6fd98d3\App_Web_fqohauxi.2.cs:行号 0
   在 System.Web.HttpApplication.CallHandlerExecutionStep.System.Web.HttpApplication.IExecutionStep.Execute()
   在 System.Web.HttpApplication.ExecuteStepImpl(IExecutionStep step)
   在 System.Web.HttpApplication.ExecuteStep(IExecutionStep step, Boolean& completedSynchronously)
2019/06/25 +08:00 15:33:10     [17852] Enterprise.Framework.Log.LogUtil.ErrorLog(:0) Enterprise.Framework.Log.LogUtil.ErrorLog(:0) [(null)] - Base-64 字符数组或字符串的长度无效。 e 
System.FormatException: Base-64 字符数组或字符串的长度无效。
   在 System.Convert.FromBase64_Decode(Char* startInputPtr, Int32 inputLength, Byte* startDestPtr, Int32 destLength)
   在 System.Convert.FromBase64CharPtr(Char* inputPtr, Int32 inputLength)
   在 System.Convert.FromBase64String(String s)
   在 FineUI.ResourceManager.DecodeFrom64(String encodedData)
   在 FineUI.ResourceManager.get_PostBackStates()
   在 FineUI.ControlBase.get_PostBackState()
   在 FineUI.ControlBase.Page_InitComplete(Object sender, EventArgs e)
   在 System.EventHandler.Invoke(Object sender, EventArgs e)
   在 System.Web.UI.Page.OnInitComplete(EventArgs e)
   在 System.Web.UI.Page.ProcessRequestMain(Boolean includeStagesBeforeAsyncPoint, Boolean includeStagesAfterAsyncPoint)
2019/06/25 +08:00 15:33:11     [17852] Enterprise.Framework.Log.LogUtil.ErrorLog(:0) Enterprise.Framework.Log.LogUtil.ErrorLog(:0) [(null)] - 
错误开始===========================================
客户机IP:::1
错误地址:http://localhost:19008/business/StockIn/Edit.aspx?action=1
异常信息:引发类型为“System.Web.HttpUnhandledException”的异常。
错误结束=========================================== e 
System.Web.HttpUnhandledException (0x80004005): 引发类型为“System.Web.HttpUnhandledException”的异常。 ---> Newtonsoft.Json.JsonReaderException: Unterminated string. Expected delimiter: ". Path 'RegionPanel1_Region1_RegionPanel2_Region4_Grid1_ctl08_tbxFBottle.F_Items[548][0]', line 1, position 32844.
   在 Newtonsoft.Json.JsonTextReader.ReadStringIntoBuffer(Char quote)
   在 Newtonsoft.Json.JsonTextReader.ParseString(Char quote)
   在 Newtonsoft.Json.JsonTextReader.ParseValue()
   在 Newtonsoft.Json.JsonTextReader.ReadInternal()
   在 Newtonsoft.Json.JsonTextReader.Read()
   在 Newtonsoft.Json.Linq.JContainer.ReadContentFrom(JsonReader r)
   在 Newtonsoft.Json.Linq.JContainer.ReadTokenFrom(JsonReader reader)
   在 Newtonsoft.Json.Linq.JObject.Load(JsonReader reader)
   在 Newtonsoft.Json.Linq.JObject.Parse(String json)
   在 FineUI.ResourceManager.get_PostBackStates()
   在 FineUI.ControlBase.get_PostBackState()
   在 FineUI.ControlBase.Page_InitComplete(Object sender, EventArgs e)
   在 System.EventHandler.Invoke(Object sender, EventArgs e)
   在 System.Web.UI.Page.OnInitComplete(EventArgs e)
   在 System.Web.UI.Page.ProcessRequestMain(Boolean includeStagesBeforeAsyncPoint, Boolean includeStagesAfterAsyncPoint)
   在 System.Web.UI.Page.HandleError(Exception e)
   在 System.Web.UI.Page.ProcessRequestMain(Boolean includeStagesBeforeAsyncPoint, Boolean includeStagesAfterAsyncPoint)
   在 System.Web.UI.Page.ProcessRequest(Boolean includeStagesBeforeAsyncPoint, Boolean includeStagesAfterAsyncPoint)
   在 System.Web.UI.Page.ProcessRequest()
   在 System.Web.UI.Page.ProcessRequestWithNoAssert(HttpContext context)
   在 System.Web.UI.Page.ProcessRequest(HttpContext context)
   在 ASP.business_stockin_edit_aspx.ProcessRequest(HttpContext context) 位置 c:\Windows\Microsoft.NET\Framework\v4.0.30319\Temporary ASP.NET Files\vs\acc0e68d\f6fd98d3\App_Web_fqohauxi.2.cs:行号 0
   在 System.Web.HttpApplication.CallHandlerExecutionStep.System.Web.HttpApplication.IExecutionStep.Execute()
   在 System.Web.HttpApplication.ExecuteStepImpl(IExecutionStep step)
   在 System.Web.HttpApplication.ExecuteStep(IExecutionStep step, Boolean& completedSynchronously)
2019/06/25 +08:00 15:33:11     [17852] Enterprise.Framework.Log.LogUtil.ErrorLog(:0) Enterprise.Framework.Log.LogUtil.ErrorLog(:0) [(null)] - Unterminated string. Expected delimiter: ". Path 'RegionPanel1_Region1_RegionPanel2_Region4_Grid1_ctl08_tbxFBottle.F_Items[548][0]', line 1, position 32844. e 
Newtonsoft.Json.JsonReaderException: Unterminated string. Expected delimiter: ". Path 'RegionPanel1_Region1_RegionPanel2_Region4_Grid1_ctl08_tbxFBottle.F_Items[548][0]', line 1, position 32844.
   在 Newtonsoft.Json.JsonTextReader.ReadStringIntoBuffer(Char quote)
   在 Newtonsoft.Json.JsonTextReader.ParseString(Char quote)
   在 Newtonsoft.Json.JsonTextReader.ParseValue()
   在 Newtonsoft.Json.JsonTextReader.ReadInternal()
   在 Newtonsoft.Json.JsonTextReader.Read()
   在 Newtonsoft.Json.Linq.JContainer.ReadContentFrom(JsonReader r)
   在 Newtonsoft.Json.Linq.JContainer.ReadTokenFrom(JsonReader reader)
   在 Newtonsoft.Json.Linq.JObject.Load(JsonReader reader)
   在 Newtonsoft.Json.Linq.JObject.Parse(String json)
   在 FineUI.ResourceManager.get_PostBackStates()
   在 FineUI.ControlBase.get_PostBackState()
   在 FineUI.ControlBase.Page_InitComplete(Object sender, EventArgs e)
   在 System.EventHandler.Invoke(Object sender, EventArgs e)
   在 System.Web.UI.Page.OnInitComplete(EventArgs e)
   在 System.Web.UI.Page.ProcessRequestMain(Boolean includeStagesBeforeAsyncPoint, Boolean includeStagesAfterAsyncPoint)
2019/06/25 +08:00 15:33:12     [17852] Enterprise.Framework.Log.LogUtil.ErrorLog(:0) Enterprise.Framework.Log.LogUtil.ErrorLog(:0) [(null)] - 
错误开始===========================================
客户机IP:::1
错误地址:http://localhost:19008/business/StockIn/Edit.aspx?action=1
异常信息:引发类型为“System.Web.HttpUnhandledException”的异常。
错误结束=========================================== e 
System.Web.HttpUnhandledException (0x80004005): 引发类型为“System.Web.HttpUnhandledException”的异常。 ---> Newtonsoft.Json.JsonReaderException: Unterminated string. Expected delimiter: ". Path 'RegionPanel1_Region1_RegionPanel2_Region4_Grid1_ctl08_tbxFBottle.F_Items[548][0]', line 1, position 32844.
   在 Newtonsoft.Json.JsonTextReader.ReadStringIntoBuffer(Char quote)
   在 Newtonsoft.Json.JsonTextReader.ParseString(Char quote)
   在 Newtonsoft.Json.JsonTextReader.ParseValue()
   在 Newtonsoft.Json.JsonTextReader.ReadInternal()
   在 Newtonsoft.Json.JsonTextReader.Read()
   在 Newtonsoft.Json.Linq.JContainer.ReadContentFrom(JsonReader r)
   在 Newtonsoft.Json.Linq.JContainer.ReadTokenFrom(JsonReader reader)
   在 Newtonsoft.Json.Linq.JObject.Load(JsonReader reader)
   在 Newtonsoft.Json.Linq.JObject.Parse(String json)
   在 FineUI.ResourceManager.get_PostBackStates()
   在 FineUI.ControlBase.get_PostBackState()
   在 FineUI.ControlBase.Page_InitComplete(Object sender, EventArgs e)
   在 System.EventHandler.Invoke(Object sender, EventArgs e)
   在 System.Web.UI.Page.OnInitComplete(EventArgs e)
   在 System.Web.UI.Page.ProcessRequestMain(Boolean includeStagesBeforeAsyncPoint, Boolean includeStagesAfterAsyncPoint)
   在 System.Web.UI.Page.HandleError(Exception e)
   在 System.Web.UI.Page.ProcessRequestMain(Boolean includeStagesBeforeAsyncPoint, Boolean includeStagesAfterAsyncPoint)
   在 System.Web.UI.Page.ProcessRequest(Boolean includeStagesBeforeAsyncPoint, Boolean includeStagesAfterAsyncPoint)
   在 System.Web.UI.Page.ProcessRequest()
   在 System.Web.UI.Page.ProcessRequestWithNoAssert(HttpContext context)
   在 System.Web.UI.Page.ProcessRequest(HttpContext context)
   在 ASP.business_stockin_edit_aspx.ProcessRequest(HttpContext context) 位置 c:\Windows\Microsoft.NET\Framework\v4.0.30319\Temporary ASP.NET Files\vs\acc0e68d\f6fd98d3\App_Web_fqohauxi.2.cs:行号 0
   在 System.Web.HttpApplication.CallHandlerExecutionStep.System.Web.HttpApplication.IExecutionStep.Execute()
   在 System.Web.HttpApplication.ExecuteStepImpl(IExecutionStep step)
   在 System.Web.HttpApplication.ExecuteStep(IExecutionStep step, Boolean& completedSynchronously)
2019/06/25 +08:00 15:33:12     [17852] Enterprise.Framework.Log.LogUtil.ErrorLog(:0) Enterprise.Framework.Log.LogUtil.ErrorLog(:0) [(null)] - Unterminated string. Expected delimiter: ". Path 'RegionPanel1_Region1_RegionPanel2_Region4_Grid1_ctl08_tbxFBottle.F_Items[548][0]', line 1, position 32844. e 
Newtonsoft.Json.JsonReaderException: Unterminated string. Expected delimiter: ". Path 'RegionPanel1_Region1_RegionPanel2_Region4_Grid1_ctl08_tbxFBottle.F_Items[548][0]', line 1, position 32844.
   在 Newtonsoft.Json.JsonTextReader.ReadStringIntoBuffer(Char quote)
   在 Newtonsoft.Json.JsonTextReader.ParseString(Char quote)
   在 Newtonsoft.Json.JsonTextReader.ParseValue()
   在 Newtonsoft.Json.JsonTextReader.ReadInternal()
   在 Newtonsoft.Json.JsonTextReader.Read()
   在 Newtonsoft.Json.Linq.JContainer.ReadContentFrom(JsonReader r)
   在 Newtonsoft.Json.Linq.JContainer.ReadTokenFrom(JsonReader reader)
   在 Newtonsoft.Json.Linq.JObject.Load(JsonReader reader)
   在 Newtonsoft.Json.Linq.JObject.Parse(String json)
   在 FineUI.ResourceManager.get_PostBackStates()
   在 FineUI.ControlBase.get_PostBackState()
   在 FineUI.ControlBase.Page_InitComplete(Object sender, EventArgs e)
   在 System.EventHandler.Invoke(Object sender, EventArgs e)
   在 System.Web.UI.Page.OnInitComplete(EventArgs e)
   在 System.Web.UI.Page.ProcessRequestMain(Boolean includeStagesBeforeAsyncPoint, Boolean includeStagesAfterAsyncPoint)
