2019/05/17 +08:00 10:53:43     [15700] Enterprise.Framework.Log.LogUtil.ErrorLog(:0) Enterprise.Framework.Log.LogUtil.ErrorLog(:0) [(null)] - 
错误开始===========================================
客户机IP:::1
错误地址:http://localhost:19008/Business/Reports/primeCost.aspx
异常信息:e:\ffqserp\trunk\application\Enterprise.IIS\business\Reports\primeCost.aspx(58): error CS1061: “ASP.business_reports_primecost_aspx”不包含“Grid1_RowCommand”的定义，并且找不到可接受类型为“ASP.business_reports_primecost_aspx”的第一个参数的扩展方法“Grid1_RowCommand”(是否缺少 using 指令或程序集引用?)
错误结束=========================================== e 
System.Web.HttpCompileException (0x80004005): e:\ffqserp\trunk\application\Enterprise.IIS\business\Reports\primeCost.aspx(58): error CS1061: “ASP.business_reports_primecost_aspx”不包含“Grid1_RowCommand”的定义，并且找不到可接受类型为“ASP.business_reports_primecost_aspx”的第一个参数的扩展方法“Grid1_RowCommand”(是否缺少 using 指令或程序集引用?)
   在 System.Web.Compilation.BuildManager.CompileWebFile(VirtualPath virtualPath)
   在 System.Web.Compilation.BuildManager.GetVPathBuildResultInternal(VirtualPath virtualPath, Boolean noBuild, Boolean allowCrossApp, Boolean allowBuildInPrecompile, Boolean throwIfNotFound, Boolean ensureIsUpToDate)
   在 System.Web.Compilation.BuildManager.GetVPathBuildResultWithNoAssert(HttpContext context, VirtualPath virtualPath, Boolean noBuild, Boolean allowCrossApp, Boolean allowBuildInPrecompile, Boolean throwIfNotFound, Boolean ensureIsUpToDate)
   在 System.Web.Compilation.BuildManager.GetVirtualPathObjectFactory(VirtualPath virtualPath, HttpContext context, Boolean allowCrossApp, Boolean throwIfNotFound)
   在 System.Web.Compilation.BuildManager.CreateInstanceFromVirtualPath(VirtualPath virtualPath, Type requiredBaseType, HttpContext context, Boolean allowCrossApp)
   在 System.Web.UI.PageHandlerFactory.GetHandlerHelper(HttpContext context, String requestType, VirtualPath virtualPath, String physicalPath)
   在 System.Web.UI.PageHandlerFactory.GetHandler(HttpContext context, String requestType, String virtualPath, String path)
   在 System.Web.HttpApplication.MaterializeHandlerExecutionStep.System.Web.HttpApplication.IExecutionStep.Execute()
   在 System.Web.HttpApplication.ExecuteStepImpl(IExecutionStep step)
   在 System.Web.HttpApplication.ExecuteStep(IExecutionStep step, Boolean& completedSynchronously)
2019/05/17 +08:00 10:53:44     [15700] Enterprise.Framework.Log.LogUtil.ErrorLog(:0) Enterprise.Framework.Log.LogUtil.ErrorLog(:0) [(null)] - e:\ffqserp\trunk\application\Enterprise.IIS\business\Reports\primeCost.aspx(58): error CS1061: “ASP.business_reports_primecost_aspx”不包含“Grid1_RowCommand”的定义，并且找不到可接受类型为“ASP.business_reports_primecost_aspx”的第一个参数的扩展方法“Grid1_RowCommand”(是否缺少 using 指令或程序集引用?) e 
System.Web.HttpCompileException (0x80004005): e:\ffqserp\trunk\application\Enterprise.IIS\business\Reports\primeCost.aspx(58): error CS1061: “ASP.business_reports_primecost_aspx”不包含“Grid1_RowCommand”的定义，并且找不到可接受类型为“ASP.business_reports_primecost_aspx”的第一个参数的扩展方法“Grid1_RowCommand”(是否缺少 using 指令或程序集引用?)
   在 System.Web.Compilation.BuildManager.CompileWebFile(VirtualPath virtualPath)
   在 System.Web.Compilation.BuildManager.GetVPathBuildResultInternal(VirtualPath virtualPath, Boolean noBuild, Boolean allowCrossApp, Boolean allowBuildInPrecompile, Boolean throwIfNotFound, Boolean ensureIsUpToDate)
   在 System.Web.Compilation.BuildManager.GetVPathBuildResultWithNoAssert(HttpContext context, VirtualPath virtualPath, Boolean noBuild, Boolean allowCrossApp, Boolean allowBuildInPrecompile, Boolean throwIfNotFound, Boolean ensureIsUpToDate)
   在 System.Web.Compilation.BuildManager.GetVirtualPathObjectFactory(VirtualPath virtualPath, HttpContext context, Boolean allowCrossApp, Boolean throwIfNotFound)
   在 System.Web.Compilation.BuildManager.CreateInstanceFromVirtualPath(VirtualPath virtualPath, Type requiredBaseType, HttpContext context, Boolean allowCrossApp)
   在 System.Web.UI.PageHandlerFactory.GetHandlerHelper(HttpContext context, String requestType, VirtualPath virtualPath, String physicalPath)
   在 System.Web.UI.PageHandlerFactory.GetHandler(HttpContext context, String requestType, String virtualPath, String path)
   在 System.Web.HttpApplication.MaterializeHandlerExecutionStep.System.Web.HttpApplication.IExecutionStep.Execute()
   在 System.Web.HttpApplication.ExecuteStepImpl(IExecutionStep step)
   在 System.Web.HttpApplication.ExecuteStep(IExecutionStep step, Boolean& completedSynchronously)
2019/05/17 +08:00 10:54:09     [28132] Enterprise.Framework.Log.LogUtil.ErrorLog(:0) Enterprise.Framework.Log.LogUtil.ErrorLog(:0) [(null)] - 
错误开始===========================================
客户机IP:::1
错误地址:http://localhost:19008/Business/Reports/primeCost.aspx
异常信息:e:\ffqserp\trunk\application\Enterprise.IIS\business\Reports\primeCost.aspx(58): error CS1061: “ASP.business_reports_primecost_aspx”不包含“Grid1_Sort”的定义，并且找不到可接受类型为“ASP.business_reports_primecost_aspx”的第一个参数的扩展方法“Grid1_Sort”(是否缺少 using 指令或程序集引用?)
错误结束=========================================== e 
System.Web.HttpCompileException (0x80004005): e:\ffqserp\trunk\application\Enterprise.IIS\business\Reports\primeCost.aspx(58): error CS1061: “ASP.business_reports_primecost_aspx”不包含“Grid1_Sort”的定义，并且找不到可接受类型为“ASP.business_reports_primecost_aspx”的第一个参数的扩展方法“Grid1_Sort”(是否缺少 using 指令或程序集引用?)
   在 System.Web.Compilation.BuildManager.CompileWebFile(VirtualPath virtualPath)
   在 System.Web.Compilation.BuildManager.GetVPathBuildResultInternal(VirtualPath virtualPath, Boolean noBuild, Boolean allowCrossApp, Boolean allowBuildInPrecompile, Boolean throwIfNotFound, Boolean ensureIsUpToDate)
   在 System.Web.Compilation.BuildManager.GetVPathBuildResultWithNoAssert(HttpContext context, VirtualPath virtualPath, Boolean noBuild, Boolean allowCrossApp, Boolean allowBuildInPrecompile, Boolean throwIfNotFound, Boolean ensureIsUpToDate)
   在 System.Web.Compilation.BuildManager.GetVirtualPathObjectFactory(VirtualPath virtualPath, HttpContext context, Boolean allowCrossApp, Boolean throwIfNotFound)
   在 System.Web.Compilation.BuildManager.CreateInstanceFromVirtualPath(VirtualPath virtualPath, Type requiredBaseType, HttpContext context, Boolean allowCrossApp)
   在 System.Web.UI.PageHandlerFactory.GetHandlerHelper(HttpContext context, String requestType, VirtualPath virtualPath, String physicalPath)
   在 System.Web.UI.PageHandlerFactory.GetHandler(HttpContext context, String requestType, String virtualPath, String path)
   在 System.Web.HttpApplication.MaterializeHandlerExecutionStep.System.Web.HttpApplication.IExecutionStep.Execute()
   在 System.Web.HttpApplication.ExecuteStepImpl(IExecutionStep step)
   在 System.Web.HttpApplication.ExecuteStep(IExecutionStep step, Boolean& completedSynchronously)
2019/05/17 +08:00 10:54:09     [28132] Enterprise.Framework.Log.LogUtil.ErrorLog(:0) Enterprise.Framework.Log.LogUtil.ErrorLog(:0) [(null)] - e:\ffqserp\trunk\application\Enterprise.IIS\business\Reports\primeCost.aspx(58): error CS1061: “ASP.business_reports_primecost_aspx”不包含“Grid1_Sort”的定义，并且找不到可接受类型为“ASP.business_reports_primecost_aspx”的第一个参数的扩展方法“Grid1_Sort”(是否缺少 using 指令或程序集引用?) e 
System.Web.HttpCompileException (0x80004005): e:\ffqserp\trunk\application\Enterprise.IIS\business\Reports\primeCost.aspx(58): error CS1061: “ASP.business_reports_primecost_aspx”不包含“Grid1_Sort”的定义，并且找不到可接受类型为“ASP.business_reports_primecost_aspx”的第一个参数的扩展方法“Grid1_Sort”(是否缺少 using 指令或程序集引用?)
   在 System.Web.Compilation.BuildManager.CompileWebFile(VirtualPath virtualPath)
   在 System.Web.Compilation.BuildManager.GetVPathBuildResultInternal(VirtualPath virtualPath, Boolean noBuild, Boolean allowCrossApp, Boolean allowBuildInPrecompile, Boolean throwIfNotFound, Boolean ensureIsUpToDate)
   在 System.Web.Compilation.BuildManager.GetVPathBuildResultWithNoAssert(HttpContext context, VirtualPath virtualPath, Boolean noBuild, Boolean allowCrossApp, Boolean allowBuildInPrecompile, Boolean throwIfNotFound, Boolean ensureIsUpToDate)
   在 System.Web.Compilation.BuildManager.GetVirtualPathObjectFactory(VirtualPath virtualPath, HttpContext context, Boolean allowCrossApp, Boolean throwIfNotFound)
   在 System.Web.Compilation.BuildManager.CreateInstanceFromVirtualPath(VirtualPath virtualPath, Type requiredBaseType, HttpContext context, Boolean allowCrossApp)
   在 System.Web.UI.PageHandlerFactory.GetHandlerHelper(HttpContext context, String requestType, VirtualPath virtualPath, String physicalPath)
   在 System.Web.UI.PageHandlerFactory.GetHandler(HttpContext context, String requestType, String virtualPath, String path)
   在 System.Web.HttpApplication.MaterializeHandlerExecutionStep.System.Web.HttpApplication.IExecutionStep.Execute()
   在 System.Web.HttpApplication.ExecuteStepImpl(IExecutionStep step)
   在 System.Web.HttpApplication.ExecuteStep(IExecutionStep step, Boolean& completedSynchronously)
2019/05/17 +08:00 10:54:53     [15700] Enterprise.Framework.Log.LogUtil.ErrorLog(:0) Enterprise.Framework.Log.LogUtil.ErrorLog(:0) [(null)] - 
错误开始===========================================
客户机IP:::1
错误地址:http://localhost:19008/Business/Reports/primeCost.aspx
异常信息:e:\ffqserp\trunk\application\Enterprise.IIS\business\Reports\primeCost.aspx(123): error CS1061: “ASP.business_reports_primecost_aspx”不包含“Window1_Close”的定义，并且找不到可接受类型为“ASP.business_reports_primecost_aspx”的第一个参数的扩展方法“Window1_Close”(是否缺少 using 指令或程序集引用?)
错误结束=========================================== e 
System.Web.HttpCompileException (0x80004005): e:\ffqserp\trunk\application\Enterprise.IIS\business\Reports\primeCost.aspx(123): error CS1061: “ASP.business_reports_primecost_aspx”不包含“Window1_Close”的定义，并且找不到可接受类型为“ASP.business_reports_primecost_aspx”的第一个参数的扩展方法“Window1_Close”(是否缺少 using 指令或程序集引用?)
   在 System.Web.Compilation.AssemblyBuilder.Compile()
   在 System.Web.Compilation.BuildProvidersCompiler.PerformBuild()
   在 System.Web.Compilation.BuildManager.CompileWebFile(VirtualPath virtualPath)
   在 System.Web.Compilation.BuildManager.GetVPathBuildResultInternal(VirtualPath virtualPath, Boolean noBuild, Boolean allowCrossApp, Boolean allowBuildInPrecompile, Boolean throwIfNotFound, Boolean ensureIsUpToDate)
   在 System.Web.Compilation.BuildManager.GetVPathBuildResultWithNoAssert(HttpContext context, VirtualPath virtualPath, Boolean noBuild, Boolean allowCrossApp, Boolean allowBuildInPrecompile, Boolean throwIfNotFound, Boolean ensureIsUpToDate)
   在 System.Web.Compilation.BuildManager.GetVirtualPathObjectFactory(VirtualPath virtualPath, HttpContext context, Boolean allowCrossApp, Boolean throwIfNotFound)
   在 System.Web.Compilation.BuildManager.CreateInstanceFromVirtualPath(VirtualPath virtualPath, Type requiredBaseType, HttpContext context, Boolean allowCrossApp)
   在 System.Web.UI.PageHandlerFactory.GetHandlerHelper(HttpContext context, String requestType, VirtualPath virtualPath, String physicalPath)
   在 System.Web.UI.PageHandlerFactory.GetHandler(HttpContext context, String requestType, String virtualPath, String path)
   在 System.Web.HttpApplication.MaterializeHandlerExecutionStep.System.Web.HttpApplication.IExecutionStep.Execute()
   在 System.Web.HttpApplication.ExecuteStepImpl(IExecutionStep step)
   在 System.Web.HttpApplication.ExecuteStep(IExecutionStep step, Boolean& completedSynchronously)
2019/05/17 +08:00 10:54:53     [15700] Enterprise.Framework.Log.LogUtil.ErrorLog(:0) Enterprise.Framework.Log.LogUtil.ErrorLog(:0) [(null)] - e:\ffqserp\trunk\application\Enterprise.IIS\business\Reports\primeCost.aspx(123): error CS1061: “ASP.business_reports_primecost_aspx”不包含“Window1_Close”的定义，并且找不到可接受类型为“ASP.business_reports_primecost_aspx”的第一个参数的扩展方法“Window1_Close”(是否缺少 using 指令或程序集引用?) e 
System.Web.HttpCompileException (0x80004005): e:\ffqserp\trunk\application\Enterprise.IIS\business\Reports\primeCost.aspx(123): error CS1061: “ASP.business_reports_primecost_aspx”不包含“Window1_Close”的定义，并且找不到可接受类型为“ASP.business_reports_primecost_aspx”的第一个参数的扩展方法“Window1_Close”(是否缺少 using 指令或程序集引用?)
   在 System.Web.Compilation.AssemblyBuilder.Compile()
   在 System.Web.Compilation.BuildProvidersCompiler.PerformBuild()
   在 System.Web.Compilation.BuildManager.CompileWebFile(VirtualPath virtualPath)
   在 System.Web.Compilation.BuildManager.GetVPathBuildResultInternal(VirtualPath virtualPath, Boolean noBuild, Boolean allowCrossApp, Boolean allowBuildInPrecompile, Boolean throwIfNotFound, Boolean ensureIsUpToDate)
   在 System.Web.Compilation.BuildManager.GetVPathBuildResultWithNoAssert(HttpContext context, VirtualPath virtualPath, Boolean noBuild, Boolean allowCrossApp, Boolean allowBuildInPrecompile, Boolean throwIfNotFound, Boolean ensureIsUpToDate)
   在 System.Web.Compilation.BuildManager.GetVirtualPathObjectFactory(VirtualPath virtualPath, HttpContext context, Boolean allowCrossApp, Boolean throwIfNotFound)
   在 System.Web.Compilation.BuildManager.CreateInstanceFromVirtualPath(VirtualPath virtualPath, Type requiredBaseType, HttpContext context, Boolean allowCrossApp)
   在 System.Web.UI.PageHandlerFactory.GetHandlerHelper(HttpContext context, String requestType, VirtualPath virtualPath, String physicalPath)
   在 System.Web.UI.PageHandlerFactory.GetHandler(HttpContext context, String requestType, String virtualPath, String path)
   在 System.Web.HttpApplication.MaterializeHandlerExecutionStep.System.Web.HttpApplication.IExecutionStep.Execute()
   在 System.Web.HttpApplication.ExecuteStepImpl(IExecutionStep step)
   在 System.Web.HttpApplication.ExecuteStep(IExecutionStep step, Boolean& completedSynchronously)
2019/05/17 +08:00 15:37:20     [14532] Enterprise.Framework.Log.LogUtil.InfoLog(:0) Enterprise.Framework.Log.LogUtil.InfoLog(:0) [(null)] - ，发货单：XS-190517-0003，发货单详细单号：105435---G0021, e 
2019/05/17 +08:00 15:37:41     [14532] Enterprise.Framework.Log.LogUtil.InfoLog(:0) Enterprise.Framework.Log.LogUtil.InfoLog(:0) [(null)] - ，发货单：XS-190517-0003，发货单详细单号：105435---G0021,错误：，发货单：XS-190517-0003，发货单详细单号：105435---G0021,,错误信息：无法连接到远程服务器,错误堆栈：   在 System.Net.HttpWebRequest.GetRequestStream(TransportContext& context)
   在 System.Net.HttpWebRequest.GetRequestStream()
   在 Enterprise.IIS.Common.HttpRequest.httpRequest(tmsModel t, String uri) 位置 E:\ffqserp\trunk\application\Enterprise.IIS\Common\HttpRequest.cs:行号 61 e 
