2019/06/14 +08:00 09:44:08     [16804] Enterprise.Framework.Log.LogUtil.ErrorLog(:0) Enterprise.Framework.Log.LogUtil.ErrorLog(:0) [(null)] - 
错误开始===========================================
客户机IP:::1
错误地址:http://localhost:19008/Business/Factor/PipeCarSalesVolume.aspx
异常信息:引发类型为“System.Web.HttpUnhandledException”的异常。
错误结束=========================================== e 
System.Web.HttpUnhandledException (0x80004005): 引发类型为“System.Web.HttpUnhandledException”的异常。 ---> System.NotSupportedException: LINQ to Entities 不识别方法“System.Decimal ToDecimal(System.String)”，因此该方法无法转换为存储表达式。
   在 System.Data.Objects.ELinq.ExpressionConverter.MethodCallTranslator.DefaultTranslator.Translate(ExpressionConverter parent, MethodCallExpression call)
   在 System.Data.Objects.ELinq.ExpressionConverter.MethodCallTranslator.TypedTranslate(ExpressionConverter parent, MethodCallExpression linq)
   在 System.Data.Objects.ELinq.ExpressionConverter.TypedTranslator`1.Translate(ExpressionConverter parent, Expression linq)
   在 System.Data.Objects.ELinq.ExpressionConverter.TranslateExpression(Expression linq)
   在 System.Data.Objects.ELinq.ExpressionConverter.EqualsTranslator.TypedTranslate(ExpressionConverter parent, BinaryExpression linq)
   在 System.Data.Objects.ELinq.ExpressionConverter.TypedTranslator`1.Translate(ExpressionConverter parent, Expression linq)
   在 System.Data.Objects.ELinq.ExpressionConverter.TranslateExpression(Expression linq)
   在 System.Data.Objects.ELinq.ExpressionConverter.BinaryTranslator.TypedTranslate(ExpressionConverter parent, BinaryExpression linq)
   在 System.Data.Objects.ELinq.ExpressionConverter.TypedTranslator`1.Translate(ExpressionConverter parent, Expression linq)
   在 System.Data.Objects.ELinq.ExpressionConverter.TranslateExpression(Expression linq)
   在 System.Data.Objects.ELinq.ExpressionConverter.BinaryTranslator.TypedTranslate(ExpressionConverter parent, BinaryExpression linq)
   在 System.Data.Objects.ELinq.ExpressionConverter.TypedTranslator`1.Translate(ExpressionConverter parent, Expression linq)
   在 System.Data.Objects.ELinq.ExpressionConverter.TranslateExpression(Expression linq)
   在 System.Data.Objects.ELinq.ExpressionConverter.TranslateLambda(LambdaExpression lambda, DbExpression input)
   在 System.Data.Objects.ELinq.ExpressionConverter.TranslateLambda(LambdaExpression lambda, DbExpression input, DbExpressionBinding& binding)
   在 System.Data.Objects.ELinq.ExpressionConverter.MethodCallTranslator.OneLambdaTranslator.Translate(ExpressionConverter parent, MethodCallExpression call, DbExpression& source, DbExpressionBinding& sourceBinding, DbExpression& lambda)
   在 System.Data.Objects.ELinq.ExpressionConverter.MethodCallTranslator.OneLambdaTranslator.Translate(ExpressionConverter parent, MethodCallExpression call)
   在 System.Data.Objects.ELinq.ExpressionConverter.MethodCallTranslator.SequenceMethodTranslator.Translate(ExpressionConverter parent, MethodCallExpression call, SequenceMethod sequenceMethod)
   在 System.Data.Objects.ELinq.ExpressionConverter.MethodCallTranslator.TypedTranslate(ExpressionConverter parent, MethodCallExpression linq)
   在 System.Data.Objects.ELinq.ExpressionConverter.TypedTranslator`1.Translate(ExpressionConverter parent, Expression linq)
   在 System.Data.Objects.ELinq.ExpressionConverter.TranslateExpression(Expression linq)
   在 System.Data.Objects.ELinq.ExpressionConverter.MethodCallTranslator.UnarySequenceMethodTranslator.Translate(ExpressionConverter parent, MethodCallExpression call)
   在 System.Data.Objects.ELinq.ExpressionConverter.MethodCallTranslator.SequenceMethodTranslator.Translate(ExpressionConverter parent, MethodCallExpression call, SequenceMethod sequenceMethod)
   在 System.Data.Objects.ELinq.ExpressionConverter.MethodCallTranslator.TypedTranslate(ExpressionConverter parent, MethodCallExpression linq)
   在 System.Data.Objects.ELinq.ExpressionConverter.TypedTranslator`1.Translate(ExpressionConverter parent, Expression linq)
   在 System.Data.Objects.ELinq.ExpressionConverter.TranslateExpression(Expression linq)
   在 System.Data.Objects.ELinq.ExpressionConverter.Convert()
   在 System.Data.Objects.ELinq.ELinqQueryState.GetExecutionPlan(Nullable`1 forMergeOption)
   在 System.Data.Objects.ObjectQuery`1.GetResults(Nullable`1 forMergeOption)
   在 System.Data.Objects.ObjectQuery`1.System.Collections.Generic.IEnumerable<T>.GetEnumerator()
   在 System.Linq.Enumerable.FirstOrDefault[TSource](IEnumerable`1 source)
   在 System.Data.Objects.ELinq.ObjectQueryProvider.<>c__11`1.<GetElementFunction>b__11_1(IEnumerable`1 sequence)
   在 System.Data.Objects.ELinq.ObjectQueryProvider.ExecuteSingle[TResult](IEnumerable`1 query, Expression queryRoot)
   在 System.Data.Objects.ELinq.ObjectQueryProvider.System.Linq.IQueryProvider.Execute[S](Expression expression)
   在 System.Data.Entity.Internal.Linq.DbQueryProvider.Execute[TResult](Expression expression)
   在 System.Linq.Queryable.FirstOrDefault[TSource](IQueryable`1 source)
   在 Enterprise.IIS.business.Factor.PipeCarSalesVolume.Grid1_RowDataBound(Object sender, GridRowEventArgs e) 位置 E:\ffqserp\trunk\application\Enterprise.IIS\business\Factor\PipeCarSalesVolume.aspx.cs:行号 188
   在 FineUI.Grid.OnRowDataBound(GridRowEventArgs e)
   在 FineUI.Grid.DataBindRow(Int32 rowIndex, Object rowObj)
   在 FineUI.Grid.DataBindToDataTable(DataTable dataTable)
   在 FineUI.Grid.DataBind()
   在 Enterprise.IIS.business.Factor.PipeCarSalesVolume.BindData() 位置 E:\ffqserp\trunk\application\Enterprise.IIS\business\Factor\PipeCarSalesVolume.aspx.cs:行号 124
   在 Enterprise.IIS.business.Factor.PipeCarSalesVolume.btnSearch_Click(Object sender, EventArgs e) 位置 E:\ffqserp\trunk\application\Enterprise.IIS\business\Factor\PipeCarSalesVolume.aspx.cs:行号 130
   在 FineUI.Button.OnClick(EventArgs e)
   在 FineUI.Button.RaisePostBackEvent(String eventArgument)
   在 System.Web.UI.Page.RaisePostBackEvent(IPostBackEventHandler sourceControl, String eventArgument)
   在 System.Web.UI.Page.RaisePostBackEvent(NameValueCollection postData)
   在 System.Web.UI.Page.ProcessRequestMain(Boolean includeStagesBeforeAsyncPoint, Boolean includeStagesAfterAsyncPoint)
   在 System.Web.UI.Page.HandleError(Exception e)
   在 System.Web.UI.Page.ProcessRequestMain(Boolean includeStagesBeforeAsyncPoint, Boolean includeStagesAfterAsyncPoint)
   在 System.Web.UI.Page.ProcessRequest(Boolean includeStagesBeforeAsyncPoint, Boolean includeStagesAfterAsyncPoint)
   在 System.Web.UI.Page.ProcessRequest()
   在 System.Web.UI.Page.ProcessRequestWithNoAssert(HttpContext context)
   在 System.Web.UI.Page.ProcessRequest(HttpContext context)
   在 ASP.business_factor_pipecarsalesvolume_aspx.ProcessRequest(HttpContext context) 位置 c:\Windows\Microsoft.NET\Framework\v4.0.30319\Temporary ASP.NET Files\vs\acc0e68d\f6fd98d3\App_Web_ae4dcqpl.2.cs:行号 0
   在 System.Web.HttpApplication.CallHandlerExecutionStep.System.Web.HttpApplication.IExecutionStep.Execute()
   在 System.Web.HttpApplication.ExecuteStepImpl(IExecutionStep step)
   在 System.Web.HttpApplication.ExecuteStep(IExecutionStep step, Boolean& completedSynchronously)
2019/06/14 +08:00 09:44:09     [16804] Enterprise.Framework.Log.LogUtil.ErrorLog(:0) Enterprise.Framework.Log.LogUtil.ErrorLog(:0) [(null)] - LINQ to Entities 不识别方法“System.Decimal ToDecimal(System.String)”，因此该方法无法转换为存储表达式。 e 
System.NotSupportedException: LINQ to Entities 不识别方法“System.Decimal ToDecimal(System.String)”，因此该方法无法转换为存储表达式。
   在 System.Data.Objects.ELinq.ExpressionConverter.MethodCallTranslator.DefaultTranslator.Translate(ExpressionConverter parent, MethodCallExpression call)
   在 System.Data.Objects.ELinq.ExpressionConverter.MethodCallTranslator.TypedTranslate(ExpressionConverter parent, MethodCallExpression linq)
   在 System.Data.Objects.ELinq.ExpressionConverter.TypedTranslator`1.Translate(ExpressionConverter parent, Expression linq)
   在 System.Data.Objects.ELinq.ExpressionConverter.TranslateExpression(Expression linq)
   在 System.Data.Objects.ELinq.ExpressionConverter.EqualsTranslator.TypedTranslate(ExpressionConverter parent, BinaryExpression linq)
   在 System.Data.Objects.ELinq.ExpressionConverter.TypedTranslator`1.Translate(ExpressionConverter parent, Expression linq)
   在 System.Data.Objects.ELinq.ExpressionConverter.TranslateExpression(Expression linq)
   在 System.Data.Objects.ELinq.ExpressionConverter.BinaryTranslator.TypedTranslate(ExpressionConverter parent, BinaryExpression linq)
   在 System.Data.Objects.ELinq.ExpressionConverter.TypedTranslator`1.Translate(ExpressionConverter parent, Expression linq)
   在 System.Data.Objects.ELinq.ExpressionConverter.TranslateExpression(Expression linq)
   在 System.Data.Objects.ELinq.ExpressionConverter.BinaryTranslator.TypedTranslate(ExpressionConverter parent, BinaryExpression linq)
   在 System.Data.Objects.ELinq.ExpressionConverter.TypedTranslator`1.Translate(ExpressionConverter parent, Expression linq)
   在 System.Data.Objects.ELinq.ExpressionConverter.TranslateExpression(Expression linq)
   在 System.Data.Objects.ELinq.ExpressionConverter.TranslateLambda(LambdaExpression lambda, DbExpression input)
   在 System.Data.Objects.ELinq.ExpressionConverter.TranslateLambda(LambdaExpression lambda, DbExpression input, DbExpressionBinding& binding)
   在 System.Data.Objects.ELinq.ExpressionConverter.MethodCallTranslator.OneLambdaTranslator.Translate(ExpressionConverter parent, MethodCallExpression call, DbExpression& source, DbExpressionBinding& sourceBinding, DbExpression& lambda)
   在 System.Data.Objects.ELinq.ExpressionConverter.MethodCallTranslator.OneLambdaTranslator.Translate(ExpressionConverter parent, MethodCallExpression call)
   在 System.Data.Objects.ELinq.ExpressionConverter.MethodCallTranslator.SequenceMethodTranslator.Translate(ExpressionConverter parent, MethodCallExpression call, SequenceMethod sequenceMethod)
   在 System.Data.Objects.ELinq.ExpressionConverter.MethodCallTranslator.TypedTranslate(ExpressionConverter parent, MethodCallExpression linq)
   在 System.Data.Objects.ELinq.ExpressionConverter.TypedTranslator`1.Translate(ExpressionConverter parent, Expression linq)
   在 System.Data.Objects.ELinq.ExpressionConverter.TranslateExpression(Expression linq)
   在 System.Data.Objects.ELinq.ExpressionConverter.MethodCallTranslator.UnarySequenceMethodTranslator.Translate(ExpressionConverter parent, MethodCallExpression call)
   在 System.Data.Objects.ELinq.ExpressionConverter.MethodCallTranslator.SequenceMethodTranslator.Translate(ExpressionConverter parent, MethodCallExpression call, SequenceMethod sequenceMethod)
   在 System.Data.Objects.ELinq.ExpressionConverter.MethodCallTranslator.TypedTranslate(ExpressionConverter parent, MethodCallExpression linq)
   在 System.Data.Objects.ELinq.ExpressionConverter.TypedTranslator`1.Translate(ExpressionConverter parent, Expression linq)
   在 System.Data.Objects.ELinq.ExpressionConverter.TranslateExpression(Expression linq)
   在 System.Data.Objects.ELinq.ExpressionConverter.Convert()
   在 System.Data.Objects.ELinq.ELinqQueryState.GetExecutionPlan(Nullable`1 forMergeOption)
   在 System.Data.Objects.ObjectQuery`1.GetResults(Nullable`1 forMergeOption)
   在 System.Data.Objects.ObjectQuery`1.System.Collections.Generic.IEnumerable<T>.GetEnumerator()
   在 System.Linq.Enumerable.FirstOrDefault[TSource](IEnumerable`1 source)
   在 System.Data.Objects.ELinq.ObjectQueryProvider.<>c__11`1.<GetElementFunction>b__11_1(IEnumerable`1 sequence)
   在 System.Data.Objects.ELinq.ObjectQueryProvider.ExecuteSingle[TResult](IEnumerable`1 query, Expression queryRoot)
   在 System.Data.Objects.ELinq.ObjectQueryProvider.System.Linq.IQueryProvider.Execute[S](Expression expression)
   在 System.Data.Entity.Internal.Linq.DbQueryProvider.Execute[TResult](Expression expression)
   在 System.Linq.Queryable.FirstOrDefault[TSource](IQueryable`1 source)
   在 Enterprise.IIS.business.Factor.PipeCarSalesVolume.Grid1_RowDataBound(Object sender, GridRowEventArgs e) 位置 E:\ffqserp\trunk\application\Enterprise.IIS\business\Factor\PipeCarSalesVolume.aspx.cs:行号 188
   在 FineUI.Grid.OnRowDataBound(GridRowEventArgs e)
   在 FineUI.Grid.DataBindRow(Int32 rowIndex, Object rowObj)
   在 FineUI.Grid.DataBindToDataTable(DataTable dataTable)
   在 FineUI.Grid.DataBind()
   在 Enterprise.IIS.business.Factor.PipeCarSalesVolume.BindData() 位置 E:\ffqserp\trunk\application\Enterprise.IIS\business\Factor\PipeCarSalesVolume.aspx.cs:行号 124
   在 Enterprise.IIS.business.Factor.PipeCarSalesVolume.btnSearch_Click(Object sender, EventArgs e) 位置 E:\ffqserp\trunk\application\Enterprise.IIS\business\Factor\PipeCarSalesVolume.aspx.cs:行号 130
   在 FineUI.Button.OnClick(EventArgs e)
   在 FineUI.Button.RaisePostBackEvent(String eventArgument)
   在 System.Web.UI.Page.RaisePostBackEvent(IPostBackEventHandler sourceControl, String eventArgument)
   在 System.Web.UI.Page.RaisePostBackEvent(NameValueCollection postData)
   在 System.Web.UI.Page.ProcessRequestMain(Boolean includeStagesBeforeAsyncPoint, Boolean includeStagesAfterAsyncPoint)
2019/06/14 +08:00 09:52:04     [19736] Enterprise.Framework.Log.LogUtil.ErrorLog(:0) Enterprise.Framework.Log.LogUtil.ErrorLog(:0) [(null)] - 
错误开始===========================================
客户机IP:::1
错误地址:http://localhost:19008/Business/Factor/PipeCarSalesVolume.aspx
异常信息:引发类型为“System.Web.HttpUnhandledException”的异常。
错误结束=========================================== e 
System.Web.HttpUnhandledException (0x80004005): 引发类型为“System.Web.HttpUnhandledException”的异常。 ---> System.Reflection.TargetInvocationException: 调用的目标发生了异常。 ---> Microsoft.JScript.JScriptException: 应为“)”
   在 Microsoft.JScript.DocumentContext.HandleError(JScriptException error)
   在 Microsoft.JScript.Context.HandleError(JSError errorId, String message, Boolean treatAsError)
   在 Microsoft.JScript.JSParser.EOFError(JSError errorId)
   在 Microsoft.JScript.JSParser.ReportError(JSError errorId, Context context, Boolean skipToken)
   在 Microsoft.JScript.JSParser.ReportError(JSError errorId, Boolean skipToken)
   在 Microsoft.JScript.JSParser.ParseLeftHandSideExpression(Boolean isMinus, Boolean& canBeAttribute, Boolean warnForKeyword)
   在 Microsoft.JScript.JSParser.ParseUnaryExpression(Boolean& isLeftHandSideExpr, Boolean& canBeAttribute, Boolean isMinus, Boolean warnForKeyword)
   在 Microsoft.JScript.JSParser.ParseExpression(AST leftHandSide, Boolean single, Boolean bCanAssign, JSToken inToken)
   在 Microsoft.JScript.JSParser.ParseStatement()
   在 Microsoft.JScript.JSParser.ParseStatements(Boolean insideEval)
   在 Microsoft.JScript.Eval.DoEvaluate(Object source, VsaEngine engine, Boolean isUnsafe)
   在 Microsoft.JScript.Eval.JScriptEvaluate(Object source, Object unsafeOption, VsaEngine engine)
   在 Evaluator.Eval(String expr)
   --- 内部异常堆栈跟踪的结尾 ---
   在 System.RuntimeMethodHandle.InvokeMethod(Object target, Object[] arguments, Signature sig, Boolean constructor)
   在 System.Reflection.RuntimeMethodInfo.UnsafeInvokeInternal(Object obj, Object[] parameters, Object[] arguments)
   在 System.Reflection.RuntimeMethodInfo.Invoke(Object obj, BindingFlags invokeAttr, Binder binder, Object[] parameters, CultureInfo culture)
   在 System.RuntimeType.InvokeMember(String name, BindingFlags bindingFlags, Binder binder, Object target, Object[] providedArgs, ParameterModifier[] modifiers, CultureInfo culture, String[] namedParams)
   在 System.Type.InvokeMember(String name, BindingFlags invokeAttr, Binder binder, Object target, Object[] args)
   在 Enterprise.IIS.Common.FormulaCalculator.Eval(String statement) 位置 E:\ffqserp\trunk\application\Enterprise.IIS\Common\FormulaCalculator.cs:行号 19
   在 Enterprise.IIS.business.Factor.PipeCarSalesVolume.Grid1_RowDataBound(Object sender, GridRowEventArgs e) 位置 E:\ffqserp\trunk\application\Enterprise.IIS\business\Factor\PipeCarSalesVolume.aspx.cs:行号 235
   在 FineUI.Grid.OnRowDataBound(GridRowEventArgs e)
   在 FineUI.Grid.DataBindRow(Int32 rowIndex, Object rowObj)
   在 FineUI.Grid.DataBindToDataTable(DataTable dataTable)
   在 FineUI.Grid.DataBind()
   在 Enterprise.IIS.business.Factor.PipeCarSalesVolume.BindData() 位置 E:\ffqserp\trunk\application\Enterprise.IIS\business\Factor\PipeCarSalesVolume.aspx.cs:行号 124
   在 Enterprise.IIS.business.Factor.PipeCarSalesVolume.btnSearch_Click(Object sender, EventArgs e) 位置 E:\ffqserp\trunk\application\Enterprise.IIS\business\Factor\PipeCarSalesVolume.aspx.cs:行号 130
   在 FineUI.Button.OnClick(EventArgs e)
   在 FineUI.Button.RaisePostBackEvent(String eventArgument)
   在 System.Web.UI.Page.RaisePostBackEvent(IPostBackEventHandler sourceControl, String eventArgument)
   在 System.Web.UI.Page.RaisePostBackEvent(NameValueCollection postData)
   在 System.Web.UI.Page.ProcessRequestMain(Boolean includeStagesBeforeAsyncPoint, Boolean includeStagesAfterAsyncPoint)
   在 System.Web.UI.Page.HandleError(Exception e)
   在 System.Web.UI.Page.ProcessRequestMain(Boolean includeStagesBeforeAsyncPoint, Boolean includeStagesAfterAsyncPoint)
   在 System.Web.UI.Page.ProcessRequest(Boolean includeStagesBeforeAsyncPoint, Boolean includeStagesAfterAsyncPoint)
   在 System.Web.UI.Page.ProcessRequest()
   在 System.Web.UI.Page.ProcessRequestWithNoAssert(HttpContext context)
   在 System.Web.UI.Page.ProcessRequest(HttpContext context)
   在 ASP.business_factor_pipecarsalesvolume_aspx.ProcessRequest(HttpContext context) 位置 c:\Windows\Microsoft.NET\Framework\v4.0.30319\Temporary ASP.NET Files\vs\acc0e68d\f6fd98d3\App_Web_5543wvni.0.cs:行号 0
   在 System.Web.HttpApplication.CallHandlerExecutionStep.System.Web.HttpApplication.IExecutionStep.Execute()
   在 System.Web.HttpApplication.ExecuteStepImpl(IExecutionStep step)
   在 System.Web.HttpApplication.ExecuteStep(IExecutionStep step, Boolean& completedSynchronously)
2019/06/14 +08:00 09:52:04     [19736] Enterprise.Framework.Log.LogUtil.ErrorLog(:0) Enterprise.Framework.Log.LogUtil.ErrorLog(:0) [(null)] - 应为“)” e 
Microsoft.JScript.JScriptException: 应为“)”
   在 Microsoft.JScript.DocumentContext.HandleError(JScriptException error)
   在 Microsoft.JScript.Context.HandleError(JSError errorId, String message, Boolean treatAsError)
   在 Microsoft.JScript.JSParser.EOFError(JSError errorId)
   在 Microsoft.JScript.JSParser.ReportError(JSError errorId, Context context, Boolean skipToken)
   在 Microsoft.JScript.JSParser.ReportError(JSError errorId, Boolean skipToken)
   在 Microsoft.JScript.JSParser.ParseLeftHandSideExpression(Boolean isMinus, Boolean& canBeAttribute, Boolean warnForKeyword)
   在 Microsoft.JScript.JSParser.ParseUnaryExpression(Boolean& isLeftHandSideExpr, Boolean& canBeAttribute, Boolean isMinus, Boolean warnForKeyword)
   在 Microsoft.JScript.JSParser.ParseExpression(AST leftHandSide, Boolean single, Boolean bCanAssign, JSToken inToken)
   在 Microsoft.JScript.JSParser.ParseStatement()
   在 Microsoft.JScript.JSParser.ParseStatements(Boolean insideEval)
   在 Microsoft.JScript.Eval.DoEvaluate(Object source, VsaEngine engine, Boolean isUnsafe)
   在 Microsoft.JScript.Eval.JScriptEvaluate(Object source, Object unsafeOption, VsaEngine engine)
   在 Evaluator.Eval(String expr)
2019/06/14 +08:00 09:54:59     [19736] Enterprise.Framework.Log.LogUtil.ErrorLog(:0) Enterprise.Framework.Log.LogUtil.ErrorLog(:0) [(null)] - 
错误开始===========================================
客户机IP:::1
错误地址:http://localhost:19008/Business/Factor/PipeCarSalesVolume.aspx
异常信息:引发类型为“System.Web.HttpUnhandledException”的异常。
错误结束=========================================== e 
System.Web.HttpUnhandledException (0x80004005): 引发类型为“System.Web.HttpUnhandledException”的异常。 ---> System.Reflection.TargetInvocationException: 调用的目标发生了异常。 ---> Microsoft.JScript.JScriptException: 应为“)”
   在 Microsoft.JScript.DocumentContext.HandleError(JScriptException error)
   在 Microsoft.JScript.Context.HandleError(JSError errorId, String message, Boolean treatAsError)
   在 Microsoft.JScript.JSParser.EOFError(JSError errorId)
   在 Microsoft.JScript.JSParser.ReportError(JSError errorId, Context context, Boolean skipToken)
   在 Microsoft.JScript.JSParser.ReportError(JSError errorId, Boolean skipToken)
   在 Microsoft.JScript.JSParser.ParseLeftHandSideExpression(Boolean isMinus, Boolean& canBeAttribute, Boolean warnForKeyword)
   在 Microsoft.JScript.JSParser.ParseUnaryExpression(Boolean& isLeftHandSideExpr, Boolean& canBeAttribute, Boolean isMinus, Boolean warnForKeyword)
   在 Microsoft.JScript.JSParser.ParseExpression(AST leftHandSide, Boolean single, Boolean bCanAssign, JSToken inToken)
   在 Microsoft.JScript.JSParser.ParseStatement()
   在 Microsoft.JScript.JSParser.ParseStatements(Boolean insideEval)
   在 Microsoft.JScript.Eval.DoEvaluate(Object source, VsaEngine engine, Boolean isUnsafe)
   在 Microsoft.JScript.Eval.JScriptEvaluate(Object source, Object unsafeOption, VsaEngine engine)
   在 Evaluator.Eval(String expr)
   --- 内部异常堆栈跟踪的结尾 ---
   在 System.RuntimeMethodHandle.InvokeMethod(Object target, Object[] arguments, Signature sig, Boolean constructor)
   在 System.Reflection.RuntimeMethodInfo.UnsafeInvokeInternal(Object obj, Object[] parameters, Object[] arguments)
   在 System.Reflection.RuntimeMethodInfo.Invoke(Object obj, BindingFlags invokeAttr, Binder binder, Object[] parameters, CultureInfo culture)
   在 System.RuntimeType.InvokeMember(String name, BindingFlags bindingFlags, Binder binder, Object target, Object[] providedArgs, ParameterModifier[] modifiers, CultureInfo culture, String[] namedParams)
   在 System.Type.InvokeMember(String name, BindingFlags invokeAttr, Binder binder, Object target, Object[] args)
   在 Enterprise.IIS.Common.FormulaCalculator.Eval(String statement) 位置 E:\ffqserp\trunk\application\Enterprise.IIS\Common\FormulaCalculator.cs:行号 19
   在 Enterprise.IIS.business.Factor.PipeCarSalesVolume.Grid1_RowDataBound(Object sender, GridRowEventArgs e) 位置 E:\ffqserp\trunk\application\Enterprise.IIS\business\Factor\PipeCarSalesVolume.aspx.cs:行号 235
   在 FineUI.Grid.OnRowDataBound(GridRowEventArgs e)
   在 FineUI.Grid.DataBindRow(Int32 rowIndex, Object rowObj)
   在 FineUI.Grid.DataBindToDataTable(DataTable dataTable)
   在 FineUI.Grid.DataBind()
   在 Enterprise.IIS.business.Factor.PipeCarSalesVolume.BindData() 位置 E:\ffqserp\trunk\application\Enterprise.IIS\business\Factor\PipeCarSalesVolume.aspx.cs:行号 124
   在 Enterprise.IIS.business.Factor.PipeCarSalesVolume.btnSearch_Click(Object sender, EventArgs e) 位置 E:\ffqserp\trunk\application\Enterprise.IIS\business\Factor\PipeCarSalesVolume.aspx.cs:行号 130
   在 FineUI.Button.OnClick(EventArgs e)
   在 FineUI.Button.RaisePostBackEvent(String eventArgument)
   在 System.Web.UI.Page.RaisePostBackEvent(IPostBackEventHandler sourceControl, String eventArgument)
   在 System.Web.UI.Page.RaisePostBackEvent(NameValueCollection postData)
   在 System.Web.UI.Page.ProcessRequestMain(Boolean includeStagesBeforeAsyncPoint, Boolean includeStagesAfterAsyncPoint)
   在 System.Web.UI.Page.HandleError(Exception e)
   在 System.Web.UI.Page.ProcessRequestMain(Boolean includeStagesBeforeAsyncPoint, Boolean includeStagesAfterAsyncPoint)
   在 System.Web.UI.Page.ProcessRequest(Boolean includeStagesBeforeAsyncPoint, Boolean includeStagesAfterAsyncPoint)
   在 System.Web.UI.Page.ProcessRequest()
   在 System.Web.UI.Page.ProcessRequestWithNoAssert(HttpContext context)
   在 System.Web.UI.Page.ProcessRequest(HttpContext context)
   在 ASP.business_factor_pipecarsalesvolume_aspx.ProcessRequest(HttpContext context) 位置 c:\Windows\Microsoft.NET\Framework\v4.0.30319\Temporary ASP.NET Files\vs\acc0e68d\f6fd98d3\App_Web_5543wvni.0.cs:行号 0
   在 System.Web.HttpApplication.CallHandlerExecutionStep.System.Web.HttpApplication.IExecutionStep.Execute()
   在 System.Web.HttpApplication.ExecuteStepImpl(IExecutionStep step)
   在 System.Web.HttpApplication.ExecuteStep(IExecutionStep step, Boolean& completedSynchronously)
2019/06/14 +08:00 09:54:59     [19736] Enterprise.Framework.Log.LogUtil.ErrorLog(:0) Enterprise.Framework.Log.LogUtil.ErrorLog(:0) [(null)] - 应为“)” e 
Microsoft.JScript.JScriptException: 应为“)”
   在 Microsoft.JScript.DocumentContext.HandleError(JScriptException error)
   在 Microsoft.JScript.Context.HandleError(JSError errorId, String message, Boolean treatAsError)
   在 Microsoft.JScript.JSParser.EOFError(JSError errorId)
   在 Microsoft.JScript.JSParser.ReportError(JSError errorId, Context context, Boolean skipToken)
   在 Microsoft.JScript.JSParser.ReportError(JSError errorId, Boolean skipToken)
   在 Microsoft.JScript.JSParser.ParseLeftHandSideExpression(Boolean isMinus, Boolean& canBeAttribute, Boolean warnForKeyword)
   在 Microsoft.JScript.JSParser.ParseUnaryExpression(Boolean& isLeftHandSideExpr, Boolean& canBeAttribute, Boolean isMinus, Boolean warnForKeyword)
   在 Microsoft.JScript.JSParser.ParseExpression(AST leftHandSide, Boolean single, Boolean bCanAssign, JSToken inToken)
   在 Microsoft.JScript.JSParser.ParseStatement()
   在 Microsoft.JScript.JSParser.ParseStatements(Boolean insideEval)
   在 Microsoft.JScript.Eval.DoEvaluate(Object source, VsaEngine engine, Boolean isUnsafe)
   在 Microsoft.JScript.Eval.JScriptEvaluate(Object source, Object unsafeOption, VsaEngine engine)
   在 Evaluator.Eval(String expr)
2019/06/14 +08:00 12:26:19     [20868] Enterprise.Framework.Log.LogUtil.ErrorLog(:0) Enterprise.Framework.Log.LogUtil.ErrorLog(:0) [(null)] - 
错误开始===========================================
客户机IP:::1
错误地址:http://localhost:19008/Business/Factor/PipeCarSalesVolume.aspx
异常信息:引发类型为“System.Web.HttpUnhandledException”的异常。
错误结束=========================================== e 
System.Web.HttpUnhandledException (0x80004005): 引发类型为“System.Web.HttpUnhandledException”的异常。 ---> System.FormatException: 输入字符串的格式不正确。
   在 System.Number.StringToNumber(String str, NumberStyles options, NumberBuffer& number, NumberFormatInfo info, Boolean parseDecimal)
   在 System.Number.ParseDecimal(String value, NumberStyles options, NumberFormatInfo numfmt)
   在 System.Convert.ToDecimal(String value)
   在 Enterprise.IIS.business.Factor.PipeCarSalesVolume.Grid1_RowDataBound(Object sender, GridRowEventArgs e) 位置 E:\ffqserp\trunk\application\Enterprise.IIS\business\Factor\PipeCarSalesVolume.aspx.cs:行号 172
   在 FineUI.Grid.OnRowDataBound(GridRowEventArgs e)
   在 FineUI.Grid.DataBindRow(Int32 rowIndex, Object rowObj)
   在 FineUI.Grid.DataBindToDataTable(DataTable dataTable)
   在 FineUI.Grid.DataBind()
   在 Enterprise.IIS.business.Factor.PipeCarSalesVolume.BindData() 位置 E:\ffqserp\trunk\application\Enterprise.IIS\business\Factor\PipeCarSalesVolume.aspx.cs:行号 125
   在 Enterprise.IIS.business.Factor.PipeCarSalesVolume.btnSearch_Click(Object sender, EventArgs e) 位置 E:\ffqserp\trunk\application\Enterprise.IIS\business\Factor\PipeCarSalesVolume.aspx.cs:行号 131
   在 FineUI.Button.OnClick(EventArgs e)
   在 FineUI.Button.RaisePostBackEvent(String eventArgument)
   在 System.Web.UI.Page.RaisePostBackEvent(IPostBackEventHandler sourceControl, String eventArgument)
   在 System.Web.UI.Page.RaisePostBackEvent(NameValueCollection postData)
   在 System.Web.UI.Page.ProcessRequestMain(Boolean includeStagesBeforeAsyncPoint, Boolean includeStagesAfterAsyncPoint)
   在 System.Web.UI.Page.HandleError(Exception e)
   在 System.Web.UI.Page.ProcessRequestMain(Boolean includeStagesBeforeAsyncPoint, Boolean includeStagesAfterAsyncPoint)
   在 System.Web.UI.Page.ProcessRequest(Boolean includeStagesBeforeAsyncPoint, Boolean includeStagesAfterAsyncPoint)
   在 System.Web.UI.Page.ProcessRequest()
   在 System.Web.UI.Page.ProcessRequestWithNoAssert(HttpContext context)
   在 System.Web.UI.Page.ProcessRequest(HttpContext context)
   在 ASP.business_factor_pipecarsalesvolume_aspx.ProcessRequest(HttpContext context) 位置 c:\Windows\Microsoft.NET\Framework\v4.0.30319\Temporary ASP.NET Files\vs\acc0e68d\f6fd98d3\App_Web_i0k4as4y.2.cs:行号 0
   在 System.Web.HttpApplication.CallHandlerExecutionStep.System.Web.HttpApplication.IExecutionStep.Execute()
   在 System.Web.HttpApplication.ExecuteStepImpl(IExecutionStep step)
   在 System.Web.HttpApplication.ExecuteStep(IExecutionStep step, Boolean& completedSynchronously)
2019/06/14 +08:00 12:26:19     [20868] Enterprise.Framework.Log.LogUtil.ErrorLog(:0) Enterprise.Framework.Log.LogUtil.ErrorLog(:0) [(null)] - 输入字符串的格式不正确。 e 
System.FormatException: 输入字符串的格式不正确。
   在 System.Number.StringToNumber(String str, NumberStyles options, NumberBuffer& number, NumberFormatInfo info, Boolean parseDecimal)
   在 System.Number.ParseDecimal(String value, NumberStyles options, NumberFormatInfo numfmt)
   在 System.Convert.ToDecimal(String value)
   在 Enterprise.IIS.business.Factor.PipeCarSalesVolume.Grid1_RowDataBound(Object sender, GridRowEventArgs e) 位置 E:\ffqserp\trunk\application\Enterprise.IIS\business\Factor\PipeCarSalesVolume.aspx.cs:行号 172
   在 FineUI.Grid.OnRowDataBound(GridRowEventArgs e)
   在 FineUI.Grid.DataBindRow(Int32 rowIndex, Object rowObj)
   在 FineUI.Grid.DataBindToDataTable(DataTable dataTable)
   在 FineUI.Grid.DataBind()
   在 Enterprise.IIS.business.Factor.PipeCarSalesVolume.BindData() 位置 E:\ffqserp\trunk\application\Enterprise.IIS\business\Factor\PipeCarSalesVolume.aspx.cs:行号 125
   在 Enterprise.IIS.business.Factor.PipeCarSalesVolume.btnSearch_Click(Object sender, EventArgs e) 位置 E:\ffqserp\trunk\application\Enterprise.IIS\business\Factor\PipeCarSalesVolume.aspx.cs:行号 131
   在 FineUI.Button.OnClick(EventArgs e)
   在 FineUI.Button.RaisePostBackEvent(String eventArgument)
   在 System.Web.UI.Page.RaisePostBackEvent(IPostBackEventHandler sourceControl, String eventArgument)
   在 System.Web.UI.Page.RaisePostBackEvent(NameValueCollection postData)
   在 System.Web.UI.Page.ProcessRequestMain(Boolean includeStagesBeforeAsyncPoint, Boolean includeStagesAfterAsyncPoint)
2019/06/14 +08:00 12:43:16     [8568] Enterprise.Framework.Log.LogUtil.ErrorLog(:0) Enterprise.Framework.Log.LogUtil.ErrorLog(:0) [(null)] - 
错误开始===========================================
客户机IP:::1
错误地址:http://localhost:19008/Business/Factor/PipeCarSalesVolume.aspx
异常信息:引发类型为“System.Web.HttpUnhandledException”的异常。
错误结束=========================================== e 
System.Web.HttpUnhandledException (0x80004005): 引发类型为“System.Web.HttpUnhandledException”的异常。 ---> System.FormatException: 输入字符串的格式不正确。
   在 System.Number.StringToNumber(String str, NumberStyles options, NumberBuffer& number, NumberFormatInfo info, Boolean parseDecimal)
   在 System.Number.ParseDecimal(String value, NumberStyles options, NumberFormatInfo numfmt)
   在 System.Convert.ToDecimal(String value)
   在 Enterprise.IIS.business.Factor.PipeCarSalesVolume.Grid1_RowDataBound(Object sender, GridRowEventArgs e) 位置 E:\ffqserp\trunk\application\Enterprise.IIS\business\Factor\PipeCarSalesVolume.aspx.cs:行号 172
   在 FineUI.Grid.OnRowDataBound(GridRowEventArgs e)
   在 FineUI.Grid.DataBindRow(Int32 rowIndex, Object rowObj)
   在 FineUI.Grid.DataBindToDataTable(DataTable dataTable)
   在 FineUI.Grid.DataBind()
   在 Enterprise.IIS.business.Factor.PipeCarSalesVolume.BindData() 位置 E:\ffqserp\trunk\application\Enterprise.IIS\business\Factor\PipeCarSalesVolume.aspx.cs:行号 125
   在 Enterprise.IIS.business.Factor.PipeCarSalesVolume.btnSearch_Click(Object sender, EventArgs e) 位置 E:\ffqserp\trunk\application\Enterprise.IIS\business\Factor\PipeCarSalesVolume.aspx.cs:行号 131
   在 FineUI.Button.OnClick(EventArgs e)
   在 FineUI.Button.RaisePostBackEvent(String eventArgument)
   在 System.Web.UI.Page.RaisePostBackEvent(IPostBackEventHandler sourceControl, String eventArgument)
   在 System.Web.UI.Page.RaisePostBackEvent(NameValueCollection postData)
   在 System.Web.UI.Page.ProcessRequestMain(Boolean includeStagesBeforeAsyncPoint, Boolean includeStagesAfterAsyncPoint)
   在 System.Web.UI.Page.HandleError(Exception e)
   在 System.Web.UI.Page.ProcessRequestMain(Boolean includeStagesBeforeAsyncPoint, Boolean includeStagesAfterAsyncPoint)
   在 System.Web.UI.Page.ProcessRequest(Boolean includeStagesBeforeAsyncPoint, Boolean includeStagesAfterAsyncPoint)
   在 System.Web.UI.Page.ProcessRequest()
   在 System.Web.UI.Page.ProcessRequestWithNoAssert(HttpContext context)
   在 System.Web.UI.Page.ProcessRequest(HttpContext context)
   在 ASP.business_factor_pipecarsalesvolume_aspx.ProcessRequest(HttpContext context) 位置 c:\Windows\Microsoft.NET\Framework\v4.0.30319\Temporary ASP.NET Files\vs\acc0e68d\f6fd98d3\App_Web_i0k4as4y.2.cs:行号 0
   在 System.Web.HttpApplication.CallHandlerExecutionStep.System.Web.HttpApplication.IExecutionStep.Execute()
   在 System.Web.HttpApplication.ExecuteStepImpl(IExecutionStep step)
   在 System.Web.HttpApplication.ExecuteStep(IExecutionStep step, Boolean& completedSynchronously)
2019/06/14 +08:00 12:43:16     [8568] Enterprise.Framework.Log.LogUtil.ErrorLog(:0) Enterprise.Framework.Log.LogUtil.ErrorLog(:0) [(null)] - 输入字符串的格式不正确。 e 
System.FormatException: 输入字符串的格式不正确。
   在 System.Number.StringToNumber(String str, NumberStyles options, NumberBuffer& number, NumberFormatInfo info, Boolean parseDecimal)
   在 System.Number.ParseDecimal(String value, NumberStyles options, NumberFormatInfo numfmt)
   在 System.Convert.ToDecimal(String value)
   在 Enterprise.IIS.business.Factor.PipeCarSalesVolume.Grid1_RowDataBound(Object sender, GridRowEventArgs e) 位置 E:\ffqserp\trunk\application\Enterprise.IIS\business\Factor\PipeCarSalesVolume.aspx.cs:行号 172
   在 FineUI.Grid.OnRowDataBound(GridRowEventArgs e)
   在 FineUI.Grid.DataBindRow(Int32 rowIndex, Object rowObj)
   在 FineUI.Grid.DataBindToDataTable(DataTable dataTable)
   在 FineUI.Grid.DataBind()
   在 Enterprise.IIS.business.Factor.PipeCarSalesVolume.BindData() 位置 E:\ffqserp\trunk\application\Enterprise.IIS\business\Factor\PipeCarSalesVolume.aspx.cs:行号 125
   在 Enterprise.IIS.business.Factor.PipeCarSalesVolume.btnSearch_Click(Object sender, EventArgs e) 位置 E:\ffqserp\trunk\application\Enterprise.IIS\business\Factor\PipeCarSalesVolume.aspx.cs:行号 131
   在 FineUI.Button.OnClick(EventArgs e)
   在 FineUI.Button.RaisePostBackEvent(String eventArgument)
   在 System.Web.UI.Page.RaisePostBackEvent(IPostBackEventHandler sourceControl, String eventArgument)
   在 System.Web.UI.Page.RaisePostBackEvent(NameValueCollection postData)
   在 System.Web.UI.Page.ProcessRequestMain(Boolean includeStagesBeforeAsyncPoint, Boolean includeStagesAfterAsyncPoint)
2019/06/14 +08:00 12:45:06     [8344] Enterprise.Framework.Log.LogUtil.ErrorLog(:0) Enterprise.Framework.Log.LogUtil.ErrorLog(:0) [(null)] - 
错误开始===========================================
客户机IP:::1
错误地址:http://localhost:19008/Business/Factor/PipeCarSalesVolume.aspx
异常信息:引发类型为“System.Web.HttpUnhandledException”的异常。
错误结束=========================================== e 
System.Web.HttpUnhandledException (0x80004005): 引发类型为“System.Web.HttpUnhandledException”的异常。 ---> System.FormatException: 输入字符串的格式不正确。
   在 System.Number.StringToNumber(String str, NumberStyles options, NumberBuffer& number, NumberFormatInfo info, Boolean parseDecimal)
   在 System.Number.ParseDecimal(String value, NumberStyles options, NumberFormatInfo numfmt)
   在 System.Convert.ToDecimal(String value)
   在 Enterprise.IIS.business.Factor.PipeCarSalesVolume.Grid1_RowDataBound(Object sender, GridRowEventArgs e) 位置 E:\ffqserp\trunk\application\Enterprise.IIS\business\Factor\PipeCarSalesVolume.aspx.cs:行号 172
   在 FineUI.Grid.OnRowDataBound(GridRowEventArgs e)
   在 FineUI.Grid.DataBindRow(Int32 rowIndex, Object rowObj)
   在 FineUI.Grid.DataBindToDataTable(DataTable dataTable)
   在 FineUI.Grid.DataBind()
   在 Enterprise.IIS.business.Factor.PipeCarSalesVolume.BindData() 位置 E:\ffqserp\trunk\application\Enterprise.IIS\business\Factor\PipeCarSalesVolume.aspx.cs:行号 125
   在 Enterprise.IIS.business.Factor.PipeCarSalesVolume.btnSearch_Click(Object sender, EventArgs e) 位置 E:\ffqserp\trunk\application\Enterprise.IIS\business\Factor\PipeCarSalesVolume.aspx.cs:行号 131
   在 FineUI.Button.OnClick(EventArgs e)
   在 FineUI.Button.RaisePostBackEvent(String eventArgument)
   在 System.Web.UI.Page.RaisePostBackEvent(IPostBackEventHandler sourceControl, String eventArgument)
   在 System.Web.UI.Page.RaisePostBackEvent(NameValueCollection postData)
   在 System.Web.UI.Page.ProcessRequestMain(Boolean includeStagesBeforeAsyncPoint, Boolean includeStagesAfterAsyncPoint)
   在 System.Web.UI.Page.HandleError(Exception e)
   在 System.Web.UI.Page.ProcessRequestMain(Boolean includeStagesBeforeAsyncPoint, Boolean includeStagesAfterAsyncPoint)
   在 System.Web.UI.Page.ProcessRequest(Boolean includeStagesBeforeAsyncPoint, Boolean includeStagesAfterAsyncPoint)
   在 System.Web.UI.Page.ProcessRequest()
   在 System.Web.UI.Page.ProcessRequestWithNoAssert(HttpContext context)
   在 System.Web.UI.Page.ProcessRequest(HttpContext context)
   在 ASP.business_factor_pipecarsalesvolume_aspx.ProcessRequest(HttpContext context) 位置 c:\Windows\Microsoft.NET\Framework\v4.0.30319\Temporary ASP.NET Files\vs\acc0e68d\f6fd98d3\App_Web_i0k4as4y.2.cs:行号 0
   在 System.Web.HttpApplication.CallHandlerExecutionStep.System.Web.HttpApplication.IExecutionStep.Execute()
   在 System.Web.HttpApplication.ExecuteStepImpl(IExecutionStep step)
   在 System.Web.HttpApplication.ExecuteStep(IExecutionStep step, Boolean& completedSynchronously)
2019/06/14 +08:00 12:45:06     [8344] Enterprise.Framework.Log.LogUtil.ErrorLog(:0) Enterprise.Framework.Log.LogUtil.ErrorLog(:0) [(null)] - 输入字符串的格式不正确。 e 
System.FormatException: 输入字符串的格式不正确。
   在 System.Number.StringToNumber(String str, NumberStyles options, NumberBuffer& number, NumberFormatInfo info, Boolean parseDecimal)
   在 System.Number.ParseDecimal(String value, NumberStyles options, NumberFormatInfo numfmt)
   在 System.Convert.ToDecimal(String value)
   在 Enterprise.IIS.business.Factor.PipeCarSalesVolume.Grid1_RowDataBound(Object sender, GridRowEventArgs e) 位置 E:\ffqserp\trunk\application\Enterprise.IIS\business\Factor\PipeCarSalesVolume.aspx.cs:行号 172
   在 FineUI.Grid.OnRowDataBound(GridRowEventArgs e)
   在 FineUI.Grid.DataBindRow(Int32 rowIndex, Object rowObj)
   在 FineUI.Grid.DataBindToDataTable(DataTable dataTable)
   在 FineUI.Grid.DataBind()
   在 Enterprise.IIS.business.Factor.PipeCarSalesVolume.BindData() 位置 E:\ffqserp\trunk\application\Enterprise.IIS\business\Factor\PipeCarSalesVolume.aspx.cs:行号 125
   在 Enterprise.IIS.business.Factor.PipeCarSalesVolume.btnSearch_Click(Object sender, EventArgs e) 位置 E:\ffqserp\trunk\application\Enterprise.IIS\business\Factor\PipeCarSalesVolume.aspx.cs:行号 131
   在 FineUI.Button.OnClick(EventArgs e)
   在 FineUI.Button.RaisePostBackEvent(String eventArgument)
   在 System.Web.UI.Page.RaisePostBackEvent(IPostBackEventHandler sourceControl, String eventArgument)
   在 System.Web.UI.Page.RaisePostBackEvent(NameValueCollection postData)
   在 System.Web.UI.Page.ProcessRequestMain(Boolean includeStagesBeforeAsyncPoint, Boolean includeStagesAfterAsyncPoint)
2019/06/14 +08:00 12:49:13     [30856] Enterprise.Framework.Log.LogUtil.ErrorLog(:0) Enterprise.Framework.Log.LogUtil.ErrorLog(:0) [(null)] - 
错误开始===========================================
客户机IP:::1
错误地址:http://localhost:19008/Business/Factor/PipeCarSalesVolume.aspx
异常信息:引发类型为“System.Web.HttpUnhandledException”的异常。
错误结束=========================================== e 
System.Web.HttpUnhandledException (0x80004005): 引发类型为“System.Web.HttpUnhandledException”的异常。 ---> System.NullReferenceException: 未将对象引用设置到对象的实例。
   在 Enterprise.IIS.business.Factor.PipeCarSalesVolume.Grid1_RowDataBound(Object sender, GridRowEventArgs e) 位置 E:\ffqserp\trunk\application\Enterprise.IIS\business\Factor\PipeCarSalesVolume.aspx.cs:行号 235
   在 FineUI.Grid.OnRowDataBound(GridRowEventArgs e)
   在 FineUI.Grid.DataBindRow(Int32 rowIndex, Object rowObj)
   在 FineUI.Grid.DataBindToDataTable(DataTable dataTable)
   在 FineUI.Grid.DataBind()
   在 Enterprise.IIS.business.Factor.PipeCarSalesVolume.BindData() 位置 E:\ffqserp\trunk\application\Enterprise.IIS\business\Factor\PipeCarSalesVolume.aspx.cs:行号 125
   在 Enterprise.IIS.business.Factor.PipeCarSalesVolume.btnSearch_Click(Object sender, EventArgs e) 位置 E:\ffqserp\trunk\application\Enterprise.IIS\business\Factor\PipeCarSalesVolume.aspx.cs:行号 131
   在 FineUI.Button.OnClick(EventArgs e)
   在 FineUI.Button.RaisePostBackEvent(String eventArgument)
   在 System.Web.UI.Page.RaisePostBackEvent(IPostBackEventHandler sourceControl, String eventArgument)
   在 System.Web.UI.Page.RaisePostBackEvent(NameValueCollection postData)
   在 System.Web.UI.Page.ProcessRequestMain(Boolean includeStagesBeforeAsyncPoint, Boolean includeStagesAfterAsyncPoint)
   在 System.Web.UI.Page.HandleError(Exception e)
   在 System.Web.UI.Page.ProcessRequestMain(Boolean includeStagesBeforeAsyncPoint, Boolean includeStagesAfterAsyncPoint)
   在 System.Web.UI.Page.ProcessRequest(Boolean includeStagesBeforeAsyncPoint, Boolean includeStagesAfterAsyncPoint)
   在 System.Web.UI.Page.ProcessRequest()
   在 System.Web.UI.Page.ProcessRequestWithNoAssert(HttpContext context)
   在 System.Web.UI.Page.ProcessRequest(HttpContext context)
   在 ASP.business_factor_pipecarsalesvolume_aspx.ProcessRequest(HttpContext context) 位置 c:\Windows\Microsoft.NET\Framework\v4.0.30319\Temporary ASP.NET Files\vs\acc0e68d\f6fd98d3\App_Web_w4clfzu0.0.cs:行号 0
   在 System.Web.HttpApplication.CallHandlerExecutionStep.System.Web.HttpApplication.IExecutionStep.Execute()
   在 System.Web.HttpApplication.ExecuteStepImpl(IExecutionStep step)
   在 System.Web.HttpApplication.ExecuteStep(IExecutionStep step, Boolean& completedSynchronously)
2019/06/14 +08:00 12:49:13     [30856] Enterprise.Framework.Log.LogUtil.ErrorLog(:0) Enterprise.Framework.Log.LogUtil.ErrorLog(:0) [(null)] - 未将对象引用设置到对象的实例。 e 
System.NullReferenceException: 未将对象引用设置到对象的实例。
   在 Enterprise.IIS.business.Factor.PipeCarSalesVolume.Grid1_RowDataBound(Object sender, GridRowEventArgs e) 位置 E:\ffqserp\trunk\application\Enterprise.IIS\business\Factor\PipeCarSalesVolume.aspx.cs:行号 235
   在 FineUI.Grid.OnRowDataBound(GridRowEventArgs e)
   在 FineUI.Grid.DataBindRow(Int32 rowIndex, Object rowObj)
   在 FineUI.Grid.DataBindToDataTable(DataTable dataTable)
   在 FineUI.Grid.DataBind()
   在 Enterprise.IIS.business.Factor.PipeCarSalesVolume.BindData() 位置 E:\ffqserp\trunk\application\Enterprise.IIS\business\Factor\PipeCarSalesVolume.aspx.cs:行号 125
   在 Enterprise.IIS.business.Factor.PipeCarSalesVolume.btnSearch_Click(Object sender, EventArgs e) 位置 E:\ffqserp\trunk\application\Enterprise.IIS\business\Factor\PipeCarSalesVolume.aspx.cs:行号 131
   在 FineUI.Button.OnClick(EventArgs e)
   在 FineUI.Button.RaisePostBackEvent(String eventArgument)
   在 System.Web.UI.Page.RaisePostBackEvent(IPostBackEventHandler sourceControl, String eventArgument)
   在 System.Web.UI.Page.RaisePostBackEvent(NameValueCollection postData)
   在 System.Web.UI.Page.ProcessRequestMain(Boolean includeStagesBeforeAsyncPoint, Boolean includeStagesAfterAsyncPoint)
2019/06/14 +08:00 13:31:16     [24012] Enterprise.Framework.Log.LogUtil.ErrorLog(:0) Enterprise.Framework.Log.LogUtil.ErrorLog(:0) [(null)] - 
错误开始===========================================
客户机IP:::1
错误地址:http://localhost:19008/Business/Factor/PipeCarSalesVolume.aspx
异常信息:引发类型为“System.Web.HttpUnhandledException”的异常。
错误结束=========================================== e 
System.Web.HttpUnhandledException (0x80004005): 引发类型为“System.Web.HttpUnhandledException”的异常。 ---> System.Reflection.TargetInvocationException: 调用的目标发生了异常。 ---> Microsoft.JScript.JScriptException: 应为表达式
   在 Microsoft.JScript.DocumentContext.HandleError(JScriptException error)
   在 Microsoft.JScript.Context.HandleError(JSError errorId, String message, Boolean treatAsError)
   在 Microsoft.JScript.JSParser.EOFError(JSError errorId)
   在 Microsoft.JScript.JSParser.ReportError(JSError errorId, Context context, Boolean skipToken)
   在 Microsoft.JScript.JSParser.ReportError(JSError errorId, Boolean skipToken)
   在 Microsoft.JScript.JSParser.ParseLeftHandSideExpression(Boolean isMinus, Boolean& canBeAttribute, Boolean warnForKeyword)
   在 Microsoft.JScript.JSParser.ParseUnaryExpression(Boolean& isLeftHandSideExpr, Boolean& canBeAttribute, Boolean isMinus, Boolean warnForKeyword)
   在 Microsoft.JScript.JSParser.ParseExpression(AST leftHandSide, Boolean single, Boolean bCanAssign, JSToken inToken)
   在 Microsoft.JScript.JSParser.ParseStatement()
   在 Microsoft.JScript.JSParser.ParseStatements(Boolean insideEval)
   在 Microsoft.JScript.Eval.DoEvaluate(Object source, VsaEngine engine, Boolean isUnsafe)
   在 Microsoft.JScript.Eval.JScriptEvaluate(Object source, Object unsafeOption, VsaEngine engine)
   在 Evaluator.Eval(String expr)
   --- 内部异常堆栈跟踪的结尾 ---
   在 System.RuntimeMethodHandle.InvokeMethod(Object target, Object[] arguments, Signature sig, Boolean constructor)
   在 System.Reflection.RuntimeMethodInfo.UnsafeInvokeInternal(Object obj, Object[] parameters, Object[] arguments)
   在 System.Reflection.RuntimeMethodInfo.Invoke(Object obj, BindingFlags invokeAttr, Binder binder, Object[] parameters, CultureInfo culture)
   在 System.RuntimeType.InvokeMember(String name, BindingFlags bindingFlags, Binder binder, Object target, Object[] providedArgs, ParameterModifier[] modifiers, CultureInfo culture, String[] namedParams)
   在 System.Type.InvokeMember(String name, BindingFlags invokeAttr, Binder binder, Object target, Object[] args)
   在 Enterprise.IIS.Common.FormulaCalculator.Eval(String statement) 位置 E:\ffqserp\trunk\application\Enterprise.IIS\Common\FormulaCalculator.cs:行号 19
   在 Enterprise.IIS.business.Factor.PipeCarSalesVolume.Grid1_RowDataBound(Object sender, GridRowEventArgs e) 位置 E:\ffqserp\trunk\application\Enterprise.IIS\business\Factor\PipeCarSalesVolume.aspx.cs:行号 247
   在 FineUI.Grid.OnRowDataBound(GridRowEventArgs e)
   在 FineUI.Grid.DataBindRow(Int32 rowIndex, Object rowObj)
   在 FineUI.Grid.DataBindToDataTable(DataTable dataTable)
   在 FineUI.Grid.DataBind()
   在 Enterprise.IIS.business.Factor.PipeCarSalesVolume.BindData() 位置 E:\ffqserp\trunk\application\Enterprise.IIS\business\Factor\PipeCarSalesVolume.aspx.cs:行号 127
   在 Enterprise.IIS.business.Factor.PipeCarSalesVolume.btnSearch_Click(Object sender, EventArgs e) 位置 E:\ffqserp\trunk\application\Enterprise.IIS\business\Factor\PipeCarSalesVolume.aspx.cs:行号 133
   在 FineUI.Button.OnClick(EventArgs e)
   在 FineUI.Button.RaisePostBackEvent(String eventArgument)
   在 System.Web.UI.Page.RaisePostBackEvent(IPostBackEventHandler sourceControl, String eventArgument)
   在 System.Web.UI.Page.RaisePostBackEvent(NameValueCollection postData)
   在 System.Web.UI.Page.ProcessRequestMain(Boolean includeStagesBeforeAsyncPoint, Boolean includeStagesAfterAsyncPoint)
   在 System.Web.UI.Page.HandleError(Exception e)
   在 System.Web.UI.Page.ProcessRequestMain(Boolean includeStagesBeforeAsyncPoint, Boolean includeStagesAfterAsyncPoint)
   在 System.Web.UI.Page.ProcessRequest(Boolean includeStagesBeforeAsyncPoint, Boolean includeStagesAfterAsyncPoint)
   在 System.Web.UI.Page.ProcessRequest()
   在 System.Web.UI.Page.ProcessRequestWithNoAssert(HttpContext context)
   在 System.Web.UI.Page.ProcessRequest(HttpContext context)
   在 ASP.business_factor_pipecarsalesvolume_aspx.ProcessRequest(HttpContext context) 位置 c:\Windows\Microsoft.NET\Framework\v4.0.30319\Temporary ASP.NET Files\vs\acc0e68d\f6fd98d3\App_Web_spgde0vs.0.cs:行号 0
   在 System.Web.HttpApplication.CallHandlerExecutionStep.System.Web.HttpApplication.IExecutionStep.Execute()
   在 System.Web.HttpApplication.ExecuteStepImpl(IExecutionStep step)
   在 System.Web.HttpApplication.ExecuteStep(IExecutionStep step, Boolean& completedSynchronously)
2019/06/14 +08:00 13:31:16     [24012] Enterprise.Framework.Log.LogUtil.ErrorLog(:0) Enterprise.Framework.Log.LogUtil.ErrorLog(:0) [(null)] - 应为表达式 e 
Microsoft.JScript.JScriptException: 应为表达式
   在 Microsoft.JScript.DocumentContext.HandleError(JScriptException error)
   在 Microsoft.JScript.Context.HandleError(JSError errorId, String message, Boolean treatAsError)
   在 Microsoft.JScript.JSParser.EOFError(JSError errorId)
   在 Microsoft.JScript.JSParser.ReportError(JSError errorId, Context context, Boolean skipToken)
   在 Microsoft.JScript.JSParser.ReportError(JSError errorId, Boolean skipToken)
   在 Microsoft.JScript.JSParser.ParseLeftHandSideExpression(Boolean isMinus, Boolean& canBeAttribute, Boolean warnForKeyword)
   在 Microsoft.JScript.JSParser.ParseUnaryExpression(Boolean& isLeftHandSideExpr, Boolean& canBeAttribute, Boolean isMinus, Boolean warnForKeyword)
   在 Microsoft.JScript.JSParser.ParseExpression(AST leftHandSide, Boolean single, Boolean bCanAssign, JSToken inToken)
   在 Microsoft.JScript.JSParser.ParseStatement()
   在 Microsoft.JScript.JSParser.ParseStatements(Boolean insideEval)
   在 Microsoft.JScript.Eval.DoEvaluate(Object source, VsaEngine engine, Boolean isUnsafe)
   在 Microsoft.JScript.Eval.JScriptEvaluate(Object source, Object unsafeOption, VsaEngine engine)
   在 Evaluator.Eval(String expr)
2019/06/14 +08:00 14:27:02     [6228] Enterprise.Framework.Log.LogUtil.ErrorLog(:0) Enterprise.Framework.Log.LogUtil.ErrorLog(:0) [(null)] - 
错误开始===========================================
客户机IP:::1
错误地址:http://localhost:19008/Business/Factor/PipeCarSalesVolume.aspx
异常信息:引发类型为“System.Web.HttpUnhandledException”的异常。
错误结束=========================================== e 
System.Web.HttpUnhandledException (0x80004005): 引发类型为“System.Web.HttpUnhandledException”的异常。 ---> System.Reflection.TargetInvocationException: 调用的目标发生了异常。 ---> Microsoft.JScript.JScriptException: 无效字符
   在 Microsoft.JScript.DocumentContext.HandleError(JScriptException error)
   在 Microsoft.JScript.Context.HandleError(JSError errorId, String message, Boolean treatAsError)
   在 Microsoft.JScript.Context.HandleError(JSError errorId)
   在 Microsoft.JScript.JSScanner.GetNextToken()
   在 Microsoft.JScript.JSParser.GetNextToken()
   在 Microsoft.JScript.JSParser.ParseLeftHandSideExpression(Boolean isMinus, Boolean& canBeAttribute, Boolean warnForKeyword)
   在 Microsoft.JScript.JSParser.ParseUnaryExpression(Boolean& isLeftHandSideExpr, Boolean& canBeAttribute, Boolean isMinus, Boolean warnForKeyword)
   在 Microsoft.JScript.JSParser.ParseStatement()
   在 Microsoft.JScript.JSParser.ParseStatements(Boolean insideEval)
   在 Microsoft.JScript.Eval.DoEvaluate(Object source, VsaEngine engine, Boolean isUnsafe)
   在 Microsoft.JScript.Eval.JScriptEvaluate(Object source, Object unsafeOption, VsaEngine engine)
   在 Evaluator.Eval(String expr)
   --- 内部异常堆栈跟踪的结尾 ---
   在 System.RuntimeMethodHandle.InvokeMethod(Object target, Object[] arguments, Signature sig, Boolean constructor)
   在 System.Reflection.RuntimeMethodInfo.UnsafeInvokeInternal(Object obj, Object[] parameters, Object[] arguments)
   在 System.Reflection.RuntimeMethodInfo.Invoke(Object obj, BindingFlags invokeAttr, Binder binder, Object[] parameters, CultureInfo culture)
   在 System.RuntimeType.InvokeMember(String name, BindingFlags bindingFlags, Binder binder, Object target, Object[] providedArgs, ParameterModifier[] modifiers, CultureInfo culture, String[] namedParams)
   在 System.Type.InvokeMember(String name, BindingFlags invokeAttr, Binder binder, Object target, Object[] args)
   在 Enterprise.IIS.Common.FormulaCalculator.Eval(String statement) 位置 E:\ffqserp\trunk\application\Enterprise.IIS\Common\FormulaCalculator.cs:行号 19
   在 Enterprise.IIS.business.Factor.PipeCarSalesVolume.Grid1_RowDataBound(Object sender, GridRowEventArgs e) 位置 E:\ffqserp\trunk\application\Enterprise.IIS\business\Factor\PipeCarSalesVolume.aspx.cs:行号 247
   在 FineUI.Grid.OnRowDataBound(GridRowEventArgs e)
   在 FineUI.Grid.DataBindRow(Int32 rowIndex, Object rowObj)
   在 FineUI.Grid.DataBindToDataTable(DataTable dataTable)
   在 FineUI.Grid.DataBind()
   在 Enterprise.IIS.business.Factor.PipeCarSalesVolume.BindData() 位置 E:\ffqserp\trunk\application\Enterprise.IIS\business\Factor\PipeCarSalesVolume.aspx.cs:行号 127
   在 Enterprise.IIS.business.Factor.PipeCarSalesVolume.btnSearch_Click(Object sender, EventArgs e) 位置 E:\ffqserp\trunk\application\Enterprise.IIS\business\Factor\PipeCarSalesVolume.aspx.cs:行号 133
   在 FineUI.Button.OnClick(EventArgs e)
   在 FineUI.Button.RaisePostBackEvent(String eventArgument)
   在 System.Web.UI.Page.RaisePostBackEvent(IPostBackEventHandler sourceControl, String eventArgument)
   在 System.Web.UI.Page.RaisePostBackEvent(NameValueCollection postData)
   在 System.Web.UI.Page.ProcessRequestMain(Boolean includeStagesBeforeAsyncPoint, Boolean includeStagesAfterAsyncPoint)
   在 System.Web.UI.Page.HandleError(Exception e)
   在 System.Web.UI.Page.ProcessRequestMain(Boolean includeStagesBeforeAsyncPoint, Boolean includeStagesAfterAsyncPoint)
   在 System.Web.UI.Page.ProcessRequest(Boolean includeStagesBeforeAsyncPoint, Boolean includeStagesAfterAsyncPoint)
   在 System.Web.UI.Page.ProcessRequest()
   在 System.Web.UI.Page.ProcessRequestWithNoAssert(HttpContext context)
   在 System.Web.UI.Page.ProcessRequest(HttpContext context)
   在 ASP.business_factor_pipecarsalesvolume_aspx.ProcessRequest(HttpContext context) 位置 c:\Windows\Microsoft.NET\Framework\v4.0.30319\Temporary ASP.NET Files\vs\acc0e68d\f6fd98d3\App_Web_mnw10swq.2.cs:行号 0
   在 System.Web.HttpApplication.CallHandlerExecutionStep.System.Web.HttpApplication.IExecutionStep.Execute()
   在 System.Web.HttpApplication.ExecuteStepImpl(IExecutionStep step)
   在 System.Web.HttpApplication.ExecuteStep(IExecutionStep step, Boolean& completedSynchronously)
2019/06/14 +08:00 14:27:02     [6228] Enterprise.Framework.Log.LogUtil.ErrorLog(:0) Enterprise.Framework.Log.LogUtil.ErrorLog(:0) [(null)] - 无效字符 e 
Microsoft.JScript.JScriptException: 无效字符
   在 Microsoft.JScript.DocumentContext.HandleError(JScriptException error)
   在 Microsoft.JScript.Context.HandleError(JSError errorId, String message, Boolean treatAsError)
   在 Microsoft.JScript.Context.HandleError(JSError errorId)
   在 Microsoft.JScript.JSScanner.GetNextToken()
   在 Microsoft.JScript.JSParser.GetNextToken()
   在 Microsoft.JScript.JSParser.ParseLeftHandSideExpression(Boolean isMinus, Boolean& canBeAttribute, Boolean warnForKeyword)
   在 Microsoft.JScript.JSParser.ParseUnaryExpression(Boolean& isLeftHandSideExpr, Boolean& canBeAttribute, Boolean isMinus, Boolean warnForKeyword)
   在 Microsoft.JScript.JSParser.ParseStatement()
   在 Microsoft.JScript.JSParser.ParseStatements(Boolean insideEval)
   在 Microsoft.JScript.Eval.DoEvaluate(Object source, VsaEngine engine, Boolean isUnsafe)
   在 Microsoft.JScript.Eval.JScriptEvaluate(Object source, Object unsafeOption, VsaEngine engine)
   在 Evaluator.Eval(String expr)
2019/06/14 +08:00 14:27:22     [8856] Enterprise.Framework.Log.LogUtil.ErrorLog(:0) Enterprise.Framework.Log.LogUtil.ErrorLog(:0) [(null)] - 
错误开始===========================================
客户机IP:::1
错误地址:http://localhost:19008/Business/Factor/PipeCarSalesVolume.aspx
异常信息:引发类型为“System.Web.HttpUnhandledException”的异常。
错误结束=========================================== e 
System.Web.HttpUnhandledException (0x80004005): 引发类型为“System.Web.HttpUnhandledException”的异常。 ---> System.Reflection.TargetInvocationException: 调用的目标发生了异常。 ---> Microsoft.JScript.JScriptException: 无效字符
   在 Microsoft.JScript.DocumentContext.HandleError(JScriptException error)
   在 Microsoft.JScript.Context.HandleError(JSError errorId, String message, Boolean treatAsError)
   在 Microsoft.JScript.Context.HandleError(JSError errorId)
   在 Microsoft.JScript.JSScanner.GetNextToken()
   在 Microsoft.JScript.JSParser.GetNextToken()
   在 Microsoft.JScript.JSParser.ParseLeftHandSideExpression(Boolean isMinus, Boolean& canBeAttribute, Boolean warnForKeyword)
   在 Microsoft.JScript.JSParser.ParseUnaryExpression(Boolean& isLeftHandSideExpr, Boolean& canBeAttribute, Boolean isMinus, Boolean warnForKeyword)
   在 Microsoft.JScript.JSParser.ParseStatement()
   在 Microsoft.JScript.JSParser.ParseStatements(Boolean insideEval)
   在 Microsoft.JScript.Eval.DoEvaluate(Object source, VsaEngine engine, Boolean isUnsafe)
   在 Microsoft.JScript.Eval.JScriptEvaluate(Object source, Object unsafeOption, VsaEngine engine)
   在 Evaluator.Eval(String expr)
   --- 内部异常堆栈跟踪的结尾 ---
   在 System.RuntimeMethodHandle.InvokeMethod(Object target, Object[] arguments, Signature sig, Boolean constructor)
   在 System.Reflection.RuntimeMethodInfo.UnsafeInvokeInternal(Object obj, Object[] parameters, Object[] arguments)
   在 System.Reflection.RuntimeMethodInfo.Invoke(Object obj, BindingFlags invokeAttr, Binder binder, Object[] parameters, CultureInfo culture)
   在 System.RuntimeType.InvokeMember(String name, BindingFlags bindingFlags, Binder binder, Object target, Object[] providedArgs, ParameterModifier[] modifiers, CultureInfo culture, String[] namedParams)
   在 System.Type.InvokeMember(String name, BindingFlags invokeAttr, Binder binder, Object target, Object[] args)
   在 Enterprise.IIS.Common.FormulaCalculator.Eval(String statement) 位置 E:\ffqserp\trunk\application\Enterprise.IIS\Common\FormulaCalculator.cs:行号 19
   在 Enterprise.IIS.business.Factor.PipeCarSalesVolume.Grid1_RowDataBound(Object sender, GridRowEventArgs e) 位置 E:\ffqserp\trunk\application\Enterprise.IIS\business\Factor\PipeCarSalesVolume.aspx.cs:行号 247
   在 FineUI.Grid.OnRowDataBound(GridRowEventArgs e)
   在 FineUI.Grid.DataBindRow(Int32 rowIndex, Object rowObj)
   在 FineUI.Grid.DataBindToDataTable(DataTable dataTable)
   在 FineUI.Grid.DataBind()
   在 Enterprise.IIS.business.Factor.PipeCarSalesVolume.BindData() 位置 E:\ffqserp\trunk\application\Enterprise.IIS\business\Factor\PipeCarSalesVolume.aspx.cs:行号 127
   在 Enterprise.IIS.business.Factor.PipeCarSalesVolume.btnSearch_Click(Object sender, EventArgs e) 位置 E:\ffqserp\trunk\application\Enterprise.IIS\business\Factor\PipeCarSalesVolume.aspx.cs:行号 133
   在 FineUI.Button.OnClick(EventArgs e)
   在 FineUI.Button.RaisePostBackEvent(String eventArgument)
   在 System.Web.UI.Page.RaisePostBackEvent(IPostBackEventHandler sourceControl, String eventArgument)
   在 System.Web.UI.Page.RaisePostBackEvent(NameValueCollection postData)
   在 System.Web.UI.Page.ProcessRequestMain(Boolean includeStagesBeforeAsyncPoint, Boolean includeStagesAfterAsyncPoint)
   在 System.Web.UI.Page.HandleError(Exception e)
   在 System.Web.UI.Page.ProcessRequestMain(Boolean includeStagesBeforeAsyncPoint, Boolean includeStagesAfterAsyncPoint)
   在 System.Web.UI.Page.ProcessRequest(Boolean includeStagesBeforeAsyncPoint, Boolean includeStagesAfterAsyncPoint)
   在 System.Web.UI.Page.ProcessRequest()
   在 System.Web.UI.Page.ProcessRequestWithNoAssert(HttpContext context)
   在 System.Web.UI.Page.ProcessRequest(HttpContext context)
   在 ASP.business_factor_pipecarsalesvolume_aspx.ProcessRequest(HttpContext context) 位置 c:\Windows\Microsoft.NET\Framework\v4.0.30319\Temporary ASP.NET Files\vs\acc0e68d\f6fd98d3\App_Web_mnw10swq.2.cs:行号 0
   在 System.Web.HttpApplication.CallHandlerExecutionStep.System.Web.HttpApplication.IExecutionStep.Execute()
   在 System.Web.HttpApplication.ExecuteStepImpl(IExecutionStep step)
   在 System.Web.HttpApplication.ExecuteStep(IExecutionStep step, Boolean& completedSynchronously)
2019/06/14 +08:00 14:27:22     [8856] Enterprise.Framework.Log.LogUtil.ErrorLog(:0) Enterprise.Framework.Log.LogUtil.ErrorLog(:0) [(null)] - 无效字符 e 
Microsoft.JScript.JScriptException: 无效字符
   在 Microsoft.JScript.DocumentContext.HandleError(JScriptException error)
   在 Microsoft.JScript.Context.HandleError(JSError errorId, String message, Boolean treatAsError)
   在 Microsoft.JScript.Context.HandleError(JSError errorId)
   在 Microsoft.JScript.JSScanner.GetNextToken()
   在 Microsoft.JScript.JSParser.GetNextToken()
   在 Microsoft.JScript.JSParser.ParseLeftHandSideExpression(Boolean isMinus, Boolean& canBeAttribute, Boolean warnForKeyword)
   在 Microsoft.JScript.JSParser.ParseUnaryExpression(Boolean& isLeftHandSideExpr, Boolean& canBeAttribute, Boolean isMinus, Boolean warnForKeyword)
   在 Microsoft.JScript.JSParser.ParseStatement()
   在 Microsoft.JScript.JSParser.ParseStatements(Boolean insideEval)
   在 Microsoft.JScript.Eval.DoEvaluate(Object source, VsaEngine engine, Boolean isUnsafe)
   在 Microsoft.JScript.Eval.JScriptEvaluate(Object source, Object unsafeOption, VsaEngine engine)
   在 Evaluator.Eval(String expr)
2019/06/14 +08:00 14:36:22     [8424] Enterprise.Framework.Log.LogUtil.ErrorLog(:0) Enterprise.Framework.Log.LogUtil.ErrorLog(:0) [(null)] - 
错误开始===========================================
客户机IP:::1
错误地址:http://localhost:19008/Business/Factor/PipeCarSalesVolume.aspx
异常信息:引发类型为“System.Web.HttpUnhandledException”的异常。
错误结束=========================================== e 
System.Web.HttpUnhandledException (0x80004005): 引发类型为“System.Web.HttpUnhandledException”的异常。 ---> System.Reflection.TargetInvocationException: 调用的目标发生了异常。 ---> Microsoft.JScript.JScriptException: 无效字符
   在 Microsoft.JScript.DocumentContext.HandleError(JScriptException error)
   在 Microsoft.JScript.Context.HandleError(JSError errorId, String message, Boolean treatAsError)
   在 Microsoft.JScript.Context.HandleError(JSError errorId)
   在 Microsoft.JScript.JSScanner.GetNextToken()
   在 Microsoft.JScript.JSParser.GetNextToken()
   在 Microsoft.JScript.JSParser.ParseLeftHandSideExpression(Boolean isMinus, Boolean& canBeAttribute, Boolean warnForKeyword)
   在 Microsoft.JScript.JSParser.ParseUnaryExpression(Boolean& isLeftHandSideExpr, Boolean& canBeAttribute, Boolean isMinus, Boolean warnForKeyword)
   在 Microsoft.JScript.JSParser.ParseStatement()
   在 Microsoft.JScript.JSParser.ParseStatements(Boolean insideEval)
   在 Microsoft.JScript.Eval.DoEvaluate(Object source, VsaEngine engine, Boolean isUnsafe)
   在 Microsoft.JScript.Eval.JScriptEvaluate(Object source, Object unsafeOption, VsaEngine engine)
   在 Evaluator.Eval(String expr)
   --- 内部异常堆栈跟踪的结尾 ---
   在 System.RuntimeMethodHandle.InvokeMethod(Object target, Object[] arguments, Signature sig, Boolean constructor)
   在 System.Reflection.RuntimeMethodInfo.UnsafeInvokeInternal(Object obj, Object[] parameters, Object[] arguments)
   在 System.Reflection.RuntimeMethodInfo.Invoke(Object obj, BindingFlags invokeAttr, Binder binder, Object[] parameters, CultureInfo culture)
   在 System.RuntimeType.InvokeMember(String name, BindingFlags bindingFlags, Binder binder, Object target, Object[] providedArgs, ParameterModifier[] modifiers, CultureInfo culture, String[] namedParams)
   在 System.Type.InvokeMember(String name, BindingFlags invokeAttr, Binder binder, Object target, Object[] args)
   在 Enterprise.IIS.Common.FormulaCalculator.Eval(String statement) 位置 E:\ffqserp\trunk\application\Enterprise.IIS\Common\FormulaCalculator.cs:行号 19
   在 Enterprise.IIS.business.Factor.PipeCarSalesVolume.Grid1_RowDataBound(Object sender, GridRowEventArgs e) 位置 E:\ffqserp\trunk\application\Enterprise.IIS\business\Factor\PipeCarSalesVolume.aspx.cs:行号 248
   在 FineUI.Grid.OnRowDataBound(GridRowEventArgs e)
   在 FineUI.Grid.DataBindRow(Int32 rowIndex, Object rowObj)
   在 FineUI.Grid.DataBindToDataTable(DataTable dataTable)
   在 FineUI.Grid.DataBind()
   在 Enterprise.IIS.business.Factor.PipeCarSalesVolume.BindData() 位置 E:\ffqserp\trunk\application\Enterprise.IIS\business\Factor\PipeCarSalesVolume.aspx.cs:行号 127
   在 Enterprise.IIS.business.Factor.PipeCarSalesVolume.btnSearch_Click(Object sender, EventArgs e) 位置 E:\ffqserp\trunk\application\Enterprise.IIS\business\Factor\PipeCarSalesVolume.aspx.cs:行号 133
   在 FineUI.Button.OnClick(EventArgs e)
   在 FineUI.Button.RaisePostBackEvent(String eventArgument)
   在 System.Web.UI.Page.RaisePostBackEvent(IPostBackEventHandler sourceControl, String eventArgument)
   在 System.Web.UI.Page.RaisePostBackEvent(NameValueCollection postData)
   在 System.Web.UI.Page.ProcessRequestMain(Boolean includeStagesBeforeAsyncPoint, Boolean includeStagesAfterAsyncPoint)
   在 System.Web.UI.Page.HandleError(Exception e)
   在 System.Web.UI.Page.ProcessRequestMain(Boolean includeStagesBeforeAsyncPoint, Boolean includeStagesAfterAsyncPoint)
   在 System.Web.UI.Page.ProcessRequest(Boolean includeStagesBeforeAsyncPoint, Boolean includeStagesAfterAsyncPoint)
   在 System.Web.UI.Page.ProcessRequest()
   在 System.Web.UI.Page.ProcessRequestWithNoAssert(HttpContext context)
   在 System.Web.UI.Page.ProcessRequest(HttpContext context)
   在 ASP.business_factor_pipecarsalesvolume_aspx.ProcessRequest(HttpContext context) 位置 c:\Windows\Microsoft.NET\Framework\v4.0.30319\Temporary ASP.NET Files\vs\acc0e68d\f6fd98d3\App_Web_w0qrtlpm.1.cs:行号 0
   在 System.Web.HttpApplication.CallHandlerExecutionStep.System.Web.HttpApplication.IExecutionStep.Execute()
   在 System.Web.HttpApplication.ExecuteStepImpl(IExecutionStep step)
   在 System.Web.HttpApplication.ExecuteStep(IExecutionStep step, Boolean& completedSynchronously)
2019/06/14 +08:00 14:36:23     [8424] Enterprise.Framework.Log.LogUtil.ErrorLog(:0) Enterprise.Framework.Log.LogUtil.ErrorLog(:0) [(null)] - 无效字符 e 
Microsoft.JScript.JScriptException: 无效字符
   在 Microsoft.JScript.DocumentContext.HandleError(JScriptException error)
   在 Microsoft.JScript.Context.HandleError(JSError errorId, String message, Boolean treatAsError)
   在 Microsoft.JScript.Context.HandleError(JSError errorId)
   在 Microsoft.JScript.JSScanner.GetNextToken()
   在 Microsoft.JScript.JSParser.GetNextToken()
   在 Microsoft.JScript.JSParser.ParseLeftHandSideExpression(Boolean isMinus, Boolean& canBeAttribute, Boolean warnForKeyword)
   在 Microsoft.JScript.JSParser.ParseUnaryExpression(Boolean& isLeftHandSideExpr, Boolean& canBeAttribute, Boolean isMinus, Boolean warnForKeyword)
   在 Microsoft.JScript.JSParser.ParseStatement()
   在 Microsoft.JScript.JSParser.ParseStatements(Boolean insideEval)
   在 Microsoft.JScript.Eval.DoEvaluate(Object source, VsaEngine engine, Boolean isUnsafe)
   在 Microsoft.JScript.Eval.JScriptEvaluate(Object source, Object unsafeOption, VsaEngine engine)
   在 Evaluator.Eval(String expr)
2019/06/14 +08:00 14:38:38     [8424] Enterprise.Framework.Log.LogUtil.ErrorLog(:0) Enterprise.Framework.Log.LogUtil.ErrorLog(:0) [(null)] - 
错误开始===========================================
客户机IP:::1
错误地址:http://localhost:19008/Business/Factor/PipeCarSalesVolume.aspx
异常信息:引发类型为“System.Web.HttpUnhandledException”的异常。
错误结束=========================================== e 
System.Web.HttpUnhandledException (0x80004005): 引发类型为“System.Web.HttpUnhandledException”的异常。 ---> System.Reflection.TargetInvocationException: 调用的目标发生了异常。 ---> Microsoft.JScript.JScriptException: 无效字符
   在 Microsoft.JScript.DocumentContext.HandleError(JScriptException error)
   在 Microsoft.JScript.Context.HandleError(JSError errorId, String message, Boolean treatAsError)
   在 Microsoft.JScript.Context.HandleError(JSError errorId)
   在 Microsoft.JScript.JSScanner.GetNextToken()
   在 Microsoft.JScript.JSParser.GetNextToken()
   在 Microsoft.JScript.JSParser.ParseLeftHandSideExpression(Boolean isMinus, Boolean& canBeAttribute, Boolean warnForKeyword)
   在 Microsoft.JScript.JSParser.ParseUnaryExpression(Boolean& isLeftHandSideExpr, Boolean& canBeAttribute, Boolean isMinus, Boolean warnForKeyword)
   在 Microsoft.JScript.JSParser.ParseStatement()
   在 Microsoft.JScript.JSParser.ParseStatements(Boolean insideEval)
   在 Microsoft.JScript.Eval.DoEvaluate(Object source, VsaEngine engine, Boolean isUnsafe)
   在 Microsoft.JScript.Eval.JScriptEvaluate(Object source, Object unsafeOption, VsaEngine engine)
   在 Evaluator.Eval(String expr)
   --- 内部异常堆栈跟踪的结尾 ---
   在 System.RuntimeMethodHandle.InvokeMethod(Object target, Object[] arguments, Signature sig, Boolean constructor)
   在 System.Reflection.RuntimeMethodInfo.UnsafeInvokeInternal(Object obj, Object[] parameters, Object[] arguments)
   在 System.Reflection.RuntimeMethodInfo.Invoke(Object obj, BindingFlags invokeAttr, Binder binder, Object[] parameters, CultureInfo culture)
   在 System.RuntimeType.InvokeMember(String name, BindingFlags bindingFlags, Binder binder, Object target, Object[] providedArgs, ParameterModifier[] modifiers, CultureInfo culture, String[] namedParams)
   在 System.Type.InvokeMember(String name, BindingFlags invokeAttr, Binder binder, Object target, Object[] args)
   在 Enterprise.IIS.Common.FormulaCalculator.Eval(String statement) 位置 E:\ffqserp\trunk\application\Enterprise.IIS\Common\FormulaCalculator.cs:行号 19
   在 Enterprise.IIS.business.Factor.PipeCarSalesVolume.Grid1_RowDataBound(Object sender, GridRowEventArgs e) 位置 E:\ffqserp\trunk\application\Enterprise.IIS\business\Factor\PipeCarSalesVolume.aspx.cs:行号 248
   在 FineUI.Grid.OnRowDataBound(GridRowEventArgs e)
   在 FineUI.Grid.DataBindRow(Int32 rowIndex, Object rowObj)
   在 FineUI.Grid.DataBindToDataTable(DataTable dataTable)
   在 FineUI.Grid.DataBind()
   在 Enterprise.IIS.business.Factor.PipeCarSalesVolume.BindData() 位置 E:\ffqserp\trunk\application\Enterprise.IIS\business\Factor\PipeCarSalesVolume.aspx.cs:行号 127
   在 Enterprise.IIS.business.Factor.PipeCarSalesVolume.btnSearch_Click(Object sender, EventArgs e) 位置 E:\ffqserp\trunk\application\Enterprise.IIS\business\Factor\PipeCarSalesVolume.aspx.cs:行号 133
   在 FineUI.Button.OnClick(EventArgs e)
   在 FineUI.Button.RaisePostBackEvent(String eventArgument)
   在 System.Web.UI.Page.RaisePostBackEvent(IPostBackEventHandler sourceControl, String eventArgument)
   在 System.Web.UI.Page.RaisePostBackEvent(NameValueCollection postData)
   在 System.Web.UI.Page.ProcessRequestMain(Boolean includeStagesBeforeAsyncPoint, Boolean includeStagesAfterAsyncPoint)
   在 System.Web.UI.Page.HandleError(Exception e)
   在 System.Web.UI.Page.ProcessRequestMain(Boolean includeStagesBeforeAsyncPoint, Boolean includeStagesAfterAsyncPoint)
   在 System.Web.UI.Page.ProcessRequest(Boolean includeStagesBeforeAsyncPoint, Boolean includeStagesAfterAsyncPoint)
   在 System.Web.UI.Page.ProcessRequest()
   在 System.Web.UI.Page.ProcessRequestWithNoAssert(HttpContext context)
   在 System.Web.UI.Page.ProcessRequest(HttpContext context)
   在 ASP.business_factor_pipecarsalesvolume_aspx.ProcessRequest(HttpContext context) 位置 c:\Windows\Microsoft.NET\Framework\v4.0.30319\Temporary ASP.NET Files\vs\acc0e68d\f6fd98d3\App_Web_iyuiyqtj.0.cs:行号 0
   在 System.Web.HttpApplication.CallHandlerExecutionStep.System.Web.HttpApplication.IExecutionStep.Execute()
   在 System.Web.HttpApplication.ExecuteStepImpl(IExecutionStep step)
   在 System.Web.HttpApplication.ExecuteStep(IExecutionStep step, Boolean& completedSynchronously)
2019/06/14 +08:00 14:38:38     [8424] Enterprise.Framework.Log.LogUtil.ErrorLog(:0) Enterprise.Framework.Log.LogUtil.ErrorLog(:0) [(null)] - 无效字符 e 
Microsoft.JScript.JScriptException: 无效字符
   在 Microsoft.JScript.DocumentContext.HandleError(JScriptException error)
   在 Microsoft.JScript.Context.HandleError(JSError errorId, String message, Boolean treatAsError)
   在 Microsoft.JScript.Context.HandleError(JSError errorId)
   在 Microsoft.JScript.JSScanner.GetNextToken()
   在 Microsoft.JScript.JSParser.GetNextToken()
   在 Microsoft.JScript.JSParser.ParseLeftHandSideExpression(Boolean isMinus, Boolean& canBeAttribute, Boolean warnForKeyword)
   在 Microsoft.JScript.JSParser.ParseUnaryExpression(Boolean& isLeftHandSideExpr, Boolean& canBeAttribute, Boolean isMinus, Boolean warnForKeyword)
   在 Microsoft.JScript.JSParser.ParseStatement()
   在 Microsoft.JScript.JSParser.ParseStatements(Boolean insideEval)
   在 Microsoft.JScript.Eval.DoEvaluate(Object source, VsaEngine engine, Boolean isUnsafe)
   在 Microsoft.JScript.Eval.JScriptEvaluate(Object source, Object unsafeOption, VsaEngine engine)
   在 Evaluator.Eval(String expr)
2019/06/14 +08:00 14:40:59     [31044] Enterprise.Framework.Log.LogUtil.ErrorLog(:0) Enterprise.Framework.Log.LogUtil.ErrorLog(:0) [(null)] - 
错误开始===========================================
客户机IP:::1
错误地址:http://localhost:19008/Business/Factor/PipeCarSalesVolume.aspx
异常信息:引发类型为“System.Web.HttpUnhandledException”的异常。
错误结束=========================================== e 
System.Web.HttpUnhandledException (0x80004005): 引发类型为“System.Web.HttpUnhandledException”的异常。 ---> System.Reflection.TargetInvocationException: 调用的目标发生了异常。 ---> Microsoft.JScript.JScriptException: 应为“;”
   在 Microsoft.JScript.DocumentContext.HandleError(JScriptException error)
   在 Microsoft.JScript.Context.HandleError(JSError errorId, String message, Boolean treatAsError)
   在 Microsoft.JScript.JSParser.ReportError(JSError errorId, Context context, Boolean skipToken)
   在 Microsoft.JScript.JSParser.ReportError(JSError errorId, Boolean skipToken)
   在 Microsoft.JScript.JSParser.ParseStatement()
   在 Microsoft.JScript.JSParser.ParseStatements(Boolean insideEval)
   在 Microsoft.JScript.Eval.DoEvaluate(Object source, VsaEngine engine, Boolean isUnsafe)
   在 Microsoft.JScript.Eval.JScriptEvaluate(Object source, Object unsafeOption, VsaEngine engine)
   在 Evaluator.Eval(String expr)
   --- 内部异常堆栈跟踪的结尾 ---
   在 System.RuntimeMethodHandle.InvokeMethod(Object target, Object[] arguments, Signature sig, Boolean constructor)
   在 System.Reflection.RuntimeMethodInfo.UnsafeInvokeInternal(Object obj, Object[] parameters, Object[] arguments)
   在 System.Reflection.RuntimeMethodInfo.Invoke(Object obj, BindingFlags invokeAttr, Binder binder, Object[] parameters, CultureInfo culture)
   在 System.RuntimeType.InvokeMember(String name, BindingFlags bindingFlags, Binder binder, Object target, Object[] providedArgs, ParameterModifier[] modifiers, CultureInfo culture, String[] namedParams)
   在 System.Type.InvokeMember(String name, BindingFlags invokeAttr, Binder binder, Object target, Object[] args)
   在 Enterprise.IIS.Common.FormulaCalculator.Eval(String statement) 位置 E:\ffqserp\trunk\application\Enterprise.IIS\Common\FormulaCalculator.cs:行号 19
   在 Enterprise.IIS.business.Factor.PipeCarSalesVolume.Grid1_RowDataBound(Object sender, GridRowEventArgs e) 位置 E:\ffqserp\trunk\application\Enterprise.IIS\business\Factor\PipeCarSalesVolume.aspx.cs:行号 248
   在 FineUI.Grid.OnRowDataBound(GridRowEventArgs e)
   在 FineUI.Grid.DataBindRow(Int32 rowIndex, Object rowObj)
   在 FineUI.Grid.DataBindToDataTable(DataTable dataTable)
   在 FineUI.Grid.DataBind()
   在 Enterprise.IIS.business.Factor.PipeCarSalesVolume.BindData() 位置 E:\ffqserp\trunk\application\Enterprise.IIS\business\Factor\PipeCarSalesVolume.aspx.cs:行号 127
   在 Enterprise.IIS.business.Factor.PipeCarSalesVolume.btnSearch_Click(Object sender, EventArgs e) 位置 E:\ffqserp\trunk\application\Enterprise.IIS\business\Factor\PipeCarSalesVolume.aspx.cs:行号 133
   在 FineUI.Button.OnClick(EventArgs e)
   在 FineUI.Button.RaisePostBackEvent(String eventArgument)
   在 System.Web.UI.Page.RaisePostBackEvent(IPostBackEventHandler sourceControl, String eventArgument)
   在 System.Web.UI.Page.RaisePostBackEvent(NameValueCollection postData)
   在 System.Web.UI.Page.ProcessRequestMain(Boolean includeStagesBeforeAsyncPoint, Boolean includeStagesAfterAsyncPoint)
   在 System.Web.UI.Page.HandleError(Exception e)
   在 System.Web.UI.Page.ProcessRequestMain(Boolean includeStagesBeforeAsyncPoint, Boolean includeStagesAfterAsyncPoint)
   在 System.Web.UI.Page.ProcessRequest(Boolean includeStagesBeforeAsyncPoint, Boolean includeStagesAfterAsyncPoint)
   在 System.Web.UI.Page.ProcessRequest()
   在 System.Web.UI.Page.ProcessRequestWithNoAssert(HttpContext context)
   在 System.Web.UI.Page.ProcessRequest(HttpContext context)
   在 ASP.business_factor_pipecarsalesvolume_aspx.ProcessRequest(HttpContext context) 位置 c:\Windows\Microsoft.NET\Framework\v4.0.30319\Temporary ASP.NET Files\vs\acc0e68d\f6fd98d3\App_Web_iyuiyqtj.0.cs:行号 0
   在 System.Web.HttpApplication.CallHandlerExecutionStep.System.Web.HttpApplication.IExecutionStep.Execute()
   在 System.Web.HttpApplication.ExecuteStepImpl(IExecutionStep step)
   在 System.Web.HttpApplication.ExecuteStep(IExecutionStep step, Boolean& completedSynchronously)
2019/06/14 +08:00 14:40:59     [31044] Enterprise.Framework.Log.LogUtil.ErrorLog(:0) Enterprise.Framework.Log.LogUtil.ErrorLog(:0) [(null)] - 应为“;” e 
Microsoft.JScript.JScriptException: 应为“;”
   在 Microsoft.JScript.DocumentContext.HandleError(JScriptException error)
   在 Microsoft.JScript.Context.HandleError(JSError errorId, String message, Boolean treatAsError)
   在 Microsoft.JScript.JSParser.ReportError(JSError errorId, Context context, Boolean skipToken)
   在 Microsoft.JScript.JSParser.ReportError(JSError errorId, Boolean skipToken)
   在 Microsoft.JScript.JSParser.ParseStatement()
   在 Microsoft.JScript.JSParser.ParseStatements(Boolean insideEval)
   在 Microsoft.JScript.Eval.DoEvaluate(Object source, VsaEngine engine, Boolean isUnsafe)
   在 Microsoft.JScript.Eval.JScriptEvaluate(Object source, Object unsafeOption, VsaEngine engine)
   在 Evaluator.Eval(String expr)
