2019/06/05 +08:00 14:10:59     [9024] Enterprise.Framework.Log.LogUtil.ErrorLog(:0) Enterprise.Framework.Log.LogUtil.ErrorLog(:0) [(null)] - 
错误开始===========================================
客户机IP:::1
错误地址:http://localhost:19008/Common/WinEmployee.aspx
异常信息:引发类型为“System.Web.HttpUnhandledException”的异常。
错误结束=========================================== e 
System.Web.HttpUnhandledException (0x80004005): 引发类型为“System.Web.HttpUnhandledException”的异常。 ---> System.NullReferenceException: 未将对象引用设置到对象的实例。
   在 ASP.common_winemployee_aspx.__DataBindingLabel1(Object sender, EventArgs e) 位置 e:\ffqserp\trunk\application\Enterprise.IIS\Common\WinEmployee.aspx:行号 88
   在 System.Web.UI.Control.OnDataBinding(EventArgs e)
   在 System.Web.UI.Control.DataBind(Boolean raiseOnDataBinding)
   在 System.Web.UI.Control.DataBind()
   在 System.Web.UI.Control.DataBindChildren()
   在 System.Web.UI.Control.DataBind(Boolean raiseOnDataBinding)
   在 System.Web.UI.Control.DataBind()
   在 FineUI.GridRow.DataBindRow()
   在 FineUI.Grid.DataBindRow(Int32 rowIndex, Object rowObj)
   在 FineUI.Grid.DataBindToEnumerable(IEnumerable list)
   在 FineUI.Grid.DataBind()
   在 Enterprise.IIS.Common.WinEmployee.BindDataGrid() 位置 E:\ffqserp\trunk\application\Enterprise.IIS\Common\WinEmployee.aspx.cs:行号 297
   在 Enterprise.IIS.Common.WinEmployee.Page_Load(Object sender, EventArgs e) 位置 E:\ffqserp\trunk\application\Enterprise.IIS\Common\WinEmployee.aspx.cs:行号 118
   在 System.Web.Util.CalliEventHandlerDelegateProxy.Callback(Object sender, EventArgs e)
   在 System.Web.UI.Control.OnLoad(EventArgs e)
   在 System.Web.UI.Control.LoadRecursive()
   在 System.Web.UI.Page.ProcessRequestMain(Boolean includeStagesBeforeAsyncPoint, Boolean includeStagesAfterAsyncPoint)
   在 System.Web.UI.Page.HandleError(Exception e)
   在 System.Web.UI.Page.ProcessRequestMain(Boolean includeStagesBeforeAsyncPoint, Boolean includeStagesAfterAsyncPoint)
   在 System.Web.UI.Page.ProcessRequest(Boolean includeStagesBeforeAsyncPoint, Boolean includeStagesAfterAsyncPoint)
   在 System.Web.UI.Page.ProcessRequest()
   在 System.Web.UI.Page.ProcessRequestWithNoAssert(HttpContext context)
   在 System.Web.UI.Page.ProcessRequest(HttpContext context)
   在 ASP.common_winemployee_aspx.ProcessRequest(HttpContext context) 位置 c:\Windows\Microsoft.NET\Framework\v4.0.30319\Temporary ASP.NET Files\vs\acc0e68d\f6fd98d3\App_Web_mxobbije.4.cs:行号 0
   在 System.Web.HttpApplication.CallHandlerExecutionStep.System.Web.HttpApplication.IExecutionStep.Execute()
   在 System.Web.HttpApplication.ExecuteStepImpl(IExecutionStep step)
   在 System.Web.HttpApplication.ExecuteStep(IExecutionStep step, Boolean& completedSynchronously)
2019/06/05 +08:00 14:11:00     [9024] Enterprise.Framework.Log.LogUtil.ErrorLog(:0) Enterprise.Framework.Log.LogUtil.ErrorLog(:0) [(null)] - 未将对象引用设置到对象的实例。 e 
System.NullReferenceException: 未将对象引用设置到对象的实例。
   在 ASP.common_winemployee_aspx.__DataBindingLabel1(Object sender, EventArgs e) 位置 e:\ffqserp\trunk\application\Enterprise.IIS\Common\WinEmployee.aspx:行号 88
   在 System.Web.UI.Control.OnDataBinding(EventArgs e)
   在 System.Web.UI.Control.DataBind(Boolean raiseOnDataBinding)
   在 System.Web.UI.Control.DataBind()
   在 System.Web.UI.Control.DataBindChildren()
   在 System.Web.UI.Control.DataBind(Boolean raiseOnDataBinding)
   在 System.Web.UI.Control.DataBind()
   在 FineUI.GridRow.DataBindRow()
   在 FineUI.Grid.DataBindRow(Int32 rowIndex, Object rowObj)
   在 FineUI.Grid.DataBindToEnumerable(IEnumerable list)
   在 FineUI.Grid.DataBind()
   在 Enterprise.IIS.Common.WinEmployee.BindDataGrid() 位置 E:\ffqserp\trunk\application\Enterprise.IIS\Common\WinEmployee.aspx.cs:行号 297
   在 Enterprise.IIS.Common.WinEmployee.Page_Load(Object sender, EventArgs e) 位置 E:\ffqserp\trunk\application\Enterprise.IIS\Common\WinEmployee.aspx.cs:行号 118
   在 System.Web.Util.CalliEventHandlerDelegateProxy.Callback(Object sender, EventArgs e)
   在 System.Web.UI.Control.OnLoad(EventArgs e)
   在 System.Web.UI.Control.LoadRecursive()
   在 System.Web.UI.Page.ProcessRequestMain(Boolean includeStagesBeforeAsyncPoint, Boolean includeStagesAfterAsyncPoint)
2019/06/05 +08:00 14:15:01     [25752] Enterprise.Framework.Log.LogUtil.ErrorLog(:0) Enterprise.Framework.Log.LogUtil.ErrorLog(:0) [(null)] - 
错误开始===========================================
客户机IP:::1
错误地址:http://localhost:19008/Common/WinEmployee.aspx
异常信息:引发类型为“System.Web.HttpUnhandledException”的异常。
错误结束=========================================== e 
System.Web.HttpUnhandledException (0x80004005): 引发类型为“System.Web.HttpUnhandledException”的异常。 ---> System.NullReferenceException: 未将对象引用设置到对象的实例。
   在 ASP.common_winemployee_aspx.__DataBindingLabel1(Object sender, EventArgs e) 位置 e:\ffqserp\trunk\application\Enterprise.IIS\Common\WinEmployee.aspx:行号 88
   在 System.Web.UI.Control.OnDataBinding(EventArgs e)
   在 System.Web.UI.Control.DataBind(Boolean raiseOnDataBinding)
   在 System.Web.UI.Control.DataBind()
   在 System.Web.UI.Control.DataBindChildren()
   在 System.Web.UI.Control.DataBind(Boolean raiseOnDataBinding)
   在 System.Web.UI.Control.DataBind()
   在 FineUI.GridRow.DataBindRow()
   在 FineUI.Grid.DataBindRow(Int32 rowIndex, Object rowObj)
   在 FineUI.Grid.DataBindToEnumerable(IEnumerable list)
   在 FineUI.Grid.DataBind()
   在 Enterprise.IIS.Common.WinEmployee.BindDataGrid() 位置 E:\ffqserp\trunk\application\Enterprise.IIS\Common\WinEmployee.aspx.cs:行号 297
   在 Enterprise.IIS.Common.WinEmployee.Page_Load(Object sender, EventArgs e) 位置 E:\ffqserp\trunk\application\Enterprise.IIS\Common\WinEmployee.aspx.cs:行号 118
   在 System.Web.Util.CalliEventHandlerDelegateProxy.Callback(Object sender, EventArgs e)
   在 System.Web.UI.Control.OnLoad(EventArgs e)
   在 System.Web.UI.Control.LoadRecursive()
   在 System.Web.UI.Page.ProcessRequestMain(Boolean includeStagesBeforeAsyncPoint, Boolean includeStagesAfterAsyncPoint)
   在 System.Web.UI.Page.HandleError(Exception e)
   在 System.Web.UI.Page.ProcessRequestMain(Boolean includeStagesBeforeAsyncPoint, Boolean includeStagesAfterAsyncPoint)
   在 System.Web.UI.Page.ProcessRequest(Boolean includeStagesBeforeAsyncPoint, Boolean includeStagesAfterAsyncPoint)
   在 System.Web.UI.Page.ProcessRequest()
   在 System.Web.UI.Page.ProcessRequestWithNoAssert(HttpContext context)
   在 System.Web.UI.Page.ProcessRequest(HttpContext context)
   在 ASP.common_winemployee_aspx.ProcessRequest(HttpContext context) 位置 c:\Windows\Microsoft.NET\Framework\v4.0.30319\Temporary ASP.NET Files\vs\acc0e68d\f6fd98d3\App_Web_mxobbije.4.cs:行号 0
   在 System.Web.HttpApplication.CallHandlerExecutionStep.System.Web.HttpApplication.IExecutionStep.Execute()
   在 System.Web.HttpApplication.ExecuteStepImpl(IExecutionStep step)
   在 System.Web.HttpApplication.ExecuteStep(IExecutionStep step, Boolean& completedSynchronously)
2019/06/05 +08:00 14:15:01     [25752] Enterprise.Framework.Log.LogUtil.ErrorLog(:0) Enterprise.Framework.Log.LogUtil.ErrorLog(:0) [(null)] - 未将对象引用设置到对象的实例。 e 
System.NullReferenceException: 未将对象引用设置到对象的实例。
   在 ASP.common_winemployee_aspx.__DataBindingLabel1(Object sender, EventArgs e) 位置 e:\ffqserp\trunk\application\Enterprise.IIS\Common\WinEmployee.aspx:行号 88
   在 System.Web.UI.Control.OnDataBinding(EventArgs e)
   在 System.Web.UI.Control.DataBind(Boolean raiseOnDataBinding)
   在 System.Web.UI.Control.DataBind()
   在 System.Web.UI.Control.DataBindChildren()
   在 System.Web.UI.Control.DataBind(Boolean raiseOnDataBinding)
   在 System.Web.UI.Control.DataBind()
   在 FineUI.GridRow.DataBindRow()
   在 FineUI.Grid.DataBindRow(Int32 rowIndex, Object rowObj)
   在 FineUI.Grid.DataBindToEnumerable(IEnumerable list)
   在 FineUI.Grid.DataBind()
   在 Enterprise.IIS.Common.WinEmployee.BindDataGrid() 位置 E:\ffqserp\trunk\application\Enterprise.IIS\Common\WinEmployee.aspx.cs:行号 297
   在 Enterprise.IIS.Common.WinEmployee.Page_Load(Object sender, EventArgs e) 位置 E:\ffqserp\trunk\application\Enterprise.IIS\Common\WinEmployee.aspx.cs:行号 118
   在 System.Web.Util.CalliEventHandlerDelegateProxy.Callback(Object sender, EventArgs e)
   在 System.Web.UI.Control.OnLoad(EventArgs e)
   在 System.Web.UI.Control.LoadRecursive()
   在 System.Web.UI.Page.ProcessRequestMain(Boolean includeStagesBeforeAsyncPoint, Boolean includeStagesAfterAsyncPoint)
2019/06/05 +08:00 16:32:08     [8144] Enterprise.Framework.Log.LogUtil.ErrorLog(:0) Enterprise.Framework.Log.LogUtil.ErrorLog(:0) [(null)] - 
错误开始===========================================
客户机IP:::1
错误地址:http://localhost:19008/Common/WinSubject.aspx
异常信息:引发类型为“System.Web.HttpUnhandledException”的异常。
错误结束=========================================== e 
System.Web.HttpUnhandledException (0x80004005): 引发类型为“System.Web.HttpUnhandledException”的异常。 ---> System.FormatException: Base-64 字符数组或字符串的长度无效。
   在 System.Convert.FromBase64_Decode(Char* startInputPtr, Int32 inputLength, Byte* startDestPtr, Int32 destLength)
   在 System.Convert.FromBase64CharPtr(Char* inputPtr, Int32 inputLength)
   在 System.Convert.FromBase64String(String s)
   在 FineUI.ResourceManager.DecodeFrom64(String encodedData)
   在 FineUI.ResourceManager.get_PostBackStates()
   在 FineUI.ControlBase.get_PostBackState()
   在 FineUI.ControlBase.Page_InitComplete(Object sender, EventArgs e)
   在 System.EventHandler.Invoke(Object sender, EventArgs e)
   在 System.Web.UI.Page.OnInitComplete(EventArgs e)
   在 System.Web.UI.Page.ProcessRequestMain(Boolean includeStagesBeforeAsyncPoint, Boolean includeStagesAfterAsyncPoint)
   在 System.Web.UI.Page.HandleError(Exception e)
   在 System.Web.UI.Page.ProcessRequestMain(Boolean includeStagesBeforeAsyncPoint, Boolean includeStagesAfterAsyncPoint)
   在 System.Web.UI.Page.ProcessRequest(Boolean includeStagesBeforeAsyncPoint, Boolean includeStagesAfterAsyncPoint)
   在 System.Web.UI.Page.ProcessRequest()
   在 System.Web.UI.Page.ProcessRequestWithNoAssert(HttpContext context)
   在 System.Web.UI.Page.ProcessRequest(HttpContext context)
   在 ASP.common_winsubject_aspx.ProcessRequest(HttpContext context) 位置 c:\Windows\Microsoft.NET\Framework\v4.0.30319\Temporary ASP.NET Files\vs\acc0e68d\f6fd98d3\App_Web_ace5ikuh.2.cs:行号 0
   在 System.Web.HttpApplication.CallHandlerExecutionStep.System.Web.HttpApplication.IExecutionStep.Execute()
   在 System.Web.HttpApplication.ExecuteStepImpl(IExecutionStep step)
   在 System.Web.HttpApplication.ExecuteStep(IExecutionStep step, Boolean& completedSynchronously)
2019/06/05 +08:00 16:32:10     [8144] Enterprise.Framework.Log.LogUtil.ErrorLog(:0) Enterprise.Framework.Log.LogUtil.ErrorLog(:0) [(null)] - Base-64 字符数组或字符串的长度无效。 e 
System.FormatException: Base-64 字符数组或字符串的长度无效。
   在 System.Convert.FromBase64_Decode(Char* startInputPtr, Int32 inputLength, Byte* startDestPtr, Int32 destLength)
   在 System.Convert.FromBase64CharPtr(Char* inputPtr, Int32 inputLength)
   在 System.Convert.FromBase64String(String s)
   在 FineUI.ResourceManager.DecodeFrom64(String encodedData)
   在 FineUI.ResourceManager.get_PostBackStates()
   在 FineUI.ControlBase.get_PostBackState()
   在 FineUI.ControlBase.Page_InitComplete(Object sender, EventArgs e)
   在 System.EventHandler.Invoke(Object sender, EventArgs e)
   在 System.Web.UI.Page.OnInitComplete(EventArgs e)
   在 System.Web.UI.Page.ProcessRequestMain(Boolean includeStagesBeforeAsyncPoint, Boolean includeStagesAfterAsyncPoint)
