2019/06/06 +08:00 09:37:00     [16056] Enterprise.Framework.Log.LogUtil.ErrorLog(:0) Enterprise.Framework.Log.LogUtil.ErrorLog(:0) [(null)] - 
错误开始===========================================
客户机IP:::1
错误地址:http://localhost:19008/Common/WinSubject.aspx
异常信息:引发类型为“System.Web.HttpUnhandledException”的异常。
错误结束=========================================== e 
System.Web.HttpUnhandledException (0x80004005): 引发类型为“System.Web.HttpUnhandledException”的异常。 ---> System.Reflection.TargetException: 非静态方法需要一个目标。
   在 System.Reflection.RuntimeMethodInfo.CheckConsistency(Object target)
   在 System.Reflection.RuntimeMethodInfo.InvokeArgumentsCheck(Object obj, BindingFlags invokeAttr, Binder binder, Object[] parameters, CultureInfo culture)
   在 System.Reflection.RuntimeMethodInfo.Invoke(Object obj, BindingFlags invokeAttr, Binder binder, Object[] parameters, CultureInfo culture)
   在 System.Reflection.RuntimePropertyInfo.GetValue(Object obj, BindingFlags invokeAttr, Binder binder, Object[] index, CultureInfo culture)
   在 System.Reflection.RuntimePropertyInfo.GetValue(Object obj, Object[] index)
   在 System.Data.Objects.ELinq.QueryParameterExpression.TryGetFieldOrPropertyValue(MemberExpression me, Object instance, Object& memberValue)
   在 System.Data.Objects.ELinq.QueryParameterExpression.TryEvaluatePath(Expression expression, ConstantExpression& constantExpression)
   在 System.Data.Objects.ELinq.QueryParameterExpression.EvaluateParameter(Object[] arguments)
   在 System.Data.Objects.ELinq.ELinqQueryState.GetExecutionPlan(Nullable`1 forMergeOption)
   在 System.Data.Objects.ObjectQuery`1.GetResults(Nullable`1 forMergeOption)
   在 System.Data.Objects.ObjectQuery`1.System.Collections.Generic.IEnumerable<T>.GetEnumerator()
   在 System.Data.Entity.Internal.Linq.InternalQuery`1.GetEnumerator()
   在 System.Data.Entity.Infrastructure.DbQuery`1.System.Collections.Generic.IEnumerable<TResult>.GetEnumerator()
   在 System.Collections.Generic.List`1..ctor(IEnumerable`1 collection)
   在 System.Linq.Enumerable.ToList[TSource](IEnumerable`1 source)
   在 Enterprise.IIS.Common.WinSubject.get_Subjects() 位置 E:\ffqserp\trunk\application\Enterprise.IIS\Common\WinSubject.aspx.cs:行号 37
   在 Enterprise.IIS.Common.WinSubject.LoadData() 位置 E:\ffqserp\trunk\application\Enterprise.IIS\Common\WinSubject.aspx.cs:行号 228
   在 Enterprise.IIS.Common.WinSubject.Page_Load(Object sender, EventArgs e) 位置 E:\ffqserp\trunk\application\Enterprise.IIS\Common\WinSubject.aspx.cs:行号 51
   在 System.Web.Util.CalliEventHandlerDelegateProxy.Callback(Object sender, EventArgs e)
   在 System.Web.UI.Control.OnLoad(EventArgs e)
   在 System.Web.UI.Control.LoadRecursive()
   在 System.Web.UI.Page.ProcessRequestMain(Boolean includeStagesBeforeAsyncPoint, Boolean includeStagesAfterAsyncPoint)
   在 System.Web.UI.Page.HandleError(Exception e)
   在 System.Web.UI.Page.ProcessRequestMain(Boolean includeStagesBeforeAsyncPoint, Boolean includeStagesAfterAsyncPoint)
   在 System.Web.UI.Page.ProcessRequest(Boolean includeStagesBeforeAsyncPoint, Boolean includeStagesAfterAsyncPoint)
   在 System.Web.UI.Page.ProcessRequest()
   在 System.Web.UI.Page.ProcessRequestWithNoAssert(HttpContext context)
   在 System.Web.UI.Page.ProcessRequest(HttpContext context)
   在 ASP.common_winsubject_aspx.ProcessRequest(HttpContext context) 位置 c:\Windows\Microsoft.NET\Framework\v4.0.30319\Temporary ASP.NET Files\vs\acc0e68d\f6fd98d3\App_Web_ace5ikuh.2.cs:行号 0
   在 System.Web.HttpApplication.CallHandlerExecutionStep.System.Web.HttpApplication.IExecutionStep.Execute()
   在 System.Web.HttpApplication.ExecuteStepImpl(IExecutionStep step)
   在 System.Web.HttpApplication.ExecuteStep(IExecutionStep step, Boolean& completedSynchronously)
2019/06/06 +08:00 09:37:00     [16056] Enterprise.Framework.Log.LogUtil.ErrorLog(:0) Enterprise.Framework.Log.LogUtil.ErrorLog(:0) [(null)] - 非静态方法需要一个目标。 e 
System.Reflection.TargetException: 非静态方法需要一个目标。
   在 System.Reflection.RuntimeMethodInfo.CheckConsistency(Object target)
   在 System.Reflection.RuntimeMethodInfo.InvokeArgumentsCheck(Object obj, BindingFlags invokeAttr, Binder binder, Object[] parameters, CultureInfo culture)
   在 System.Reflection.RuntimeMethodInfo.Invoke(Object obj, BindingFlags invokeAttr, Binder binder, Object[] parameters, CultureInfo culture)
   在 System.Reflection.RuntimePropertyInfo.GetValue(Object obj, BindingFlags invokeAttr, Binder binder, Object[] index, CultureInfo culture)
   在 System.Reflection.RuntimePropertyInfo.GetValue(Object obj, Object[] index)
   在 System.Data.Objects.ELinq.QueryParameterExpression.TryGetFieldOrPropertyValue(MemberExpression me, Object instance, Object& memberValue)
   在 System.Data.Objects.ELinq.QueryParameterExpression.TryEvaluatePath(Expression expression, ConstantExpression& constantExpression)
   在 System.Data.Objects.ELinq.QueryParameterExpression.EvaluateParameter(Object[] arguments)
   在 System.Data.Objects.ELinq.ELinqQueryState.GetExecutionPlan(Nullable`1 forMergeOption)
   在 System.Data.Objects.ObjectQuery`1.GetResults(Nullable`1 forMergeOption)
   在 System.Data.Objects.ObjectQuery`1.System.Collections.Generic.IEnumerable<T>.GetEnumerator()
   在 System.Data.Entity.Internal.Linq.InternalQuery`1.GetEnumerator()
   在 System.Data.Entity.Infrastructure.DbQuery`1.System.Collections.Generic.IEnumerable<TResult>.GetEnumerator()
   在 System.Collections.Generic.List`1..ctor(IEnumerable`1 collection)
   在 System.Linq.Enumerable.ToList[TSource](IEnumerable`1 source)
   在 Enterprise.IIS.Common.WinSubject.get_Subjects() 位置 E:\ffqserp\trunk\application\Enterprise.IIS\Common\WinSubject.aspx.cs:行号 37
   在 Enterprise.IIS.Common.WinSubject.LoadData() 位置 E:\ffqserp\trunk\application\Enterprise.IIS\Common\WinSubject.aspx.cs:行号 228
   在 Enterprise.IIS.Common.WinSubject.Page_Load(Object sender, EventArgs e) 位置 E:\ffqserp\trunk\application\Enterprise.IIS\Common\WinSubject.aspx.cs:行号 51
   在 System.Web.Util.CalliEventHandlerDelegateProxy.Callback(Object sender, EventArgs e)
   在 System.Web.UI.Control.OnLoad(EventArgs e)
   在 System.Web.UI.Control.LoadRecursive()
   在 System.Web.UI.Page.ProcessRequestMain(Boolean includeStagesBeforeAsyncPoint, Boolean includeStagesAfterAsyncPoint)
