2019/08/12 +08:00 08:53:27     [35552] Enterprise.Framework.Log.LogUtil.ErrorLog(:0) Enterprise.Framework.Log.LogUtil.ErrorLog(:0) [(null)] - 
错误开始===========================================
客户机IP:::1
错误地址:http://localhost:19008/business/Device/Index.aspx
异常信息:引发类型为“System.Web.HttpUnhandledException”的异常。
错误结束=========================================== e 
System.Web.HttpUnhandledException (0x80004005): 引发类型为“System.Web.HttpUnhandledException”的异常。 ---> System.NullReferenceException: 未将对象引用设置到对象的实例。
   在 Enterprise.IIS.business.Device.Index.BuildPredicate(Object& orderingSelector) 位置 E:\ffqserp\trunk\application\Enterprise.IIS\business\Device\Index.aspx.cs:行号 455
   在 Enterprise.IIS.business.Device.Index.BindDataGrid() 位置 E:\ffqserp\trunk\application\Enterprise.IIS\business\Device\Index.aspx.cs:行号 426
   在 Enterprise.IIS.business.Device.Index.Window1_Close(Object sender, WindowCloseEventArgs e) 位置 E:\ffqserp\trunk\application\Enterprise.IIS\business\Device\Index.aspx.cs:行号 329
   在 FineUI.Window.OnClose(WindowCloseEventArgs e)
   在 FineUI.Window.RaisePostBackEvent(String eventArgument)
   在 System.Web.UI.Page.RaisePostBackEvent(IPostBackEventHandler sourceControl, String eventArgument)
   在 System.Web.UI.Page.RaisePostBackEvent(NameValueCollection postData)
   在 System.Web.UI.Page.ProcessRequestMain(Boolean includeStagesBeforeAsyncPoint, Boolean includeStagesAfterAsyncPoint)
   在 System.Web.UI.Page.HandleError(Exception e)
   在 System.Web.UI.Page.ProcessRequestMain(Boolean includeStagesBeforeAsyncPoint, Boolean includeStagesAfterAsyncPoint)
   在 System.Web.UI.Page.ProcessRequest(Boolean includeStagesBeforeAsyncPoint, Boolean includeStagesAfterAsyncPoint)
   在 System.Web.UI.Page.ProcessRequest()
   在 System.Web.UI.Page.ProcessRequestWithNoAssert(HttpContext context)
   在 System.Web.UI.Page.ProcessRequest(HttpContext context)
   在 ASP.business_device_index_aspx.ProcessRequest(HttpContext context) 位置 c:\Windows\Microsoft.NET\Framework\v4.0.30319\Temporary ASP.NET Files\vs\acc0e68d\f6fd98d3\App_Web_3303io3o.1.cs:行号 0
   在 System.Web.HttpApplication.CallHandlerExecutionStep.System.Web.HttpApplication.IExecutionStep.Execute()
   在 System.Web.HttpApplication.ExecuteStepImpl(IExecutionStep step)
   在 System.Web.HttpApplication.ExecuteStep(IExecutionStep step, Boolean& completedSynchronously)
2019/08/12 +08:00 08:53:27     [35552] Enterprise.Framework.Log.LogUtil.ErrorLog(:0) Enterprise.Framework.Log.LogUtil.ErrorLog(:0) [(null)] - 未将对象引用设置到对象的实例。 e 
System.NullReferenceException: 未将对象引用设置到对象的实例。
   在 Enterprise.IIS.business.Device.Index.BuildPredicate(Object& orderingSelector) 位置 E:\ffqserp\trunk\application\Enterprise.IIS\business\Device\Index.aspx.cs:行号 455
   在 Enterprise.IIS.business.Device.Index.BindDataGrid() 位置 E:\ffqserp\trunk\application\Enterprise.IIS\business\Device\Index.aspx.cs:行号 426
   在 Enterprise.IIS.business.Device.Index.Window1_Close(Object sender, WindowCloseEventArgs e) 位置 E:\ffqserp\trunk\application\Enterprise.IIS\business\Device\Index.aspx.cs:行号 329
   在 FineUI.Window.OnClose(WindowCloseEventArgs e)
   在 FineUI.Window.RaisePostBackEvent(String eventArgument)
   在 System.Web.UI.Page.RaisePostBackEvent(IPostBackEventHandler sourceControl, String eventArgument)
   在 System.Web.UI.Page.RaisePostBackEvent(NameValueCollection postData)
   在 System.Web.UI.Page.ProcessRequestMain(Boolean includeStagesBeforeAsyncPoint, Boolean includeStagesAfterAsyncPoint)
2019/08/12 +08:00 09:50:03     [36068] Enterprise.Framework.Log.LogUtil.ErrorLog(:0) Enterprise.Framework.Log.LogUtil.ErrorLog(:0) [(null)] - 
错误开始===========================================
客户机IP:::1
错误地址:http://localhost:19008/business/Device/Edit.aspx?action=1&FSubCateId=101501&timestamp=a6742f4b12f842bc882743f516a15f9b
异常信息:e:\ffqserp\trunk\application\Enterprise.IIS\business\Device\Edit.aspx(47): error CS1061: “ASP.business_device_edit_aspx”不包含“tbxFCustomer_OnTextChanged”的定义，并且找不到可接受类型为“ASP.business_device_edit_aspx”的第一个参数的扩展方法“tbxFCustomer_OnTextChanged”(是否缺少 using 指令或程序集引用?)
错误结束=========================================== e 
System.Web.HttpCompileException (0x80004005): e:\ffqserp\trunk\application\Enterprise.IIS\business\Device\Edit.aspx(47): error CS1061: “ASP.business_device_edit_aspx”不包含“tbxFCustomer_OnTextChanged”的定义，并且找不到可接受类型为“ASP.business_device_edit_aspx”的第一个参数的扩展方法“tbxFCustomer_OnTextChanged”(是否缺少 using 指令或程序集引用?)
   在 System.Web.Compilation.BuildManager.PostProcessFoundBuildResult(BuildResult result, Boolean keyFromVPP, VirtualPath virtualPath)
   在 System.Web.Compilation.BuildManager.GetBuildResultFromCacheInternal(String cacheKey, Boolean keyFromVPP, VirtualPath virtualPath, Int64 hashCode, Boolean ensureIsUpToDate)
   在 System.Web.Compilation.WebDirectoryBatchCompiler.AddBuildProviders(Boolean retryIfDeletionHappens)
2019/08/12 +08:00 09:50:03     [36068] Enterprise.Framework.Log.LogUtil.ErrorLog(:0) Enterprise.Framework.Log.LogUtil.ErrorLog(:0) [(null)] - e:\ffqserp\trunk\application\Enterprise.IIS\business\Device\Edit.aspx(47): error CS1061: “ASP.business_device_edit_aspx”不包含“tbxFCustomer_OnTextChanged”的定义，并且找不到可接受类型为“ASP.business_device_edit_aspx”的第一个参数的扩展方法“tbxFCustomer_OnTextChanged”(是否缺少 using 指令或程序集引用?) e 
System.Web.HttpCompileException (0x80004005): e:\ffqserp\trunk\application\Enterprise.IIS\business\Device\Edit.aspx(47): error CS1061: “ASP.business_device_edit_aspx”不包含“tbxFCustomer_OnTextChanged”的定义，并且找不到可接受类型为“ASP.business_device_edit_aspx”的第一个参数的扩展方法“tbxFCustomer_OnTextChanged”(是否缺少 using 指令或程序集引用?)
   在 System.Web.Compilation.BuildManager.PostProcessFoundBuildResult(BuildResult result, Boolean keyFromVPP, VirtualPath virtualPath)
   在 System.Web.Compilation.BuildManager.GetBuildResultFromCacheInternal(String cacheKey, Boolean keyFromVPP, VirtualPath virtualPath, Int64 hashCode, Boolean ensureIsUpToDate)
   在 System.Web.Compilation.WebDirectoryBatchCompiler.AddBuildProviders(Boolean retryIfDeletionHappens)
2019/08/12 +08:00 09:55:35     [27448] Enterprise.Framework.Log.LogUtil.ErrorLog(:0) Enterprise.Framework.Log.LogUtil.ErrorLog(:0) [(null)] - 
错误开始===========================================
客户机IP:::1
错误地址:http://localhost:19008/business/Device/Edit.aspx?action=1&FSubCateId=101501&timestamp=b5f0d4d4e88a4cc8982202990092b9ac
异常信息:e:\ffqserp\trunk\application\Enterprise.IIS\business\Device\Edit.aspx(86): error CS1061: “ASP.business_device_edit_aspx”不包含“Window1_Close”的定义，并且找不到可接受类型为“ASP.business_device_edit_aspx”的第一个参数的扩展方法“Window1_Close”(是否缺少 using 指令或程序集引用?)
错误结束=========================================== e 
System.Web.HttpCompileException (0x80004005): e:\ffqserp\trunk\application\Enterprise.IIS\business\Device\Edit.aspx(86): error CS1061: “ASP.business_device_edit_aspx”不包含“Window1_Close”的定义，并且找不到可接受类型为“ASP.business_device_edit_aspx”的第一个参数的扩展方法“Window1_Close”(是否缺少 using 指令或程序集引用?)
   在 System.Web.Compilation.BuildManager.PostProcessFoundBuildResult(BuildResult result, Boolean keyFromVPP, VirtualPath virtualPath)
   在 System.Web.Compilation.BuildManager.GetBuildResultFromCacheInternal(String cacheKey, Boolean keyFromVPP, VirtualPath virtualPath, Int64 hashCode, Boolean ensureIsUpToDate)
   在 System.Web.Compilation.BuildManager.GetVPathBuildResultFromCacheInternal(VirtualPath virtualPath, Boolean ensureIsUpToDate)
   在 System.Web.Compilation.BuildManager.GetVPathBuildResultInternal(VirtualPath virtualPath, Boolean noBuild, Boolean allowCrossApp, Boolean allowBuildInPrecompile, Boolean throwIfNotFound, Boolean ensureIsUpToDate)
   在 System.Web.Compilation.BuildManager.GetVPathBuildResultWithNoAssert(HttpContext context, VirtualPath virtualPath, Boolean noBuild, Boolean allowCrossApp, Boolean allowBuildInPrecompile, Boolean throwIfNotFound, Boolean ensureIsUpToDate)
   在 System.Web.Compilation.BuildManager.GetVirtualPathObjectFactory(VirtualPath virtualPath, HttpContext context, Boolean allowCrossApp, Boolean throwIfNotFound)
   在 System.Web.Compilation.BuildManager.CreateInstanceFromVirtualPath(VirtualPath virtualPath, Type requiredBaseType, HttpContext context, Boolean allowCrossApp)
   在 System.Web.UI.PageHandlerFactory.GetHandlerHelper(HttpContext context, String requestType, VirtualPath virtualPath, String physicalPath)
   在 System.Web.UI.PageHandlerFactory.GetHandler(HttpContext context, String requestType, String virtualPath, String path)
   在 System.Web.HttpApplication.MaterializeHandlerExecutionStep.System.Web.HttpApplication.IExecutionStep.Execute()
   在 System.Web.HttpApplication.ExecuteStepImpl(IExecutionStep step)
   在 System.Web.HttpApplication.ExecuteStep(IExecutionStep step, Boolean& completedSynchronously)
2019/08/12 +08:00 09:55:35     [27448] Enterprise.Framework.Log.LogUtil.ErrorLog(:0) Enterprise.Framework.Log.LogUtil.ErrorLog(:0) [(null)] - e:\ffqserp\trunk\application\Enterprise.IIS\business\Device\Edit.aspx(86): error CS1061: “ASP.business_device_edit_aspx”不包含“Window1_Close”的定义，并且找不到可接受类型为“ASP.business_device_edit_aspx”的第一个参数的扩展方法“Window1_Close”(是否缺少 using 指令或程序集引用?) e 
System.Web.HttpCompileException (0x80004005): e:\ffqserp\trunk\application\Enterprise.IIS\business\Device\Edit.aspx(86): error CS1061: “ASP.business_device_edit_aspx”不包含“Window1_Close”的定义，并且找不到可接受类型为“ASP.business_device_edit_aspx”的第一个参数的扩展方法“Window1_Close”(是否缺少 using 指令或程序集引用?)
   在 System.Web.Compilation.BuildManager.PostProcessFoundBuildResult(BuildResult result, Boolean keyFromVPP, VirtualPath virtualPath)
   在 System.Web.Compilation.BuildManager.GetBuildResultFromCacheInternal(String cacheKey, Boolean keyFromVPP, VirtualPath virtualPath, Int64 hashCode, Boolean ensureIsUpToDate)
   在 System.Web.Compilation.BuildManager.GetVPathBuildResultFromCacheInternal(VirtualPath virtualPath, Boolean ensureIsUpToDate)
   在 System.Web.Compilation.BuildManager.GetVPathBuildResultInternal(VirtualPath virtualPath, Boolean noBuild, Boolean allowCrossApp, Boolean allowBuildInPrecompile, Boolean throwIfNotFound, Boolean ensureIsUpToDate)
   在 System.Web.Compilation.BuildManager.GetVPathBuildResultWithNoAssert(HttpContext context, VirtualPath virtualPath, Boolean noBuild, Boolean allowCrossApp, Boolean allowBuildInPrecompile, Boolean throwIfNotFound, Boolean ensureIsUpToDate)
   在 System.Web.Compilation.BuildManager.GetVirtualPathObjectFactory(VirtualPath virtualPath, HttpContext context, Boolean allowCrossApp, Boolean throwIfNotFound)
   在 System.Web.Compilation.BuildManager.CreateInstanceFromVirtualPath(VirtualPath virtualPath, Type requiredBaseType, HttpContext context, Boolean allowCrossApp)
   在 System.Web.UI.PageHandlerFactory.GetHandlerHelper(HttpContext context, String requestType, VirtualPath virtualPath, String physicalPath)
   在 System.Web.UI.PageHandlerFactory.GetHandler(HttpContext context, String requestType, String virtualPath, String path)
   在 System.Web.HttpApplication.MaterializeHandlerExecutionStep.System.Web.HttpApplication.IExecutionStep.Execute()
   在 System.Web.HttpApplication.ExecuteStepImpl(IExecutionStep step)
   在 System.Web.HttpApplication.ExecuteStep(IExecutionStep step, Boolean& completedSynchronously)
