2019/10/15 +08:00 15:18:06     [12924] Enterprise.Framework.Log.LogUtil.InfoLog(:0) Enterprise.Framework.Log.LogUtil.InfoLog(:0) [(null)] - ，销售单：OC-191016-0001，销售单详细单号：95481---G4721, e 
2019/10/15 +08:00 15:18:27     [12924] Enterprise.Framework.Log.LogUtil.InfoLog(:0) Enterprise.Framework.Log.LogUtil.InfoLog(:0) [(null)] - ，销售单：OC-191016-0001，销售单详细单号：95481---G4721,错误：，销售单：OC-191016-0001，销售单详细单号：95481---G4721,,错误信息：无法连接到远程服务器,错误堆栈：   在 System.Net.HttpWebRequest.GetRequestStream(TransportContext& context)
   在 System.Net.HttpWebRequest.GetRequestStream()
   在 Enterprise.IIS.Common.HttpRequest.httpRequest(tmsModel t, String uri) 位置 h:\ffqserp\trunk\application\Enterprise.IIS\Common\HttpRequest.cs:行号 61 e 
2019/10/15 +08:00 15:19:16     [12924] Enterprise.Framework.Log.LogUtil.ErrorLog(:0) Enterprise.Framework.Log.LogUtil.ErrorLog(:0) [(null)] - 
错误开始===========================================
客户机IP:::1
错误地址:http://localhost:19008/business/SalesPlan/Edit.aspx?action=1
异常信息:引发类型为“System.Web.HttpUnhandledException”的异常。
错误结束=========================================== e 
System.Web.HttpUnhandledException (0x80004005): 引发类型为“System.Web.HttpUnhandledException”的异常。 ---> System.InvalidCastException: 对象不能从 DBNull 转换为其他类型。
   在 System.DBNull.System.IConvertible.ToDecimal(IFormatProvider provider)
   在 System.Convert.ToDecimal(Object value)
   在 Enterprise.IIS.business.SalesPlan.Edit.SubmintAdd() 位置 h:\ffqserp\trunk\application\Enterprise.IIS\business\SalesPlan\Edit.aspx.cs:行号 1075
   在 Enterprise.IIS.business.SalesPlan.Edit.btnSubmit_Click(Object sender, EventArgs e) 位置 h:\ffqserp\trunk\application\Enterprise.IIS\business\SalesPlan\Edit.aspx.cs:行号 429
   在 FineUI.Button.OnClick(EventArgs e)
   在 FineUI.Button.RaisePostBackEvent(String eventArgument)
   在 System.Web.UI.Page.RaisePostBackEvent(IPostBackEventHandler sourceControl, String eventArgument)
   在 System.Web.UI.Page.RaisePostBackEvent(NameValueCollection postData)
   在 System.Web.UI.Page.ProcessRequestMain(Boolean includeStagesBeforeAsyncPoint, Boolean includeStagesAfterAsyncPoint)
   在 System.Web.UI.Page.HandleError(Exception e)
   在 System.Web.UI.Page.ProcessRequestMain(Boolean includeStagesBeforeAsyncPoint, Boolean includeStagesAfterAsyncPoint)
   在 System.Web.UI.Page.ProcessRequest(Boolean includeStagesBeforeAsyncPoint, Boolean includeStagesAfterAsyncPoint)
   在 System.Web.UI.Page.ProcessRequest()
   在 System.Web.UI.Page.ProcessRequestWithNoAssert(HttpContext context)
   在 System.Web.UI.Page.ProcessRequest(HttpContext context)
   在 ASP.business_salesplan_edit_aspx.ProcessRequest(HttpContext context) 位置 c:\Windows\Microsoft.NET\Framework\v4.0.30319\Temporary ASP.NET Files\vs\b3079d60\a8129d37\App_Web_amafxx4t.2.cs:行号 0
   在 System.Web.HttpApplication.CallHandlerExecutionStep.System.Web.HttpApplication.IExecutionStep.Execute()
   在 System.Web.HttpApplication.ExecuteStepImpl(IExecutionStep step)
   在 System.Web.HttpApplication.ExecuteStep(IExecutionStep step, Boolean& completedSynchronously)
2019/10/15 +08:00 15:19:16     [12924] Enterprise.Framework.Log.LogUtil.ErrorLog(:0) Enterprise.Framework.Log.LogUtil.ErrorLog(:0) [(null)] - 对象不能从 DBNull 转换为其他类型。 e 
System.InvalidCastException: 对象不能从 DBNull 转换为其他类型。
   在 System.DBNull.System.IConvertible.ToDecimal(IFormatProvider provider)
   在 System.Convert.ToDecimal(Object value)
   在 Enterprise.IIS.business.SalesPlan.Edit.SubmintAdd() 位置 h:\ffqserp\trunk\application\Enterprise.IIS\business\SalesPlan\Edit.aspx.cs:行号 1075
   在 Enterprise.IIS.business.SalesPlan.Edit.btnSubmit_Click(Object sender, EventArgs e) 位置 h:\ffqserp\trunk\application\Enterprise.IIS\business\SalesPlan\Edit.aspx.cs:行号 429
   在 FineUI.Button.OnClick(EventArgs e)
   在 FineUI.Button.RaisePostBackEvent(String eventArgument)
   在 System.Web.UI.Page.RaisePostBackEvent(IPostBackEventHandler sourceControl, String eventArgument)
   在 System.Web.UI.Page.RaisePostBackEvent(NameValueCollection postData)
   在 System.Web.UI.Page.ProcessRequestMain(Boolean includeStagesBeforeAsyncPoint, Boolean includeStagesAfterAsyncPoint)
2019/10/15 +08:00 15:20:24     [17208] Enterprise.Framework.Log.LogUtil.InfoLog(:0) Enterprise.Framework.Log.LogUtil.InfoLog(:0) [(null)] - ，销售单：OC-191016-0002，销售单详细单号：95482---G4721, e 
2019/10/15 +08:00 15:20:45     [17208] Enterprise.Framework.Log.LogUtil.InfoLog(:0) Enterprise.Framework.Log.LogUtil.InfoLog(:0) [(null)] - ，销售单：OC-191016-0002，销售单详细单号：95482---G4721,错误：，销售单：OC-191016-0002，销售单详细单号：95482---G4721,,错误信息：无法连接到远程服务器,错误堆栈：   在 System.Net.HttpWebRequest.GetRequestStream(TransportContext& context)
   在 System.Net.HttpWebRequest.GetRequestStream()
   在 Enterprise.IIS.Common.HttpRequest.httpRequest(tmsModel t, String uri) 位置 h:\ffqserp\trunk\application\Enterprise.IIS\Common\HttpRequest.cs:行号 61 e 
2019/10/15 +08:00 15:22:27     [17208] Enterprise.Framework.Log.LogUtil.ErrorLog(:0) Enterprise.Framework.Log.LogUtil.ErrorLog(:0) [(null)] - 
错误开始===========================================
客户机IP:::1
错误地址:http://localhost:19008/business/SalesPlan/Edit.aspx?action=1
异常信息:引发类型为“System.Web.HttpUnhandledException”的异常。
错误结束=========================================== e 
System.Web.HttpUnhandledException (0x80004005): 引发类型为“System.Web.HttpUnhandledException”的异常。 ---> System.InvalidCastException: 对象不能从 DBNull 转换为其他类型。
   在 System.DBNull.System.IConvertible.ToDecimal(IFormatProvider provider)
   在 System.Convert.ToDecimal(Object value)
   在 Enterprise.IIS.business.SalesPlan.Edit.SubmintAdd() 位置 h:\ffqserp\trunk\application\Enterprise.IIS\business\SalesPlan\Edit.aspx.cs:行号 1075
   在 Enterprise.IIS.business.SalesPlan.Edit.btnSubmit_Click(Object sender, EventArgs e) 位置 h:\ffqserp\trunk\application\Enterprise.IIS\business\SalesPlan\Edit.aspx.cs:行号 429
   在 FineUI.Button.OnClick(EventArgs e)
   在 FineUI.Button.RaisePostBackEvent(String eventArgument)
   在 System.Web.UI.Page.RaisePostBackEvent(IPostBackEventHandler sourceControl, String eventArgument)
   在 System.Web.UI.Page.RaisePostBackEvent(NameValueCollection postData)
   在 System.Web.UI.Page.ProcessRequestMain(Boolean includeStagesBeforeAsyncPoint, Boolean includeStagesAfterAsyncPoint)
   在 System.Web.UI.Page.HandleError(Exception e)
   在 System.Web.UI.Page.ProcessRequestMain(Boolean includeStagesBeforeAsyncPoint, Boolean includeStagesAfterAsyncPoint)
   在 System.Web.UI.Page.ProcessRequest(Boolean includeStagesBeforeAsyncPoint, Boolean includeStagesAfterAsyncPoint)
   在 System.Web.UI.Page.ProcessRequest()
   在 System.Web.UI.Page.ProcessRequestWithNoAssert(HttpContext context)
   在 System.Web.UI.Page.ProcessRequest(HttpContext context)
   在 ASP.business_salesplan_edit_aspx.ProcessRequest(HttpContext context) 位置 c:\Windows\Microsoft.NET\Framework\v4.0.30319\Temporary ASP.NET Files\vs\b3079d60\a8129d37\App_Web_amafxx4t.2.cs:行号 0
   在 System.Web.HttpApplication.CallHandlerExecutionStep.System.Web.HttpApplication.IExecutionStep.Execute()
   在 System.Web.HttpApplication.ExecuteStepImpl(IExecutionStep step)
   在 System.Web.HttpApplication.ExecuteStep(IExecutionStep step, Boolean& completedSynchronously)
2019/10/15 +08:00 15:22:27     [17208] Enterprise.Framework.Log.LogUtil.ErrorLog(:0) Enterprise.Framework.Log.LogUtil.ErrorLog(:0) [(null)] - 对象不能从 DBNull 转换为其他类型。 e 
System.InvalidCastException: 对象不能从 DBNull 转换为其他类型。
   在 System.DBNull.System.IConvertible.ToDecimal(IFormatProvider provider)
   在 System.Convert.ToDecimal(Object value)
   在 Enterprise.IIS.business.SalesPlan.Edit.SubmintAdd() 位置 h:\ffqserp\trunk\application\Enterprise.IIS\business\SalesPlan\Edit.aspx.cs:行号 1075
   在 Enterprise.IIS.business.SalesPlan.Edit.btnSubmit_Click(Object sender, EventArgs e) 位置 h:\ffqserp\trunk\application\Enterprise.IIS\business\SalesPlan\Edit.aspx.cs:行号 429
   在 FineUI.Button.OnClick(EventArgs e)
   在 FineUI.Button.RaisePostBackEvent(String eventArgument)
   在 System.Web.UI.Page.RaisePostBackEvent(IPostBackEventHandler sourceControl, String eventArgument)
   在 System.Web.UI.Page.RaisePostBackEvent(NameValueCollection postData)
   在 System.Web.UI.Page.ProcessRequestMain(Boolean includeStagesBeforeAsyncPoint, Boolean includeStagesAfterAsyncPoint)
2019/10/15 +08:00 15:22:47     [12924] Enterprise.Framework.Log.LogUtil.ErrorLog(:0) Enterprise.Framework.Log.LogUtil.ErrorLog(:0) [(null)] - 
错误开始===========================================
客户机IP:::1
错误地址:http://localhost:19008/business/SalesPlan/Edit.aspx?action=1
异常信息:引发类型为“System.Web.HttpUnhandledException”的异常。
错误结束=========================================== e 
System.Web.HttpUnhandledException (0x80004005): 引发类型为“System.Web.HttpUnhandledException”的异常。 ---> System.InvalidCastException: 对象不能从 DBNull 转换为其他类型。
   在 System.DBNull.System.IConvertible.ToDecimal(IFormatProvider provider)
   在 System.Convert.ToDecimal(Object value)
   在 Enterprise.IIS.business.SalesPlan.Edit.SubmintAdd() 位置 h:\ffqserp\trunk\application\Enterprise.IIS\business\SalesPlan\Edit.aspx.cs:行号 1075
   在 Enterprise.IIS.business.SalesPlan.Edit.btnSubmit_Click(Object sender, EventArgs e) 位置 h:\ffqserp\trunk\application\Enterprise.IIS\business\SalesPlan\Edit.aspx.cs:行号 429
   在 FineUI.Button.OnClick(EventArgs e)
   在 FineUI.Button.RaisePostBackEvent(String eventArgument)
   在 System.Web.UI.Page.RaisePostBackEvent(IPostBackEventHandler sourceControl, String eventArgument)
   在 System.Web.UI.Page.RaisePostBackEvent(NameValueCollection postData)
   在 System.Web.UI.Page.ProcessRequestMain(Boolean includeStagesBeforeAsyncPoint, Boolean includeStagesAfterAsyncPoint)
   在 System.Web.UI.Page.HandleError(Exception e)
   在 System.Web.UI.Page.ProcessRequestMain(Boolean includeStagesBeforeAsyncPoint, Boolean includeStagesAfterAsyncPoint)
   在 System.Web.UI.Page.ProcessRequest(Boolean includeStagesBeforeAsyncPoint, Boolean includeStagesAfterAsyncPoint)
   在 System.Web.UI.Page.ProcessRequest()
   在 System.Web.UI.Page.ProcessRequestWithNoAssert(HttpContext context)
   在 System.Web.UI.Page.ProcessRequest(HttpContext context)
   在 ASP.business_salesplan_edit_aspx.ProcessRequest(HttpContext context) 位置 c:\Windows\Microsoft.NET\Framework\v4.0.30319\Temporary ASP.NET Files\vs\b3079d60\a8129d37\App_Web_amafxx4t.2.cs:行号 0
   在 System.Web.HttpApplication.CallHandlerExecutionStep.System.Web.HttpApplication.IExecutionStep.Execute()
   在 System.Web.HttpApplication.ExecuteStepImpl(IExecutionStep step)
   在 System.Web.HttpApplication.ExecuteStep(IExecutionStep step, Boolean& completedSynchronously)
2019/10/15 +08:00 15:22:47     [12924] Enterprise.Framework.Log.LogUtil.ErrorLog(:0) Enterprise.Framework.Log.LogUtil.ErrorLog(:0) [(null)] - 对象不能从 DBNull 转换为其他类型。 e 
System.InvalidCastException: 对象不能从 DBNull 转换为其他类型。
   在 System.DBNull.System.IConvertible.ToDecimal(IFormatProvider provider)
   在 System.Convert.ToDecimal(Object value)
   在 Enterprise.IIS.business.SalesPlan.Edit.SubmintAdd() 位置 h:\ffqserp\trunk\application\Enterprise.IIS\business\SalesPlan\Edit.aspx.cs:行号 1075
   在 Enterprise.IIS.business.SalesPlan.Edit.btnSubmit_Click(Object sender, EventArgs e) 位置 h:\ffqserp\trunk\application\Enterprise.IIS\business\SalesPlan\Edit.aspx.cs:行号 429
   在 FineUI.Button.OnClick(EventArgs e)
   在 FineUI.Button.RaisePostBackEvent(String eventArgument)
   在 System.Web.UI.Page.RaisePostBackEvent(IPostBackEventHandler sourceControl, String eventArgument)
   在 System.Web.UI.Page.RaisePostBackEvent(NameValueCollection postData)
   在 System.Web.UI.Page.ProcessRequestMain(Boolean includeStagesBeforeAsyncPoint, Boolean includeStagesAfterAsyncPoint)
2019/10/15 +08:00 15:23:19     [14656] Enterprise.Framework.Log.LogUtil.InfoLog(:0) Enterprise.Framework.Log.LogUtil.InfoLog(:0) [(null)] - ，销售单：OC-191016-0003，销售单详细单号：95483---G4721, e 
2019/10/15 +08:00 15:23:40     [14656] Enterprise.Framework.Log.LogUtil.InfoLog(:0) Enterprise.Framework.Log.LogUtil.InfoLog(:0) [(null)] - ，销售单：OC-191016-0003，销售单详细单号：95483---G4721,错误：，销售单：OC-191016-0003，销售单详细单号：95483---G4721,,错误信息：无法连接到远程服务器,错误堆栈：   在 System.Net.HttpWebRequest.GetRequestStream(TransportContext& context)
   在 System.Net.HttpWebRequest.GetRequestStream()
   在 Enterprise.IIS.Common.HttpRequest.httpRequest(tmsModel t, String uri) 位置 h:\ffqserp\trunk\application\Enterprise.IIS\Common\HttpRequest.cs:行号 61 e 
2019/10/15 +08:00 15:24:15     [14656] Enterprise.Framework.Log.LogUtil.ErrorLog(:0) Enterprise.Framework.Log.LogUtil.ErrorLog(:0) [(null)] - 
错误开始===========================================
客户机IP:::1
错误地址:http://localhost:19008/business/SalesPlan/Edit.aspx?action=1
异常信息:引发类型为“System.Web.HttpUnhandledException”的异常。
错误结束=========================================== e 
System.Web.HttpUnhandledException (0x80004005): 引发类型为“System.Web.HttpUnhandledException”的异常。 ---> System.InvalidCastException: 对象不能从 DBNull 转换为其他类型。
   在 System.DBNull.System.IConvertible.ToDecimal(IFormatProvider provider)
   在 System.Convert.ToDecimal(Object value)
   在 Enterprise.IIS.business.SalesPlan.Edit.SubmintAdd() 位置 h:\ffqserp\trunk\application\Enterprise.IIS\business\SalesPlan\Edit.aspx.cs:行号 1075
   在 Enterprise.IIS.business.SalesPlan.Edit.btnSubmit_Click(Object sender, EventArgs e) 位置 h:\ffqserp\trunk\application\Enterprise.IIS\business\SalesPlan\Edit.aspx.cs:行号 429
   在 FineUI.Button.OnClick(EventArgs e)
   在 FineUI.Button.RaisePostBackEvent(String eventArgument)
   在 System.Web.UI.Page.RaisePostBackEvent(IPostBackEventHandler sourceControl, String eventArgument)
   在 System.Web.UI.Page.RaisePostBackEvent(NameValueCollection postData)
   在 System.Web.UI.Page.ProcessRequestMain(Boolean includeStagesBeforeAsyncPoint, Boolean includeStagesAfterAsyncPoint)
   在 System.Web.UI.Page.HandleError(Exception e)
   在 System.Web.UI.Page.ProcessRequestMain(Boolean includeStagesBeforeAsyncPoint, Boolean includeStagesAfterAsyncPoint)
   在 System.Web.UI.Page.ProcessRequest(Boolean includeStagesBeforeAsyncPoint, Boolean includeStagesAfterAsyncPoint)
   在 System.Web.UI.Page.ProcessRequest()
   在 System.Web.UI.Page.ProcessRequestWithNoAssert(HttpContext context)
   在 System.Web.UI.Page.ProcessRequest(HttpContext context)
   在 ASP.business_salesplan_edit_aspx.ProcessRequest(HttpContext context) 位置 c:\Windows\Microsoft.NET\Framework\v4.0.30319\Temporary ASP.NET Files\vs\b3079d60\a8129d37\App_Web_amafxx4t.2.cs:行号 0
   在 System.Web.HttpApplication.CallHandlerExecutionStep.System.Web.HttpApplication.IExecutionStep.Execute()
   在 System.Web.HttpApplication.ExecuteStepImpl(IExecutionStep step)
   在 System.Web.HttpApplication.ExecuteStep(IExecutionStep step, Boolean& completedSynchronously)
2019/10/15 +08:00 15:24:15     [14656] Enterprise.Framework.Log.LogUtil.ErrorLog(:0) Enterprise.Framework.Log.LogUtil.ErrorLog(:0) [(null)] - 对象不能从 DBNull 转换为其他类型。 e 
System.InvalidCastException: 对象不能从 DBNull 转换为其他类型。
   在 System.DBNull.System.IConvertible.ToDecimal(IFormatProvider provider)
   在 System.Convert.ToDecimal(Object value)
   在 Enterprise.IIS.business.SalesPlan.Edit.SubmintAdd() 位置 h:\ffqserp\trunk\application\Enterprise.IIS\business\SalesPlan\Edit.aspx.cs:行号 1075
   在 Enterprise.IIS.business.SalesPlan.Edit.btnSubmit_Click(Object sender, EventArgs e) 位置 h:\ffqserp\trunk\application\Enterprise.IIS\business\SalesPlan\Edit.aspx.cs:行号 429
   在 FineUI.Button.OnClick(EventArgs e)
   在 FineUI.Button.RaisePostBackEvent(String eventArgument)
   在 System.Web.UI.Page.RaisePostBackEvent(IPostBackEventHandler sourceControl, String eventArgument)
   在 System.Web.UI.Page.RaisePostBackEvent(NameValueCollection postData)
   在 System.Web.UI.Page.ProcessRequestMain(Boolean includeStagesBeforeAsyncPoint, Boolean includeStagesAfterAsyncPoint)
2019/10/15 +08:00 15:28:16     [11864] Enterprise.Framework.Log.LogUtil.InfoLog(:0) Enterprise.Framework.Log.LogUtil.InfoLog(:0) [(null)] - ，销售单：OC-191016-0004，销售单详细单号：95484---G4721, e 
2019/10/15 +08:00 15:28:37     [11864] Enterprise.Framework.Log.LogUtil.InfoLog(:0) Enterprise.Framework.Log.LogUtil.InfoLog(:0) [(null)] - ，销售单：OC-191016-0004，销售单详细单号：95484---G4721,错误：，销售单：OC-191016-0004，销售单详细单号：95484---G4721,,错误信息：无法连接到远程服务器,错误堆栈：   在 System.Net.HttpWebRequest.GetRequestStream(TransportContext& context)
   在 System.Net.HttpWebRequest.GetRequestStream()
   在 Enterprise.IIS.Common.HttpRequest.httpRequest(tmsModel t, String uri) 位置 h:\ffqserp\trunk\application\Enterprise.IIS\Common\HttpRequest.cs:行号 61 e 
2019/10/15 +08:00 15:29:02     [11864] Enterprise.Framework.Log.LogUtil.ErrorLog(:0) Enterprise.Framework.Log.LogUtil.ErrorLog(:0) [(null)] - 
错误开始===========================================
客户机IP:::1
错误地址:http://localhost:19008/business/SalesPlan/Edit.aspx?action=1
异常信息:引发类型为“System.Web.HttpUnhandledException”的异常。
错误结束=========================================== e 
System.Web.HttpUnhandledException (0x80004005): 引发类型为“System.Web.HttpUnhandledException”的异常。 ---> System.InvalidCastException: 对象不能从 DBNull 转换为其他类型。
   在 System.DBNull.System.IConvertible.ToDecimal(IFormatProvider provider)
   在 System.Convert.ToDecimal(Object value)
   在 Enterprise.IIS.business.SalesPlan.Edit.SubmintAdd() 位置 h:\ffqserp\trunk\application\Enterprise.IIS\business\SalesPlan\Edit.aspx.cs:行号 1075
   在 Enterprise.IIS.business.SalesPlan.Edit.btnSubmit_Click(Object sender, EventArgs e) 位置 h:\ffqserp\trunk\application\Enterprise.IIS\business\SalesPlan\Edit.aspx.cs:行号 429
   在 FineUI.Button.OnClick(EventArgs e)
   在 FineUI.Button.RaisePostBackEvent(String eventArgument)
   在 System.Web.UI.Page.RaisePostBackEvent(IPostBackEventHandler sourceControl, String eventArgument)
   在 System.Web.UI.Page.RaisePostBackEvent(NameValueCollection postData)
   在 System.Web.UI.Page.ProcessRequestMain(Boolean includeStagesBeforeAsyncPoint, Boolean includeStagesAfterAsyncPoint)
   在 System.Web.UI.Page.HandleError(Exception e)
   在 System.Web.UI.Page.ProcessRequestMain(Boolean includeStagesBeforeAsyncPoint, Boolean includeStagesAfterAsyncPoint)
   在 System.Web.UI.Page.ProcessRequest(Boolean includeStagesBeforeAsyncPoint, Boolean includeStagesAfterAsyncPoint)
   在 System.Web.UI.Page.ProcessRequest()
   在 System.Web.UI.Page.ProcessRequestWithNoAssert(HttpContext context)
   在 System.Web.UI.Page.ProcessRequest(HttpContext context)
   在 ASP.business_salesplan_edit_aspx.ProcessRequest(HttpContext context) 位置 c:\Windows\Microsoft.NET\Framework\v4.0.30319\Temporary ASP.NET Files\vs\b3079d60\a8129d37\App_Web_amafxx4t.2.cs:行号 0
   在 System.Web.HttpApplication.CallHandlerExecutionStep.System.Web.HttpApplication.IExecutionStep.Execute()
   在 System.Web.HttpApplication.ExecuteStepImpl(IExecutionStep step)
   在 System.Web.HttpApplication.ExecuteStep(IExecutionStep step, Boolean& completedSynchronously)
2019/10/15 +08:00 15:29:02     [11864] Enterprise.Framework.Log.LogUtil.ErrorLog(:0) Enterprise.Framework.Log.LogUtil.ErrorLog(:0) [(null)] - 对象不能从 DBNull 转换为其他类型。 e 
System.InvalidCastException: 对象不能从 DBNull 转换为其他类型。
   在 System.DBNull.System.IConvertible.ToDecimal(IFormatProvider provider)
   在 System.Convert.ToDecimal(Object value)
   在 Enterprise.IIS.business.SalesPlan.Edit.SubmintAdd() 位置 h:\ffqserp\trunk\application\Enterprise.IIS\business\SalesPlan\Edit.aspx.cs:行号 1075
   在 Enterprise.IIS.business.SalesPlan.Edit.btnSubmit_Click(Object sender, EventArgs e) 位置 h:\ffqserp\trunk\application\Enterprise.IIS\business\SalesPlan\Edit.aspx.cs:行号 429
   在 FineUI.Button.OnClick(EventArgs e)
   在 FineUI.Button.RaisePostBackEvent(String eventArgument)
   在 System.Web.UI.Page.RaisePostBackEvent(IPostBackEventHandler sourceControl, String eventArgument)
   在 System.Web.UI.Page.RaisePostBackEvent(NameValueCollection postData)
   在 System.Web.UI.Page.ProcessRequestMain(Boolean includeStagesBeforeAsyncPoint, Boolean includeStagesAfterAsyncPoint)
2019/10/15 +08:00 15:30:22     [15956] Enterprise.Framework.Log.LogUtil.InfoLog(:0) Enterprise.Framework.Log.LogUtil.InfoLog(:0) [(null)] - ，销售单：OC-191016-0005，销售单详细单号：95485---G4721, e 
2019/10/15 +08:00 15:30:43     [15956] Enterprise.Framework.Log.LogUtil.InfoLog(:0) Enterprise.Framework.Log.LogUtil.InfoLog(:0) [(null)] - ，销售单：OC-191016-0005，销售单详细单号：95485---G4721,错误：，销售单：OC-191016-0005，销售单详细单号：95485---G4721,,错误信息：无法连接到远程服务器,错误堆栈：   在 System.Net.HttpWebRequest.GetRequestStream(TransportContext& context)
   在 System.Net.HttpWebRequest.GetRequestStream()
   在 Enterprise.IIS.Common.HttpRequest.httpRequest(tmsModel t, String uri) 位置 h:\ffqserp\trunk\application\Enterprise.IIS\Common\HttpRequest.cs:行号 61 e 
2019/10/15 +08:00 15:34:31     [15956] Enterprise.Framework.Log.LogUtil.ErrorLog(:0) Enterprise.Framework.Log.LogUtil.ErrorLog(:0) [(null)] - 
错误开始===========================================
客户机IP:127.0.0.1
错误地址:http://localhost:19008/business/SalesPlan/Edit.aspx?action=1
异常信息:引发类型为“System.Web.HttpUnhandledException”的异常。
错误结束=========================================== e 
System.Web.HttpUnhandledException (0x80004005): 引发类型为“System.Web.HttpUnhandledException”的异常。 ---> System.InvalidCastException: 对象不能从 DBNull 转换为其他类型。
   在 System.DBNull.System.IConvertible.ToDecimal(IFormatProvider provider)
   在 System.Convert.ToDecimal(Object value)
   在 Enterprise.IIS.business.SalesPlan.Edit.SubmintAdd() 位置 h:\ffqserp\trunk\application\Enterprise.IIS\business\SalesPlan\Edit.aspx.cs:行号 1075
   在 Enterprise.IIS.business.SalesPlan.Edit.btnSubmit_Click(Object sender, EventArgs e) 位置 h:\ffqserp\trunk\application\Enterprise.IIS\business\SalesPlan\Edit.aspx.cs:行号 429
   在 FineUI.Button.OnClick(EventArgs e)
   在 FineUI.Button.RaisePostBackEvent(String eventArgument)
   在 System.Web.UI.Page.RaisePostBackEvent(IPostBackEventHandler sourceControl, String eventArgument)
   在 System.Web.UI.Page.RaisePostBackEvent(NameValueCollection postData)
   在 System.Web.UI.Page.ProcessRequestMain(Boolean includeStagesBeforeAsyncPoint, Boolean includeStagesAfterAsyncPoint)
   在 System.Web.UI.Page.HandleError(Exception e)
   在 System.Web.UI.Page.ProcessRequestMain(Boolean includeStagesBeforeAsyncPoint, Boolean includeStagesAfterAsyncPoint)
   在 System.Web.UI.Page.ProcessRequest(Boolean includeStagesBeforeAsyncPoint, Boolean includeStagesAfterAsyncPoint)
   在 System.Web.UI.Page.ProcessRequest()
   在 System.Web.UI.Page.ProcessRequestWithNoAssert(HttpContext context)
   在 System.Web.UI.Page.ProcessRequest(HttpContext context)
   在 ASP.business_salesplan_edit_aspx.ProcessRequest(HttpContext context) 位置 c:\Windows\Microsoft.NET\Framework\v4.0.30319\Temporary ASP.NET Files\vs\b3079d60\a8129d37\App_Web_amafxx4t.2.cs:行号 0
   在 System.Web.HttpApplication.CallHandlerExecutionStep.System.Web.HttpApplication.IExecutionStep.Execute()
   在 System.Web.HttpApplication.ExecuteStepImpl(IExecutionStep step)
   在 System.Web.HttpApplication.ExecuteStep(IExecutionStep step, Boolean& completedSynchronously)
2019/10/15 +08:00 15:34:31     [15956] Enterprise.Framework.Log.LogUtil.ErrorLog(:0) Enterprise.Framework.Log.LogUtil.ErrorLog(:0) [(null)] - 对象不能从 DBNull 转换为其他类型。 e 
System.InvalidCastException: 对象不能从 DBNull 转换为其他类型。
   在 System.DBNull.System.IConvertible.ToDecimal(IFormatProvider provider)
   在 System.Convert.ToDecimal(Object value)
   在 Enterprise.IIS.business.SalesPlan.Edit.SubmintAdd() 位置 h:\ffqserp\trunk\application\Enterprise.IIS\business\SalesPlan\Edit.aspx.cs:行号 1075
   在 Enterprise.IIS.business.SalesPlan.Edit.btnSubmit_Click(Object sender, EventArgs e) 位置 h:\ffqserp\trunk\application\Enterprise.IIS\business\SalesPlan\Edit.aspx.cs:行号 429
   在 FineUI.Button.OnClick(EventArgs e)
   在 FineUI.Button.RaisePostBackEvent(String eventArgument)
   在 System.Web.UI.Page.RaisePostBackEvent(IPostBackEventHandler sourceControl, String eventArgument)
   在 System.Web.UI.Page.RaisePostBackEvent(NameValueCollection postData)
   在 System.Web.UI.Page.ProcessRequestMain(Boolean includeStagesBeforeAsyncPoint, Boolean includeStagesAfterAsyncPoint)
2019/10/15 +08:00 15:42:58     [10340] Enterprise.Framework.Log.LogUtil.InfoLog(:0) Enterprise.Framework.Log.LogUtil.InfoLog(:0) [(null)] - ，销售单：OC-191016-0006，销售单详细单号：95486---G4721, e 
2019/10/15 +08:00 15:43:19     [10340] Enterprise.Framework.Log.LogUtil.InfoLog(:0) Enterprise.Framework.Log.LogUtil.InfoLog(:0) [(null)] - ，销售单：OC-191016-0006，销售单详细单号：95486---G4721,错误：，销售单：OC-191016-0006，销售单详细单号：95486---G4721,,错误信息：无法连接到远程服务器,错误堆栈：   在 System.Net.HttpWebRequest.GetRequestStream(TransportContext& context)
   在 System.Net.HttpWebRequest.GetRequestStream()
   在 Enterprise.IIS.Common.HttpRequest.httpRequest(tmsModel t, String uri) 位置 h:\ffqserp\trunk\application\Enterprise.IIS\Common\HttpRequest.cs:行号 61 e 
2019/10/15 +08:00 15:43:20     [10340] Enterprise.Framework.Log.LogUtil.InfoLog(:0) Enterprise.Framework.Log.LogUtil.InfoLog(:0) [(null)] - ，销售单：OC-191016-0007，销售单详细单号：95487---G4721, e 
2019/10/15 +08:00 15:43:41     [10340] Enterprise.Framework.Log.LogUtil.InfoLog(:0) Enterprise.Framework.Log.LogUtil.InfoLog(:0) [(null)] - ，销售单：OC-191016-0007，销售单详细单号：95487---G4721,错误：，销售单：OC-191016-0007，销售单详细单号：95487---G4721,,错误信息：无法连接到远程服务器,错误堆栈：   在 System.Net.HttpWebRequest.GetRequestStream(TransportContext& context)
   在 System.Net.HttpWebRequest.GetRequestStream()
   在 Enterprise.IIS.Common.HttpRequest.httpRequest(tmsModel t, String uri) 位置 h:\ffqserp\trunk\application\Enterprise.IIS\Common\HttpRequest.cs:行号 61 e 
2019/10/15 +08:00 15:47:24     [8280] Enterprise.Framework.Log.LogUtil.InfoLog(:0) Enterprise.Framework.Log.LogUtil.InfoLog(:0) [(null)] - ，销售单：OC-191016-0008，销售单详细单号：95489---G4721, e 
2019/10/15 +08:00 15:47:45     [8280] Enterprise.Framework.Log.LogUtil.InfoLog(:0) Enterprise.Framework.Log.LogUtil.InfoLog(:0) [(null)] - ，销售单：OC-191016-0008，销售单详细单号：95489---G4721,错误：，销售单：OC-191016-0008，销售单详细单号：95489---G4721,,错误信息：无法连接到远程服务器,错误堆栈：   在 System.Net.HttpWebRequest.GetRequestStream(TransportContext& context)
   在 System.Net.HttpWebRequest.GetRequestStream()
   在 Enterprise.IIS.Common.HttpRequest.httpRequest(tmsModel t, String uri) 位置 h:\ffqserp\trunk\application\Enterprise.IIS\Common\HttpRequest.cs:行号 61 e 
2019/10/15 +08:00 15:47:46     [8280] Enterprise.Framework.Log.LogUtil.InfoLog(:0) Enterprise.Framework.Log.LogUtil.InfoLog(:0) [(null)] - ，销售单：OC-191016-0009，销售单详细单号：95490---G4721, e 
2019/10/15 +08:00 15:48:07     [8280] Enterprise.Framework.Log.LogUtil.InfoLog(:0) Enterprise.Framework.Log.LogUtil.InfoLog(:0) [(null)] - ，销售单：OC-191016-0009，销售单详细单号：95490---G4721,错误：，销售单：OC-191016-0009，销售单详细单号：95490---G4721,,错误信息：无法连接到远程服务器,错误堆栈：   在 System.Net.HttpWebRequest.GetRequestStream(TransportContext& context)
   在 System.Net.HttpWebRequest.GetRequestStream()
   在 Enterprise.IIS.Common.HttpRequest.httpRequest(tmsModel t, String uri) 位置 h:\ffqserp\trunk\application\Enterprise.IIS\Common\HttpRequest.cs:行号 61 e 
2019/10/15 +08:00 15:48:08     [8280] Enterprise.Framework.Log.LogUtil.InfoLog(:0) Enterprise.Framework.Log.LogUtil.InfoLog(:0) [(null)] - ，销售单：OC-191016-0010，销售单详细单号：95491---G4721, e 
2019/10/15 +08:00 15:48:29     [8280] Enterprise.Framework.Log.LogUtil.InfoLog(:0) Enterprise.Framework.Log.LogUtil.InfoLog(:0) [(null)] - ，销售单：OC-191016-0010，销售单详细单号：95491---G4721,错误：，销售单：OC-191016-0010，销售单详细单号：95491---G4721,,错误信息：无法连接到远程服务器,错误堆栈：   在 System.Net.HttpWebRequest.GetRequestStream(TransportContext& context)
   在 System.Net.HttpWebRequest.GetRequestStream()
   在 Enterprise.IIS.Common.HttpRequest.httpRequest(tmsModel t, String uri) 位置 h:\ffqserp\trunk\application\Enterprise.IIS\Common\HttpRequest.cs:行号 61 e 
2019/10/15 +08:00 15:48:29     [8280] Enterprise.Framework.Log.LogUtil.InfoLog(:0) Enterprise.Framework.Log.LogUtil.InfoLog(:0) [(null)] - ，销售单：OC-191016-0011，销售单详细单号：95492---G4721, e 
2019/10/15 +08:00 15:48:50     [8280] Enterprise.Framework.Log.LogUtil.InfoLog(:0) Enterprise.Framework.Log.LogUtil.InfoLog(:0) [(null)] - ，销售单：OC-191016-0011，销售单详细单号：95492---G4721,错误：，销售单：OC-191016-0011，销售单详细单号：95492---G4721,,错误信息：无法连接到远程服务器,错误堆栈：   在 System.Net.HttpWebRequest.GetRequestStream(TransportContext& context)
   在 System.Net.HttpWebRequest.GetRequestStream()
   在 Enterprise.IIS.Common.HttpRequest.httpRequest(tmsModel t, String uri) 位置 h:\ffqserp\trunk\application\Enterprise.IIS\Common\HttpRequest.cs:行号 61 e 
2019/10/15 +08:00 15:48:51     [8280] Enterprise.Framework.Log.LogUtil.InfoLog(:0) Enterprise.Framework.Log.LogUtil.InfoLog(:0) [(null)] - ，销售单：OC-191016-0012，销售单详细单号：95493---G4721, e 
2019/10/15 +08:00 15:49:12     [8280] Enterprise.Framework.Log.LogUtil.InfoLog(:0) Enterprise.Framework.Log.LogUtil.InfoLog(:0) [(null)] - ，销售单：OC-191016-0012，销售单详细单号：95493---G4721,错误：，销售单：OC-191016-0012，销售单详细单号：95493---G4721,,错误信息：无法连接到远程服务器,错误堆栈：   在 System.Net.HttpWebRequest.GetRequestStream(TransportContext& context)
   在 System.Net.HttpWebRequest.GetRequestStream()
   在 Enterprise.IIS.Common.HttpRequest.httpRequest(tmsModel t, String uri) 位置 h:\ffqserp\trunk\application\Enterprise.IIS\Common\HttpRequest.cs:行号 61 e 
2019/10/15 +08:00 16:19:18     [13796] Enterprise.Framework.Log.LogUtil.InfoLog(:0) Enterprise.Framework.Log.LogUtil.InfoLog(:0) [(null)] - ，销售单：OC-191016-0013，销售单详细单号：95494---G4721, e 
2019/10/15 +08:00 16:19:40     [13796] Enterprise.Framework.Log.LogUtil.InfoLog(:0) Enterprise.Framework.Log.LogUtil.InfoLog(:0) [(null)] - ，销售单：OC-191016-0013，销售单详细单号：95494---G4721,错误：，销售单：OC-191016-0013，销售单详细单号：95494---G4721,,错误信息：无法连接到远程服务器,错误堆栈：   在 System.Net.HttpWebRequest.GetRequestStream(TransportContext& context)
   在 System.Net.HttpWebRequest.GetRequestStream()
   在 Enterprise.IIS.Common.HttpRequest.httpRequest(tmsModel t, String uri) 位置 h:\ffqserp\trunk\application\Enterprise.IIS\Common\HttpRequest.cs:行号 61 e 
