2020/07/20 +08:00 09:15:35     [11072] Enterprise.Framework.Log.LogUtil.ErrorLog(:0) Enterprise.Framework.Log.LogUtil.ErrorLog(:0) [(null)] - 
错误开始===========================================
客户机IP:::1
错误地址:http://localhost:19008/business/Reports/StockIn.aspx
异常信息:引发类型为“System.Web.HttpUnhandledException”的异常。
错误结束=========================================== e 
System.Web.HttpUnhandledException (0x80004005): 引发类型为“System.Web.HttpUnhandledException”的异常。 ---> System.IO.FileNotFoundException: 未能找到文件“~/upload/temp/2020-07-20/62e0a9cf-6e0a-41af-b832-f5f9b74a556f.xls”。
文件名:“~/upload/temp/2020-07-20/62e0a9cf-6e0a-41af-b832-f5f9b74a556f.xls”
   在 System.IO.__Error.WinIOError(Int32 errorCode, String maybeFullPath)
   在 System.IO.FileInfo.get_Length()
   在 Enterprise.IIS.business.Reports.StockIn.btnExports_Click(Object sender, EventArgs e) 位置 h:\ffqserp\trunk\application\Enterprise.IIS\business\Reports\StockIn.aspx.cs:行号 195
   在 FineUI.Button.OnClick(EventArgs e)
   在 FineUI.Button.RaisePostBackEvent(String eventArgument)
   在 System.Web.UI.Page.RaisePostBackEvent(IPostBackEventHandler sourceControl, String eventArgument)
   在 System.Web.UI.Page.RaisePostBackEvent(NameValueCollection postData)
   在 System.Web.UI.Page.ProcessRequestMain(Boolean includeStagesBeforeAsyncPoint, Boolean includeStagesAfterAsyncPoint)
   在 System.Web.UI.Page.HandleError(Exception e)
   在 System.Web.UI.Page.ProcessRequestMain(Boolean includeStagesBeforeAsyncPoint, Boolean includeStagesAfterAsyncPoint)
   在 System.Web.UI.Page.ProcessRequest(Boolean includeStagesBeforeAsyncPoint, Boolean includeStagesAfterAsyncPoint)
   在 System.Web.UI.Page.ProcessRequest()
   在 System.Web.UI.Page.ProcessRequestWithNoAssert(HttpContext context)
   在 System.Web.UI.Page.ProcessRequest(HttpContext context)
   在 ASP.business_reports_stockin_aspx.ProcessRequest(HttpContext context) 位置 c:\Windows\Microsoft.NET\Framework\v4.0.30319\Temporary ASP.NET Files\vs\b3079d60\a8129d37\App_Web_stockin.aspx.3e9c9a95.jovjgozm.0.cs:行号 0
   在 System.Web.HttpApplication.CallHandlerExecutionStep.System.Web.HttpApplication.IExecutionStep.Execute()
   在 System.Web.HttpApplication.ExecuteStepImpl(IExecutionStep step)
   在 System.Web.HttpApplication.ExecuteStep(IExecutionStep step, Boolean& completedSynchronously)
2020/07/20 +08:00 09:15:35     [11072] Enterprise.Framework.Log.LogUtil.ErrorLog(:0) Enterprise.Framework.Log.LogUtil.ErrorLog(:0) [(null)] - 未能找到文件“~/upload/temp/2020-07-20/62e0a9cf-6e0a-41af-b832-f5f9b74a556f.xls”。 e 
System.IO.FileNotFoundException: 未能找到文件“~/upload/temp/2020-07-20/62e0a9cf-6e0a-41af-b832-f5f9b74a556f.xls”。
文件名:“~/upload/temp/2020-07-20/62e0a9cf-6e0a-41af-b832-f5f9b74a556f.xls”
   在 System.IO.__Error.WinIOError(Int32 errorCode, String maybeFullPath)
   在 System.IO.FileInfo.get_Length()
   在 Enterprise.IIS.business.Reports.StockIn.btnExports_Click(Object sender, EventArgs e) 位置 h:\ffqserp\trunk\application\Enterprise.IIS\business\Reports\StockIn.aspx.cs:行号 195
   在 FineUI.Button.OnClick(EventArgs e)
   在 FineUI.Button.RaisePostBackEvent(String eventArgument)
   在 System.Web.UI.Page.RaisePostBackEvent(IPostBackEventHandler sourceControl, String eventArgument)
   在 System.Web.UI.Page.RaisePostBackEvent(NameValueCollection postData)
   在 System.Web.UI.Page.ProcessRequestMain(Boolean includeStagesBeforeAsyncPoint, Boolean includeStagesAfterAsyncPoint)
