2019/06/26 +08:00 15:32:44     [9220] Enterprise.Framework.Log.LogUtil.ErrorLog(:0) Enterprise.Framework.Log.LogUtil.ErrorLog(:0) [(null)] - 
错误开始===========================================
客户机IP:::1
错误地址:http://localhost:19008/Business/WeChat/WeChatVerify.aspx
异常信息:引发类型为“System.Web.HttpUnhandledException”的异常。
错误结束=========================================== e 
System.Web.HttpUnhandledException (0x80004005): 引发类型为“System.Web.HttpUnhandledException”的异常。 ---> System.Net.ProtocolViolationException: 无法发送具有此谓词类型的内容正文。
   在 System.Net.HttpWebRequest.CheckProtocol(Boolean onRequestStream)
   在 System.Net.HttpWebRequest.GetRequestStream(TransportContext& context)
   在 System.Net.HttpWebRequest.GetRequestStream()
   在 Enterprise.IIS.Common.WeChatService.WeChatRequest(String Url, String body, String method) 位置 E:\ffqserp\trunk\application\Enterprise.IIS\Common\WeChatService.cs:行号 31
   在 Enterprise.IIS.Common.WeChatService.Acces_token() 位置 E:\ffqserp\trunk\application\Enterprise.IIS\Common\WeChatService.cs:行号 60
   在 Enterprise.IIS.business.WeChat.WeChatVerify.get_Access_token() 位置 E:\ffqserp\trunk\application\Enterprise.IIS\business\WeChat\WeChatVerify.aspx.cs:行号 34
   在 Enterprise.IIS.business.WeChat.WeChatVerify.LoadChildNodes(TreeNode node, Int32 level) 位置 E:\ffqserp\trunk\application\Enterprise.IIS\business\WeChat\WeChatVerify.aspx.cs:行号 83
   在 Enterprise.IIS.business.WeChat.WeChatVerify.LoadTreeSource() 位置 E:\ffqserp\trunk\application\Enterprise.IIS\business\WeChat\WeChatVerify.aspx.cs:行号 69
   在 Enterprise.IIS.business.WeChat.WeChatVerify.Page_Load(Object sender, EventArgs e) 位置 E:\ffqserp\trunk\application\Enterprise.IIS\business\WeChat\WeChatVerify.aspx.cs:行号 42
   在 System.Web.Util.CalliEventHandlerDelegateProxy.Callback(Object sender, EventArgs e)
   在 System.Web.UI.Control.OnLoad(EventArgs e)
   在 System.Web.UI.Control.LoadRecursive()
   在 System.Web.UI.Page.ProcessRequestMain(Boolean includeStagesBeforeAsyncPoint, Boolean includeStagesAfterAsyncPoint)
   在 System.Web.UI.Page.HandleError(Exception e)
   在 System.Web.UI.Page.ProcessRequestMain(Boolean includeStagesBeforeAsyncPoint, Boolean includeStagesAfterAsyncPoint)
   在 System.Web.UI.Page.ProcessRequest(Boolean includeStagesBeforeAsyncPoint, Boolean includeStagesAfterAsyncPoint)
   在 System.Web.UI.Page.ProcessRequest()
   在 System.Web.UI.Page.ProcessRequestWithNoAssert(HttpContext context)
   在 System.Web.UI.Page.ProcessRequest(HttpContext context)
   在 ASP.business_wechat_wechatverify_aspx.ProcessRequest(HttpContext context) 位置 c:\Windows\Microsoft.NET\Framework\v4.0.30319\Temporary ASP.NET Files\vs\acc0e68d\f6fd98d3\App_Web_uzp30igu.0.cs:行号 0
   在 System.Web.HttpApplication.CallHandlerExecutionStep.System.Web.HttpApplication.IExecutionStep.Execute()
   在 System.Web.HttpApplication.ExecuteStepImpl(IExecutionStep step)
   在 System.Web.HttpApplication.ExecuteStep(IExecutionStep step, Boolean& completedSynchronously)
2019/06/26 +08:00 15:32:46     [9220] Enterprise.Framework.Log.LogUtil.ErrorLog(:0) Enterprise.Framework.Log.LogUtil.ErrorLog(:0) [(null)] - 无法发送具有此谓词类型的内容正文。 e 
System.Net.ProtocolViolationException: 无法发送具有此谓词类型的内容正文。
   在 System.Net.HttpWebRequest.CheckProtocol(Boolean onRequestStream)
   在 System.Net.HttpWebRequest.GetRequestStream(TransportContext& context)
   在 System.Net.HttpWebRequest.GetRequestStream()
   在 Enterprise.IIS.Common.WeChatService.WeChatRequest(String Url, String body, String method) 位置 E:\ffqserp\trunk\application\Enterprise.IIS\Common\WeChatService.cs:行号 31
   在 Enterprise.IIS.Common.WeChatService.Acces_token() 位置 E:\ffqserp\trunk\application\Enterprise.IIS\Common\WeChatService.cs:行号 60
   在 Enterprise.IIS.business.WeChat.WeChatVerify.get_Access_token() 位置 E:\ffqserp\trunk\application\Enterprise.IIS\business\WeChat\WeChatVerify.aspx.cs:行号 34
   在 Enterprise.IIS.business.WeChat.WeChatVerify.LoadChildNodes(TreeNode node, Int32 level) 位置 E:\ffqserp\trunk\application\Enterprise.IIS\business\WeChat\WeChatVerify.aspx.cs:行号 83
   在 Enterprise.IIS.business.WeChat.WeChatVerify.LoadTreeSource() 位置 E:\ffqserp\trunk\application\Enterprise.IIS\business\WeChat\WeChatVerify.aspx.cs:行号 69
   在 Enterprise.IIS.business.WeChat.WeChatVerify.Page_Load(Object sender, EventArgs e) 位置 E:\ffqserp\trunk\application\Enterprise.IIS\business\WeChat\WeChatVerify.aspx.cs:行号 42
   在 System.Web.Util.CalliEventHandlerDelegateProxy.Callback(Object sender, EventArgs e)
   在 System.Web.UI.Control.OnLoad(EventArgs e)
   在 System.Web.UI.Control.LoadRecursive()
   在 System.Web.UI.Page.ProcessRequestMain(Boolean includeStagesBeforeAsyncPoint, Boolean includeStagesAfterAsyncPoint)
